#
# There is insufficient memory for the Java Runtime Environment to continue.
# Native memory allocation (malloc) failed to allocate 132120576 bytes for committing reserved memory.
# Possible reasons:
#   The system is out of physical RAM or swap space
#   In 32 bit mode, the process size limit was hit
# Possible solutions:
#   Reduce memory load on the system
#   Increase physical memory or swap space
#   Check if swap backing store is full
#   Use 64 bit Java on a 64 bit OS
#   Decrease Java heap size (-Xmx/-Xms)
#   Decrease number of Java threads
#   Decrease Java thread stack sizes (-Xss)
#   Set larger code cache with -XX:ReservedCodeCacheSize=
# This output file may be truncated or incomplete.
#
#  Out of Memory Error (os_linux.cpp:2809), pid=21516, tid=140040141035264
#
# JRE version: OpenJDK Runtime Environment (7.0_79-b14) (build 1.7.0_79-b14)
# Java VM: OpenJDK 64-Bit Server VM (24.79-b02 mixed mode linux-amd64 compressed oops)
# Derivative: IcedTea 2.5.6
# Distribution: Ubuntu 14.04 LTS, package 7u79-2.5.6-0ubuntu1.14.04.1
# Failed to write core dump. Core dumps have been disabled. To enable core dumping, try "ulimit -c unlimited" before starting Java again
#

---------------  T H R E A D  ---------------

Current thread (0x00007f5dc407e000):  VMThread [stack: 0x00007f5da2cc5000,0x00007f5da2dc6000] [id=21531]

Stack: [0x00007f5da2cc5000,0x00007f5da2dc6000],  sp=0x00007f5da2dc4490,  free space=1021k
Native frames: (J=compiled Java code, j=interpreted, Vv=VM code, C=native code)
V  [libjvm.so+0x94afd5]  VMError::report_and_die()+0x175
V  [libjvm.so+0x48b9f4]  report_vm_out_of_memory(char const*, int, unsigned long, char const*)+0x74
V  [libjvm.so+0x7c809b]  os::pd_commit_memory(char*, unsigned long, unsigned long, bool)+0xeb
V  [libjvm.so+0x7c2b3f]  os::commit_memory(char*, unsigned long, unsigned long, bool)+0x1f
V  [libjvm.so+0x83503b]  PSVirtualSpace::expand_by(unsigned long)+0x5b
V  [libjvm.so+0x835e90]  PSYoungGen::resize_generation(unsigned long, unsigned long)+0xb0
V  [libjvm.so+0x83657b]  PSYoungGen::resize(unsigned long, unsigned long)+0x1b
V  [libjvm.so+0x832860]  PSScavenge::invoke_no_policy()+0xde0
V  [libjvm.so+0x833038]  PSScavenge::invoke()+0x38
V  [libjvm.so+0x7e9723]  ParallelScavengeHeap::failed_mem_allocate(unsigned long)+0x63
V  [libjvm.so+0x94c9d4]  VM_ParallelGCFailedAllocation::doit()+0x84
V  [libjvm.so+0x950ed7]  VM_Operation::evaluate()+0x47
V  [libjvm.so+0x94f848]  VMThread::evaluate_operation(VM_Operation*)+0x318
V  [libjvm.so+0x94fca9]  VMThread::loop()+0x219
V  [libjvm.so+0x9500f2]  VMThread::run()+0x72
V  [libjvm.so+0x7c4f62]  java_start(Thread*)+0xf2

VM_Operation (0x00007f5d6fad1210): ParallelGCFailedAllocation, mode: safepoint, requested by thread 0x00007f5d6400a800


---------------  P R O C E S S  ---------------

Java Threads: ( => current thread )
  0x00007f5d50002800 JavaThread "Thread-5" [_thread_blocked, id=21551, stack(0x00007f5d6ec32000,0x00007f5d6ed33000)]
  0x00007f5d600cd000 JavaThread "asteroids.udp.ClientThread" [_thread_blocked, id=21550, stack(0x00007f5d6ed33000,0x00007f5d6ee34000)]
  0x00007f5d600e0000 JavaThread "Thread-4" [_thread_blocked, id=21549, stack(0x00007f5d6ee34000,0x00007f5d6ef35000)]
  0x00007f5d600bd800 JavaThread "Thread-3" [_thread_blocked, id=21548, stack(0x00007f5d6f395000,0x00007f5d6f496000)]
  0x00007f5d6000c000 JavaThread "asteroids.udp.ServerThread" [_thread_in_native, id=21547, stack(0x00007f5d6f8d3000,0x00007f5d6f9d4000)]
  0x00007f5dc400a000 JavaThread "DestroyJavaVM" [_thread_blocked, id=21522, stack(0x00007f5dcc45f000,0x00007f5dcc560000)]
  0x00007f5d6400a800 JavaThread "AWT-EventQueue-0" [_thread_blocked, id=21543, stack(0x00007f5d6f9d4000,0x00007f5d6fad5000)]
  0x00007f5d64003800 JavaThread "AWT-Shutdown" [_thread_blocked, id=21542, stack(0x00007f5d6fad5000,0x00007f5d6fbd6000)]
  0x00007f5dc4294800 JavaThread "TimerQueue" daemon [_thread_blocked, id=21541, stack(0x00007f5d94091000,0x00007f5d94192000)]
  0x00007f5dc41f8000 JavaThread "AWT-XAWT" daemon [_thread_blocked, id=21540, stack(0x00007f5d943e7000,0x00007f5d944e8000)]
  0x00007f5dc41d3000 JavaThread "Java2D Disposer" daemon [_thread_blocked, id=21539, stack(0x00007f5d948f8000,0x00007f5d949f9000)]
  0x00007f5dc40b8000 JavaThread "Service Thread" daemon [_thread_blocked, id=21537, stack(0x00007f5da23f5000,0x00007f5da24f6000)]
  0x00007f5dc40b6000 JavaThread "C2 CompilerThread1" daemon [_thread_blocked, id=21536, stack(0x00007f5da24f6000,0x00007f5da25f7000)]
  0x00007f5dc40b3000 JavaThread "C2 CompilerThread0" daemon [_thread_blocked, id=21535, stack(0x00007f5da25f7000,0x00007f5da26f8000)]
  0x00007f5dc40b1000 JavaThread "Signal Dispatcher" daemon [_thread_blocked, id=21534, stack(0x00007f5da26f8000,0x00007f5da27f9000)]
  0x00007f5dc4084800 JavaThread "Finalizer" daemon [_thread_blocked, id=21533, stack(0x00007f5da2ac3000,0x00007f5da2bc4000)]
  0x00007f5dc4082800 JavaThread "Reference Handler" daemon [_thread_blocked, id=21532, stack(0x00007f5da2bc4000,0x00007f5da2cc5000)]

Other Threads:
=>0x00007f5dc407e000 VMThread [stack: 0x00007f5da2cc5000,0x00007f5da2dc6000] [id=21531]
  0x00007f5dc40c3000 WatcherThread [stack: 0x00007f5da22f4000,0x00007f5da23f5000] [id=21538]

VM state:at safepoint (normal execution)

VM Mutex/Monitor currently owned by a thread:  ([mutex/lock_event])
[0x00007f5dc4006480] Threads_lock - owner thread: 0x00007f5dc407e000
[0x00007f5dc4006980] Heap_lock - owner thread: 0x00007f5d6400a800

Heap
 PSYoungGen      total 145920K, used 671K [0x00000007d6a80000, 0x00000007e0980000, 0x0000000800000000)
  eden space 129024K, 0% used [0x00000007d6a80000,0x00000007d6a80000,0x00000007de880000)
  from space 16896K, 3% used [0x00000007de880000,0x00000007de927fc8,0x00000007df900000)
  to   space 15360K, 0% used [0x00000007dfa80000,0x00000007dfa80000,0x00000007e0980000)
 ParOldGen       total 84480K, used 32410K [0x0000000784000000, 0x0000000789280000, 0x00000007d6a80000)
  object space 84480K, 38% used [0x0000000784000000,0x0000000785fa6b40,0x0000000789280000)
 PSPermGen       total 21504K, used 19228K [0x0000000779a00000, 0x000000077af00000, 0x0000000784000000)
  object space 21504K, 89% used [0x0000000779a00000,0x000000077acc70b0,0x000000077af00000)

Card table byte_map: [0x00007f5dc8c7b000,0x00007f5dc90af000] byte_map_base: 0x00007f5dc50ae000

Polling page: 0x00007f5dcc58c000

Code Cache  [0x00007f5dc1000000, 0x00007f5dc1270000, 0x00007f5dc4000000)
 total_blobs=665 nmethods=113 adapters=505 free_code_cache=48341Kb largest_free_block=49463808

Compilation events (10 events):
Event: 13,373 Thread 0x00007f5dc40b6000  110             sun.misc.FloatingDecimal::countBits (80 bytes)
Event: 13,374 Thread 0x00007f5dc40b6000 nmethod 110 0x00007f5dc10c4cd0 code [0x00007f5dc10c4e00, 0x00007f5dc10c4ef8]
Event: 13,387 Thread 0x00007f5dc40b3000  111             java.lang.StrictMath::floorOrCeil (128 bytes)
Event: 13,387 Thread 0x00007f5dc40b6000  112             java.lang.Math::getExponent (5 bytes)
Event: 13,387 Thread 0x00007f5dc40b6000 nmethod 112 0x00007f5dc10c4ad0 code [0x00007f5dc10c4c00, 0x00007f5dc10c4c58]
Event: 13,387 Thread 0x00007f5dc40b6000  113             sun.misc.FpUtils::getExponent (17 bytes)
Event: 13,387 Thread 0x00007f5dc40b6000 nmethod 113 0x00007f5dc10c48d0 code [0x00007f5dc10c4a00, 0x00007f5dc10c4a58]
Event: 13,387 Thread 0x00007f5dc40b3000 nmethod 111 0x00007f5dc10c29d0 code [0x00007f5dc10c2b20, 0x00007f5dc10c2bd8]
Event: 13,424 Thread 0x00007f5dc40b6000  115             java.lang.AbstractStringBuilder::append (29 bytes)
Event: 13,427 Thread 0x00007f5dc40b6000 nmethod 115 0x00007f5dc1081250 code [0x00007f5dc10813a0, 0x00007f5dc10816d8]

GC Heap History (10 events):
Event: 12,308 GC heap after
Heap after GC invocations=2 (full 0):
 PSYoungGen      total 37376K, used 4155K [0x00000007d6a80000, 0x00000007db380000, 0x0000000800000000)
  eden space 32256K, 0% used [0x00000007d6a80000,0x00000007d6a80000,0x00000007d8a00000)
  from space 5120K, 81% used [0x00000007d8f00000,0x00000007d930ed28,0x00000007d9400000)
  to   space 5120K, 0% used [0x00000007d8a00000,0x00000007d8a00000,0x00000007d8f00000)
 ParOldGen       total 84480K, used 13262K [0x0000000784000000, 0x0000000789280000, 0x00000007d6a80000)
  object space 84480K, 15% used [0x0000000784000000,0x0000000784cf3bd8,0x0000000789280000)
 PSPermGen       total 21504K, used 18751K [0x0000000779a00000, 0x000000077af00000, 0x0000000784000000)
  object space 21504K, 87% used [0x0000000779a00000,0x000000077ac4fc40,0x000000077af00000)
}
Event: 12,395 GC heap before
{Heap before GC invocations=3 (full 0):
 PSYoungGen      total 37376K, used 36411K [0x00000007d6a80000, 0x00000007db380000, 0x0000000800000000)
  eden space 32256K, 100% used [0x00000007d6a80000,0x00000007d8a00000,0x00000007d8a00000)
  from space 5120K, 81% used [0x00000007d8f00000,0x00000007d930ed28,0x00000007d9400000)
  to   space 5120K, 0% used [0x00000007d8a00000,0x00000007d8a00000,0x00000007d8f00000)
 ParOldGen       total 84480K, used 13264K [0x0000000784000000, 0x0000000789280000, 0x00000007d6a80000)
  object space 84480K, 15% used [0x0000000784000000,0x0000000784cf4038,0x0000000789280000)
 PSPermGen       total 21504K, used 19040K [0x0000000779a00000, 0x000000077af00000, 0x0000000784000000)
  object space 21504K, 88% used [0x0000000779a00000,0x000000077ac98050,0x000000077af00000)
Event: 12,400 GC heap after
Heap after GC invocations=3 (full 0):
 PSYoungGen      total 37376K, used 4727K [0x00000007d6a80000, 0x00000007db380000, 0x0000000800000000)
  eden space 32256K, 0% used [0x00000007d6a80000,0x00000007d6a80000,0x00000007d8a00000)
  from space 5120K, 92% used [0x00000007d8a00000,0x00000007d8e9dfa8,0x00000007d8f00000)
  to   space 5120K, 0% used [0x00000007dae80000,0x00000007dae80000,0x00000007db380000)
 ParOldGen       total 84480K, used 13272K [0x0000000784000000, 0x0000000789280000, 0x00000007d6a80000)
  object space 84480K, 15% used [0x0000000784000000,0x0000000784cf6038,0x0000000789280000)
 PSPermGen       total 21504K, used 19040K [0x0000000779a00000, 0x000000077af00000, 0x0000000784000000)
  object space 21504K, 88% used [0x0000000779a00000,0x000000077ac98050,0x000000077af00000)
}
Event: 12,515 GC heap before
{Heap before GC invocations=4 (full 0):
 PSYoungGen      total 37376K, used 36983K [0x00000007d6a80000, 0x00000007db380000, 0x0000000800000000)
  eden space 32256K, 100% used [0x00000007d6a80000,0x00000007d8a00000,0x00000007d8a00000)
  from space 5120K, 92% used [0x00000007d8a00000,0x00000007d8e9dfa8,0x00000007d8f00000)
  to   space 5120K, 0% used [0x00000007dae80000,0x00000007dae80000,0x00000007db380000)
 ParOldGen       total 84480K, used 13272K [0x0000000784000000, 0x0000000789280000, 0x00000007d6a80000)
  object space 84480K, 15% used [0x0000000784000000,0x0000000784cf6038,0x0000000789280000)
 PSPermGen       total 21504K, used 19046K [0x0000000779a00000, 0x000000077af00000, 0x0000000784000000)
  object space 21504K, 88% used [0x0000000779a00000,0x000000077ac99868,0x000000077af00000)
Event: 12,520 GC heap after
Heap after GC invocations=4 (full 0):
 PSYoungGen      total 69632K, used 4647K [0x00000007d6a80000, 0x00000007db380000, 0x0000000800000000)
  eden space 64512K, 0% used [0x00000007d6a80000,0x00000007d6a80000,0x00000007da980000)
  from space 5120K, 90% used [0x00000007dae80000,0x00000007db309c50,0x00000007db380000)
  to   space 5120K, 0% used [0x00000007da980000,0x00000007da980000,0x00000007dae80000)
 ParOldGen       total 84480K, used 13280K [0x0000000784000000, 0x0000000789280000, 0x00000007d6a80000)
  object space 84480K, 15% used [0x0000000784000000,0x0000000784cf8038,0x0000000789280000)
 PSPermGen       total 21504K, used 19046K [0x0000000779a00000, 0x000000077af00000, 0x0000000784000000)
  object space 21504K, 88% used [0x0000000779a00000,0x000000077ac99868,0x000000077af00000)
}
Event: 12,856 GC heap before
{Heap before GC invocations=5 (full 0):
 PSYoungGen      total 69632K, used 69159K [0x00000007d6a80000, 0x00000007db380000, 0x0000000800000000)
  eden space 64512K, 100% used [0x00000007d6a80000,0x00000007da980000,0x00000007da980000)
  from space 5120K, 90% used [0x00000007dae80000,0x00000007db309c50,0x00000007db380000)
  to   space 5120K, 0% used [0x00000007da980000,0x00000007da980000,0x00000007dae80000)
 ParOldGen       total 84480K, used 13280K [0x0000000784000000, 0x0000000789280000, 0x00000007d6a80000)
  object space 84480K, 15% used [0x0000000784000000,0x0000000784cf8038,0x0000000789280000)
 PSPermGen       total 21504K, used 19055K [0x0000000779a00000, 0x000000077af00000, 0x0000000784000000)
  object space 21504K, 88% used [0x0000000779a00000,0x000000077ac9bd68,0x000000077af00000)
Event: 12,870 GC heap after
Heap after GC invocations=5 (full 0):
 PSYoungGen      total 69632K, used 3396K [0x00000007d6a80000, 0x00000007e0c80000, 0x0000000800000000)
  eden space 64512K, 0% used [0x00000007d6a80000,0x00000007d6a80000,0x00000007da980000)
  from space 5120K, 66% used [0x00000007da980000,0x00000007dacd1170,0x00000007dae80000)
  to   space 18432K, 0% used [0x00000007dfa80000,0x00000007dfa80000,0x00000007e0c80000)
 ParOldGen       total 84480K, used 13280K [0x0000000784000000, 0x0000000789280000, 0x00000007d6a80000)
  object space 84480K, 15% used [0x0000000784000000,0x0000000784cf8038,0x0000000789280000)
 PSPermGen       total 21504K, used 19055K [0x0000000779a00000, 0x000000077af00000, 0x0000000784000000)
  object space 21504K, 88% used [0x0000000779a00000,0x000000077ac9bd68,0x000000077af00000)
}
Event: 13,043 GC heap before
{Heap before GC invocations=6 (full 0):
 PSYoungGen      total 69632K, used 67908K [0x00000007d6a80000, 0x00000007e0c80000, 0x0000000800000000)
  eden space 64512K, 100% used [0x00000007d6a80000,0x00000007da980000,0x00000007da980000)
  from space 5120K, 66% used [0x00000007da980000,0x00000007dacd1170,0x00000007dae80000)
  to   space 18432K, 0% used [0x00000007dfa80000,0x00000007dfa80000,0x00000007e0c80000)
 ParOldGen       total 84480K, used 13280K [0x0000000784000000, 0x0000000789280000, 0x00000007d6a80000)
  object space 84480K, 15% used [0x0000000784000000,0x0000000784cf8038,0x0000000789280000)
 PSPermGen       total 21504K, used 19101K [0x0000000779a00000, 0x000000077af00000, 0x0000000784000000)
  object space 21504K, 88% used [0x0000000779a00000,0x000000077aca76e8,0x000000077af00000)
Event: 13,085 GC heap after
Heap after GC invocations=6 (full 0):
 PSYoungGen      total 144384K, used 5173K [0x00000007d6a80000, 0x00000007e0980000, 0x0000000800000000)
  eden space 129024K, 0% used [0x00000007d6a80000,0x00000007d6a80000,0x00000007de880000)
  from space 15360K, 33% used [0x00000007dfa80000,0x00000007dff8d778,0x00000007e0980000)
  to   space 16896K, 0% used [0x00000007de880000,0x00000007de880000,0x00000007df900000)
 ParOldGen       total 84480K, used 13280K [0x0000000784000000, 0x0000000789280000, 0x00000007d6a80000)
  object space 84480K, 15% used [0x0000000784000000,0x0000000784cf8038,0x0000000789280000)
 PSPermGen       total 21504K, used 19101K [0x0000000779a00000, 0x000000077af00000, 0x0000000784000000)
  object space 21504K, 88% used [0x0000000779a00000,0x000000077aca76e8,0x000000077af00000)
}
Event: 13,479 GC heap before
{Heap before GC invocations=7 (full 0):
 PSYoungGen      total 144384K, used 134197K [0x00000007d6a80000, 0x00000007e0980000, 0x0000000800000000)
  eden space 129024K, 100% used [0x00000007d6a80000,0x00000007de880000,0x00000007de880000)
  from space 15360K, 33% used [0x00000007dfa80000,0x00000007dff8d778,0x00000007e0980000)
  to   space 16896K, 0% used [0x00000007de880000,0x00000007de880000,0x00000007df900000)
 ParOldGen       total 84480K, used 13280K [0x0000000784000000, 0x0000000789280000, 0x00000007d6a80000)
  object space 84480K, 15% used [0x0000000784000000,0x0000000784cf8038,0x0000000789280000)
 PSPermGen       total 21504K, used 19228K [0x0000000779a00000, 0x000000077af00000, 0x0000000784000000)
  object space 21504K, 89% used [0x0000000779a00000,0x000000077acc70b0,0x000000077af00000)

Deoptimization events (10 events):
Event: 3,162 Thread 0x00007f5dc400a000 Uncommon trap: reason=class_check action=maybe_recompile pc=0x00007f5dc107f320 method=java.util.Properties$LineReader.readLine()I @ 62
Event: 3,180 Thread 0x00007f5dc400a000 Uncommon trap: reason=class_check action=maybe_recompile pc=0x00007f5dc107f320 method=java.util.Properties$LineReader.readLine()I @ 62
Event: 3,183 Thread 0x00007f5dc400a000 Uncommon trap: reason=class_check action=maybe_recompile pc=0x00007f5dc107f320 method=java.util.Properties$LineReader.readLine()I @ 62
Event: 3,187 Thread 0x00007f5dc400a000 Uncommon trap: reason=class_check action=maybe_recompile pc=0x00007f5dc107f320 method=java.util.Properties$LineReader.readLine()I @ 62
Event: 3,210 Thread 0x00007f5dc400a000 Uncommon trap: reason=class_check action=maybe_recompile pc=0x00007f5dc108106c method=java.util.Properties$LineReader.readLine()I @ 402
Event: 3,750 Thread 0x00007f5dc400a000 Uncommon trap: reason=bimorphic action=maybe_recompile pc=0x00007f5dc1081048 method=java.util.Properties$LineReader.readLine()I @ 62
Event: 3,751 Thread 0x00007f5dc400a000 Uncommon trap: reason=class_check action=maybe_recompile pc=0x00007f5dc108106c method=java.util.Properties$LineReader.readLine()I @ 402
Event: 4,331 Thread 0x00007f5dc400a000 Uncommon trap: reason=uninitialized action=reinterpret pc=0x00007f5dc10900f0 method=com.objectdb.o.PGC.<init>(Lcom/objectdb/o/CFG;Lcom/objectdb/o/LFL;I)V @ 246
Event: 12,119 Thread 0x00007f5d6400a800 Uncommon trap: reason=unreached action=reinterpret pc=0x00007f5dc10a9580 method=java.util.ArrayList.ensureCapacityInternal(I)V @ 7
Event: 12,119 Thread 0x00007f5d6400a800 Uncommon trap: reason=unreached action=reinterpret pc=0x00007f5dc10a9958 method=java.util.ArrayList.ensureCapacityInternal(I)V @ 7

Internal exceptions (10 events):
Event: 12,101 Thread 0x00007f5d6400a800 Threw 0x00000007d6e36a28 at /build/openjdk-7-FO0dNI/openjdk-7-7u79-2.5.6/build/openjdk/hotspot/src/share/vm/prims/jvm.cpp:1284
Event: 12,102 Thread 0x00007f5d600e0000 Threw 0x00000007d6e7cbd0 at /build/openjdk-7-FO0dNI/openjdk-7-7u79-2.5.6/build/openjdk/hotspot/src/share/vm/prims/jvm.cpp:1284
Event: 12,135 Thread 0x00007f5d6000c000 Threw 0x00000007d7249e90 at /build/openjdk-7-FO0dNI/openjdk-7-7u79-2.5.6/build/openjdk/hotspot/src/share/vm/prims/jvm.cpp:1284
Event: 12,155 Thread 0x00007f5d6000c000 Threw 0x00000007d7251580 at /build/openjdk-7-FO0dNI/openjdk-7-7u79-2.5.6/build/openjdk/hotspot/src/share/vm/prims/jvm.cpp:1284
Event: 12,192 Thread 0x00007f5d6000c000 Threw 0x00000007d72545f8 at /build/openjdk-7-FO0dNI/openjdk-7-7u79-2.5.6/build/openjdk/hotspot/src/share/vm/prims/jvm.cpp:1284
Event: 12,248 Thread 0x00007f5d6000c000 Threw 0x00000007d725dc58 at /build/openjdk-7-FO0dNI/openjdk-7-7u79-2.5.6/build/openjdk/hotspot/src/share/vm/prims/jvm.cpp:1284
Event: 12,257 Thread 0x00007f5d6000c000 Threw 0x00000007d7261110 at /build/openjdk-7-FO0dNI/openjdk-7-7u79-2.5.6/build/openjdk/hotspot/src/share/vm/prims/jvm.cpp:1284
Event: 12,286 Thread 0x00007f5d600cd000 Threw 0x00000007d7cb45a8 at /build/openjdk-7-FO0dNI/openjdk-7-7u79-2.5.6/build/openjdk/hotspot/src/share/vm/prims/jvm.cpp:1284
Event: 12,364 Thread 0x00007f5d6400a800 Threw 0x00000007d828adb0 at /build/openjdk-7-FO0dNI/openjdk-7-7u79-2.5.6/build/openjdk/hotspot/src/share/vm/prims/jvm.cpp:1284
Event: 12,390 Thread 0x00007f5d50002800 Threw 0x00000007d82cd960 at /build/openjdk-7-FO0dNI/openjdk-7-7u79-2.5.6/build/openjdk/hotspot/src/share/vm/prims/jvm.cpp:1284

Events (10 events):
Event: 13,279 loading class 0x00007f5d44035950 done
Event: 13,279 loading class 0x00007f5d44038fb0
Event: 13,279 loading class 0x00007f5d44038fb0 done
Event: 13,280 loading class 0x00007f5dc80ef8c0
Event: 13,289 loading class 0x00007f5dc80ef8c0 done
Event: 13,290 loading class 0x00007f5d7816e8b0
Event: 13,290 loading class 0x00007f5d7816e8b0 done
Event: 13,290 loading class 0x00007f5d44035580
Event: 13,290 loading class 0x00007f5d44035580 done
Event: 13,472 Executing VM operation: ParallelGCFailedAllocation


Dynamic libraries:
00400000-00401000 r-xp 00000000 08:09 1067077                            /usr/lib/jvm/java-7-openjdk-amd64/jre/bin/java
00600000-00601000 r--p 00000000 08:09 1067077                            /usr/lib/jvm/java-7-openjdk-amd64/jre/bin/java
00601000-00602000 rw-p 00001000 08:09 1067077                            /usr/lib/jvm/java-7-openjdk-amd64/jre/bin/java
00e25000-00e46000 rw-p 00000000 00:00 0                                  [heap]
779a00000-77af00000 rw-p 00000000 00:00 0 
77af00000-784000000 rw-p 00000000 00:00 0 
784000000-789280000 rw-p 00000000 00:00 0 
789280000-7d6a80000 rw-p 00000000 00:00 0 
7d6a80000-7e0980000 rw-p 00000000 00:00 0 
7e8780000-800000000 rw-p 00000000 00:00 0 
7f5d42dfa000-7f5d44000000 rw-p 00000000 00:00 0 
7f5d44000000-7f5d44042000 rw-p 00000000 00:00 0 
7f5d44042000-7f5d48000000 ---p 00000000 00:00 0 
7f5d48000000-7f5d48021000 rw-p 00000000 00:00 0 
7f5d48021000-7f5d4c000000 ---p 00000000 00:00 0 
7f5d4c000000-7f5d4c021000 rw-p 00000000 00:00 0 
7f5d4c021000-7f5d50000000 ---p 00000000 00:00 0 
7f5d50000000-7f5d50021000 rw-p 00000000 00:00 0 
7f5d50021000-7f5d54000000 ---p 00000000 00:00 0 
7f5d54000000-7f5d54021000 rw-p 00000000 00:00 0 
7f5d54021000-7f5d58000000 ---p 00000000 00:00 0 
7f5d58000000-7f5d58021000 rw-p 00000000 00:00 0 
7f5d58021000-7f5d5c000000 ---p 00000000 00:00 0 
7f5d5c000000-7f5d5c021000 rw-p 00000000 00:00 0 
7f5d5c021000-7f5d60000000 ---p 00000000 00:00 0 
7f5d60000000-7f5d601a2000 rw-p 00000000 00:00 0 
7f5d601a2000-7f5d64000000 ---p 00000000 00:00 0 
7f5d64000000-7f5d64021000 rw-p 00000000 00:00 0 
7f5d64021000-7f5d68000000 ---p 00000000 00:00 0 
7f5d68000000-7f5d68021000 rw-p 00000000 00:00 0 
7f5d68021000-7f5d6c000000 ---p 00000000 00:00 0 
7f5d6c0bd000-7f5d6c0be000 ---p 00000000 00:00 0 
7f5d6c0be000-7f5d6c8be000 rw-p 00000000 00:00 0 
7f5d6c8be000-7f5d6c8c4000 r-xp 00000000 08:09 1187362                    /usr/lib/x86_64-linux-gnu/alsa-lib/libasound_module_pcm_pulse.so
7f5d6c8c4000-7f5d6cac3000 ---p 00006000 08:09 1187362                    /usr/lib/x86_64-linux-gnu/alsa-lib/libasound_module_pcm_pulse.so
7f5d6cac3000-7f5d6cac4000 r--p 00005000 08:09 1187362                    /usr/lib/x86_64-linux-gnu/alsa-lib/libasound_module_pcm_pulse.so
7f5d6cac4000-7f5d6cac5000 rw-p 00006000 08:09 1187362                    /usr/lib/x86_64-linux-gnu/alsa-lib/libasound_module_pcm_pulse.so
7f5d6cac5000-7f5d6cacc000 r-xp 00000000 08:09 927745                     /usr/lib/x86_64-linux-gnu/libogg.so.0.8.1
7f5d6cacc000-7f5d6cccc000 ---p 00007000 08:09 927745                     /usr/lib/x86_64-linux-gnu/libogg.so.0.8.1
7f5d6cccc000-7f5d6cccd000 r--p 00007000 08:09 927745                     /usr/lib/x86_64-linux-gnu/libogg.so.0.8.1
7f5d6cccd000-7f5d6ccce000 rw-p 00008000 08:09 927745                     /usr/lib/x86_64-linux-gnu/libogg.so.0.8.1
7f5d6ccce000-7f5d6ccfa000 r-xp 00000000 08:09 928038                     /usr/lib/x86_64-linux-gnu/libvorbis.so.0.4.5
7f5d6ccfa000-7f5d6cef9000 ---p 0002c000 08:09 928038                     /usr/lib/x86_64-linux-gnu/libvorbis.so.0.4.5
7f5d6cef9000-7f5d6cefa000 r--p 0002b000 08:09 928038                     /usr/lib/x86_64-linux-gnu/libvorbis.so.0.4.5
7f5d6cefa000-7f5d6cefb000 rw-p 0002c000 08:09 928038                     /usr/lib/x86_64-linux-gnu/libvorbis.so.0.4.5
7f5d6cefb000-7f5d6d1ae000 r-xp 00000000 08:09 928040                     /usr/lib/x86_64-linux-gnu/libvorbisenc.so.2.0.8
7f5d6d1ae000-7f5d6d3ad000 ---p 002b3000 08:09 928040                     /usr/lib/x86_64-linux-gnu/libvorbisenc.so.2.0.8
7f5d6d3ad000-7f5d6d3c9000 r--p 002b2000 08:09 928040                     /usr/lib/x86_64-linux-gnu/libvorbisenc.so.2.0.8
7f5d6d3c9000-7f5d6d3ca000 rw-p 002ce000 08:09 928040                     /usr/lib/x86_64-linux-gnu/libvorbisenc.so.2.0.8
7f5d6d3ca000-7f5d6d3fa000 r-xp 00000000 08:09 926751                     /usr/lib/x86_64-linux-gnu/libFLAC.so.8.3.0
7f5d6d3fa000-7f5d6d5f9000 ---p 00030000 08:09 926751                     /usr/lib/x86_64-linux-gnu/libFLAC.so.8.3.0
7f5d6d5f9000-7f5d6d5fa000 r--p 0002f000 08:09 926751                     /usr/lib/x86_64-linux-gnu/libFLAC.so.8.3.0
7f5d6d5fa000-7f5d6d5fb000 rw-p 00030000 08:09 926751                     /usr/lib/x86_64-linux-gnu/libFLAC.so.8.3.0
7f5d6d5fb000-7f5d6d600000 r-xp 00000000 08:09 927001                     /usr/lib/x86_64-linux-gnu/libasyncns.so.0.3.1
7f5d6d600000-7f5d6d7ff000 ---p 00005000 08:09 927001                     /usr/lib/x86_64-linux-gnu/libasyncns.so.0.3.1
7f5d6d7ff000-7f5d6d800000 r--p 00004000 08:09 927001                     /usr/lib/x86_64-linux-gnu/libasyncns.so.0.3.1
7f5d6d800000-7f5d6d801000 rw-p 00005000 08:09 927001                     /usr/lib/x86_64-linux-gnu/libasyncns.so.0.3.1
7f5d6d801000-7f5d6d862000 r-xp 00000000 08:09 927926                     /usr/lib/x86_64-linux-gnu/libsndfile.so.1.0.25
7f5d6d862000-7f5d6da62000 ---p 00061000 08:09 927926                     /usr/lib/x86_64-linux-gnu/libsndfile.so.1.0.25
7f5d6da62000-7f5d6da64000 r--p 00061000 08:09 927926                     /usr/lib/x86_64-linux-gnu/libsndfile.so.1.0.25
7f5d6da64000-7f5d6da65000 rw-p 00063000 08:09 927926                     /usr/lib/x86_64-linux-gnu/libsndfile.so.1.0.25
7f5d6da65000-7f5d6da69000 rw-p 00000000 00:00 0 
7f5d6da69000-7f5d6da71000 r-xp 00000000 08:09 3019180                    /lib/x86_64-linux-gnu/libwrap.so.0.7.6
7f5d6da71000-7f5d6dc70000 ---p 00008000 08:09 3019180                    /lib/x86_64-linux-gnu/libwrap.so.0.7.6
7f5d6dc70000-7f5d6dc71000 r--p 00007000 08:09 3019180                    /lib/x86_64-linux-gnu/libwrap.so.0.7.6
7f5d6dc71000-7f5d6dc72000 rw-p 00008000 08:09 3019180                    /lib/x86_64-linux-gnu/libwrap.so.0.7.6
7f5d6dc72000-7f5d6dc73000 rw-p 00000000 00:00 0 
7f5d6dc73000-7f5d6dcd9000 r-xp 00000000 08:09 1315004                    /usr/lib/x86_64-linux-gnu/pulseaudio/libpulsecommon-4.0.so
7f5d6dcd9000-7f5d6ded8000 ---p 00066000 08:09 1315004                    /usr/lib/x86_64-linux-gnu/pulseaudio/libpulsecommon-4.0.so
7f5d6ded8000-7f5d6ded9000 r--p 00065000 08:09 1315004                    /usr/lib/x86_64-linux-gnu/pulseaudio/libpulsecommon-4.0.so
7f5d6ded9000-7f5d6deda000 rw-p 00066000 08:09 1315004                    /usr/lib/x86_64-linux-gnu/pulseaudio/libpulsecommon-4.0.so
7f5d6deda000-7f5d6dee4000 r-xp 00000000 08:09 3019059                    /lib/x86_64-linux-gnu/libjson-c.so.2.0.0
7f5d6dee4000-7f5d6e0e3000 ---p 0000a000 08:09 3019059                    /lib/x86_64-linux-gnu/libjson-c.so.2.0.0
7f5d6e0e3000-7f5d6e0e4000 r--p 00009000 08:09 3019059                    /lib/x86_64-linux-gnu/libjson-c.so.2.0.0
7f5d6e0e4000-7f5d6e0e5000 rw-p 0000a000 08:09 3019059                    /lib/x86_64-linux-gnu/libjson-c.so.2.0.0
7f5d6e0e5000-7f5d6e12c000 r-xp 00000000 08:09 927845                     /usr/lib/x86_64-linux-gnu/libpulse.so.0.16.2
7f5d6e12c000-7f5d6e32c000 ---p 00047000 08:09 927845                     /usr/lib/x86_64-linux-gnu/libpulse.so.0.16.2
7f5d6e32c000-7f5d6e32d000 r--p 00047000 08:09 927845                     /usr/lib/x86_64-linux-gnu/libpulse.so.0.16.2
7f5d6e32d000-7f5d6e32e000 rw-p 00048000 08:09 927845                     /usr/lib/x86_64-linux-gnu/libpulse.so.0.16.2
7f5d6e457000-7f5d6e530000 rw-p 00000000 00:00 0 
7f5d6e530000-7f5d6e619000 r-xp 00000000 08:09 926991                     /usr/lib/x86_64-linux-gnu/libasound.so.2.0.0
7f5d6e619000-7f5d6e818000 ---p 000e9000 08:09 926991                     /usr/lib/x86_64-linux-gnu/libasound.so.2.0.0
7f5d6e818000-7f5d6e81f000 r--p 000e8000 08:09 926991                     /usr/lib/x86_64-linux-gnu/libasound.so.2.0.0
7f5d6e81f000-7f5d6e820000 rw-p 000ef000 08:09 926991                     /usr/lib/x86_64-linux-gnu/libasound.so.2.0.0
7f5d6e820000-7f5d6e82f000 r-xp 00000000 08:09 1064951                    /usr/lib/jvm/java-7-openjdk-amd64/jre/lib/amd64/libjsoundalsa.so
7f5d6e82f000-7f5d6ea2e000 ---p 0000f000 08:09 1064951                    /usr/lib/jvm/java-7-openjdk-amd64/jre/lib/amd64/libjsoundalsa.so
7f5d6ea2e000-7f5d6ea2f000 r--p 0000e000 08:09 1064951                    /usr/lib/jvm/java-7-openjdk-amd64/jre/lib/amd64/libjsoundalsa.so
7f5d6ea2f000-7f5d6ea30000 rw-p 0000f000 08:09 1064951                    /usr/lib/jvm/java-7-openjdk-amd64/jre/lib/amd64/libjsoundalsa.so
7f5d6ea30000-7f5d6ea31000 r-xp 00000000 08:09 1067028                    /usr/lib/jvm/java-7-openjdk-amd64/jre/lib/amd64/libjsound.so
7f5d6ea31000-7f5d6ec30000 ---p 00001000 08:09 1067028                    /usr/lib/jvm/java-7-openjdk-amd64/jre/lib/amd64/libjsound.so
7f5d6ec30000-7f5d6ec31000 r--p 00000000 08:09 1067028                    /usr/lib/jvm/java-7-openjdk-amd64/jre/lib/amd64/libjsound.so
7f5d6ec31000-7f5d6ec32000 rw-p 00001000 08:09 1067028                    /usr/lib/jvm/java-7-openjdk-amd64/jre/lib/amd64/libjsound.so
7f5d6ec32000-7f5d6ec35000 ---p 00000000 00:00 0 
7f5d6ec35000-7f5d6ed33000 rw-p 00000000 00:00 0                          [stack:21551]
7f5d6ed33000-7f5d6ed36000 ---p 00000000 00:00 0 
7f5d6ed36000-7f5d6ee34000 rw-p 00000000 00:00 0                          [stack:21550]
7f5d6ee34000-7f5d6ee37000 ---p 00000000 00:00 0 
7f5d6ee37000-7f5d6ef35000 rw-p 00000000 00:00 0                          [stack:21549]
7f5d6ef35000-7f5d6ef78000 r-xp 00000000 08:09 927609                     /usr/lib/x86_64-linux-gnu/libjpeg.so.8.0.2
7f5d6ef78000-7f5d6f178000 ---p 00043000 08:09 927609                     /usr/lib/x86_64-linux-gnu/libjpeg.so.8.0.2
7f5d6f178000-7f5d6f179000 r--p 00043000 08:09 927609                     /usr/lib/x86_64-linux-gnu/libjpeg.so.8.0.2
7f5d6f179000-7f5d6f17a000 rw-p 00044000 08:09 927609                     /usr/lib/x86_64-linux-gnu/libjpeg.so.8.0.2
7f5d6f17a000-7f5d6f18a000 rw-p 00000000 00:00 0 
7f5d6f18a000-7f5d6f194000 r-xp 00000000 08:09 1067017                    /usr/lib/jvm/java-7-openjdk-amd64/jre/lib/amd64/libjavajpeg.so
7f5d6f194000-7f5d6f393000 ---p 0000a000 08:09 1067017                    /usr/lib/jvm/java-7-openjdk-amd64/jre/lib/amd64/libjavajpeg.so
7f5d6f393000-7f5d6f394000 r--p 00009000 08:09 1067017                    /usr/lib/jvm/java-7-openjdk-amd64/jre/lib/amd64/libjavajpeg.so
7f5d6f394000-7f5d6f395000 rw-p 0000a000 08:09 1067017                    /usr/lib/jvm/java-7-openjdk-amd64/jre/lib/amd64/libjavajpeg.so
7f5d6f395000-7f5d6f398000 ---p 00000000 00:00 0 
7f5d6f398000-7f5d6f496000 rw-p 00000000 00:00 0                          [stack:21548]
7f5d6f496000-7f5d6f6ca000 rw-s 00000000 00:04 8093707                    /SYSV00000000 (deleted)
7f5d6f6ca000-7f5d6f6d2000 r-xp 00000000 08:09 1067029                    /usr/lib/jvm/java-7-openjdk-amd64/jre/lib/amd64/libmanagement.so
7f5d6f6d2000-7f5d6f8d1000 ---p 00008000 08:09 1067029                    /usr/lib/jvm/java-7-openjdk-amd64/jre/lib/amd64/libmanagement.so
7f5d6f8d1000-7f5d6f8d2000 r--p 00007000 08:09 1067029                    /usr/lib/jvm/java-7-openjdk-amd64/jre/lib/amd64/libmanagement.so
7f5d6f8d2000-7f5d6f8d3000 rw-p 00008000 08:09 1067029                    /usr/lib/jvm/java-7-openjdk-amd64/jre/lib/amd64/libmanagement.so
7f5d6f8d3000-7f5d6f8d6000 ---p 00000000 00:00 0 
7f5d6f8d6000-7f5d6f9d4000 rw-p 00000000 00:00 0                          [stack:21547]
7f5d6f9d4000-7f5d6f9d7000 ---p 00000000 00:00 0 
7f5d6f9d7000-7f5d6fad5000 rw-p 00000000 00:00 0                          [stack:21543]
7f5d6fad5000-7f5d6fad8000 ---p 00000000 00:00 0 
7f5d6fad8000-7f5d6fbd6000 rw-p 00000000 00:00 0                          [stack:21542]
7f5d6fbd6000-7f5d6fbe6000 r-xp 00000000 08:09 1067039                    /usr/lib/jvm/java-7-openjdk-amd64/jre/lib/amd64/libnio.so
7f5d6fbe6000-7f5d6fde6000 ---p 00010000 08:09 1067039                    /usr/lib/jvm/java-7-openjdk-amd64/jre/lib/amd64/libnio.so
7f5d6fde6000-7f5d6fde7000 r--p 00010000 08:09 1067039                    /usr/lib/jvm/java-7-openjdk-amd64/jre/lib/amd64/libnio.so
7f5d6fde7000-7f5d6fde8000 rw-p 00011000 08:09 1067039                    /usr/lib/jvm/java-7-openjdk-amd64/jre/lib/amd64/libnio.so
7f5d6fde8000-7f5d6fdff000 r-xp 00000000 08:09 1067034                    /usr/lib/jvm/java-7-openjdk-amd64/jre/lib/amd64/libnet.so
7f5d6fdff000-7f5d6fffe000 ---p 00017000 08:09 1067034                    /usr/lib/jvm/java-7-openjdk-amd64/jre/lib/amd64/libnet.so
7f5d6fffe000-7f5d6ffff000 r--p 00016000 08:09 1067034                    /usr/lib/jvm/java-7-openjdk-amd64/jre/lib/amd64/libnet.so
7f5d6ffff000-7f5d70000000 rw-p 00017000 08:09 1067034                    /usr/lib/jvm/java-7-openjdk-amd64/jre/lib/amd64/libnet.so
7f5d70000000-7f5d70021000 rw-p 00000000 00:00 0 
7f5d70021000-7f5d74000000 ---p 00000000 00:00 0 
7f5d74000000-7f5d74021000 rw-p 00000000 00:00 0 
7f5d74021000-7f5d78000000 ---p 00000000 00:00 0 
7f5d78000000-7f5d7823d000 rw-p 00000000 00:00 0 
7f5d7823d000-7f5d7c000000 ---p 00000000 00:00 0 
7f5d7c000000-7f5d7c021000 rw-p 00000000 00:00 0 
7f5d7c021000-7f5d80000000 ---p 00000000 00:00 0 
7f5d80000000-7f5d80021000 rw-p 00000000 00:00 0 
7f5d80021000-7f5d84000000 ---p 00000000 00:00 0 
7f5d84000000-7f5d84496000 rw-p 00000000 00:00 0 
7f5d84496000-7f5d88000000 ---p 00000000 00:00 0 
7f5d88000000-7f5d88021000 rw-p 00000000 00:00 0 
7f5d88021000-7f5d8c000000 ---p 00000000 00:00 0 
7f5d8c000000-7f5d8c021000 rw-p 00000000 00:00 0 
7f5d8c021000-7f5d90000000 ---p 00000000 00:00 0 
7f5d90000000-7f5d90021000 rw-p 00000000 00:00 0 
7f5d90021000-7f5d94000000 ---p 00000000 00:00 0 
7f5d94091000-7f5d94094000 ---p 00000000 00:00 0 
7f5d94094000-7f5d94192000 rw-p 00000000 00:00 0                          [stack:21541]
7f5d94192000-7f5d941e4000 r-xp 00000000 08:09 1067019                    /usr/lib/jvm/java-7-openjdk-amd64/jre/lib/amd64/libfontmanager.so
7f5d941e4000-7f5d943e3000 ---p 00052000 08:09 1067019                    /usr/lib/jvm/java-7-openjdk-amd64/jre/lib/amd64/libfontmanager.so
7f5d943e3000-7f5d943e6000 r--p 00051000 08:09 1067019                    /usr/lib/jvm/java-7-openjdk-amd64/jre/lib/amd64/libfontmanager.so
7f5d943e6000-7f5d943e7000 rw-p 00054000 08:09 1067019                    /usr/lib/jvm/java-7-openjdk-amd64/jre/lib/amd64/libfontmanager.so
7f5d943e7000-7f5d943ea000 ---p 00000000 00:00 0 
7f5d943ea000-7f5d944e8000 rw-p 00000000 00:00 0                          [stack:21540]
7f5d944e8000-7f5d944ed000 r-xp 00000000 08:09 926920                     /usr/lib/x86_64-linux-gnu/libXfixes.so.3.1.0
7f5d944ed000-7f5d946ec000 ---p 00005000 08:09 926920                     /usr/lib/x86_64-linux-gnu/libXfixes.so.3.1.0
7f5d946ec000-7f5d946ed000 r--p 00004000 08:09 926920                     /usr/lib/x86_64-linux-gnu/libXfixes.so.3.1.0
7f5d946ed000-7f5d946ee000 rw-p 00005000 08:09 926920                     /usr/lib/x86_64-linux-gnu/libXfixes.so.3.1.0
7f5d946ee000-7f5d946f7000 r-xp 00000000 08:09 926912                     /usr/lib/x86_64-linux-gnu/libXcursor.so.1.0.2
7f5d946f7000-7f5d948f6000 ---p 00009000 08:09 926912                     /usr/lib/x86_64-linux-gnu/libXcursor.so.1.0.2
7f5d948f6000-7f5d948f7000 r--p 00008000 08:09 926912                     /usr/lib/x86_64-linux-gnu/libXcursor.so.1.0.2
7f5d948f7000-7f5d948f8000 rw-p 00009000 08:09 926912                     /usr/lib/x86_64-linux-gnu/libXcursor.so.1.0.2
7f5d948f8000-7f5d948fb000 ---p 00000000 00:00 0 
7f5d948fb000-7f5d949f9000 rw-p 00000000 00:00 0                          [stack:21539]
7f5d949f9000-7f5d949fd000 r-xp 00000000 08:09 3019052                    /lib/x86_64-linux-gnu/libgpg-error.so.0.10.0
7f5d949fd000-7f5d94bfc000 ---p 00004000 08:09 3019052                    /lib/x86_64-linux-gnu/libgpg-error.so.0.10.0
7f5d94bfc000-7f5d94bfd000 r--p 00003000 08:09 3019052                    /lib/x86_64-linux-gnu/libgpg-error.so.0.10.0
7f5d94bfd000-7f5d94bfe000 rw-p 00004000 08:09 3019052                    /lib/x86_64-linux-gnu/libgpg-error.so.0.10.0
7f5d94bfe000-7f5d94c00000 r-xp 00000000 08:09 3019062                    /lib/x86_64-linux-gnu/libkeyutils.so.1.4
7f5d94c00000-7f5d94e00000 ---p 00002000 08:09 3019062                    /lib/x86_64-linux-gnu/libkeyutils.so.1.4
7f5d94e00000-7f5d94e01000 r--p 00002000 08:09 3019062                    /lib/x86_64-linux-gnu/libkeyutils.so.1.4
7f5d94e01000-7f5d94e02000 rw-p 00003000 08:09 3019062                    /lib/x86_64-linux-gnu/libkeyutils.so.1.4
7f5d94e02000-7f5d94e3f000 r-xp 00000000 08:09 3032630                    /lib/x86_64-linux-gnu/libpcre.so.3.13.1
7f5d94e3f000-7f5d9503e000 ---p 0003d000 08:09 3032630                    /lib/x86_64-linux-gnu/libpcre.so.3.13.1
7f5d9503e000-7f5d9503f000 r--p 0003c000 08:09 3032630                    /lib/x86_64-linux-gnu/libpcre.so.3.13.1
7f5d9503f000-7f5d95040000 rw-p 0003d000 08:09 3032630                    /lib/x86_64-linux-gnu/libpcre.so.3.13.1
7f5d95040000-7f5d95065000 r-xp 00000000 08:09 3019135                    /lib/x86_64-linux-gnu/libpng12.so.0.50.0
7f5d95065000-7f5d95264000 ---p 00025000 08:09 3019135                    /lib/x86_64-linux-gnu/libpng12.so.0.50.0
7f5d95264000-7f5d95265000 r--p 00024000 08:09 3019135                    /lib/x86_64-linux-gnu/libpng12.so.0.50.0
7f5d95265000-7f5d95266000 rw-p 00025000 08:09 3019135                    /lib/x86_64-linux-gnu/libpng12.so.0.50.0
7f5d95266000-7f5d952aa000 r-xp 00000000 08:09 3019033                    /lib/x86_64-linux-gnu/libdbus-1.so.3.7.6
7f5d952aa000-7f5d954a9000 ---p 00044000 08:09 3019033                    /lib/x86_64-linux-gnu/libdbus-1.so.3.7.6
7f5d954a9000-7f5d954aa000 r--p 00043000 08:09 3019033                    /lib/x86_64-linux-gnu/libdbus-1.so.3.7.6
7f5d954aa000-7f5d954ab000 rw-p 00044000 08:09 3019033                    /lib/x86_64-linux-gnu/libdbus-1.so.3.7.6
7f5d954ab000-7f5d954e6000 r-xp 00000000 08:09 927785                     /usr/lib/x86_64-linux-gnu/libp11-kit.so.0.0.0
7f5d954e6000-7f5d956e5000 ---p 0003b000 08:09 927785                     /usr/lib/x86_64-linux-gnu/libp11-kit.so.0.0.0
7f5d956e5000-7f5d956eb000 r--p 0003a000 08:09 927785                     /usr/lib/x86_64-linux-gnu/libp11-kit.so.0.0.0
7f5d956eb000-7f5d956ed000 rw-p 00040000 08:09 927785                     /usr/lib/x86_64-linux-gnu/libp11-kit.so.0.0.0
7f5d956ed000-7f5d956ff000 r-xp 00000000 08:09 927964                     /usr/lib/x86_64-linux-gnu/libtasn1.so.6.2.0
7f5d956ff000-7f5d958ff000 ---p 00012000 08:09 927964                     /usr/lib/x86_64-linux-gnu/libtasn1.so.6.2.0
7f5d958ff000-7f5d95900000 r--p 00012000 08:09 927964                     /usr/lib/x86_64-linux-gnu/libtasn1.so.6.2.0
7f5d95900000-7f5d95901000 rw-p 00013000 08:09 927964                     /usr/lib/x86_64-linux-gnu/libtasn1.so.6.2.0
7f5d95901000-7f5d9597d000 r-xp 00000000 08:09 3019048                    /lib/x86_64-linux-gnu/libgcrypt.so.11.8.2
7f5d9597d000-7f5d95b7d000 ---p 0007c000 08:09 3019048                    /lib/x86_64-linux-gnu/libgcrypt.so.11.8.2
7f5d95b7d000-7f5d95b7e000 r--p 0007c000 08:09 3019048                    /lib/x86_64-linux-gnu/libgcrypt.so.11.8.2
7f5d95b7e000-7f5d95b81000 rw-p 0007d000 08:09 3019048                    /lib/x86_64-linux-gnu/libgcrypt.so.11.8.2
7f5d95b81000-7f5d95b8b000 r-xp 00000000 08:09 927623                     /usr/lib/x86_64-linux-gnu/libkrb5support.so.0.1
7f5d95b8b000-7f5d95d8a000 ---p 0000a000 08:09 927623                     /usr/lib/x86_64-linux-gnu/libkrb5support.so.0.1
7f5d95d8a000-7f5d95d8b000 r--p 00009000 08:09 927623                     /usr/lib/x86_64-linux-gnu/libkrb5support.so.0.1
7f5d95d8b000-7f5d95d8c000 rw-p 0000a000 08:09 927623                     /usr/lib/x86_64-linux-gnu/libkrb5support.so.0.1
7f5d95d8c000-7f5d95d8f000 r-xp 00000000 08:09 3019028                    /lib/x86_64-linux-gnu/libcom_err.so.2.1
7f5d95d8f000-7f5d95f8e000 ---p 00003000 08:09 3019028                    /lib/x86_64-linux-gnu/libcom_err.so.2.1
7f5d95f8e000-7f5d95f8f000 r--p 00002000 08:09 3019028                    /lib/x86_64-linux-gnu/libcom_err.so.2.1
7f5d95f8f000-7f5d95f90000 rw-p 00003000 08:09 3019028                    /lib/x86_64-linux-gnu/libcom_err.so.2.1
7f5d95f90000-7f5d95fbc000 r-xp 00000000 08:09 927613                     /usr/lib/x86_64-linux-gnu/libk5crypto.so.3.1
7f5d95fbc000-7f5d961bb000 ---p 0002c000 08:09 927613                     /usr/lib/x86_64-linux-gnu/libk5crypto.so.3.1
7f5d961bb000-7f5d961bd000 r--p 0002b000 08:09 927613                     /usr/lib/x86_64-linux-gnu/libk5crypto.so.3.1
7f5d961bd000-7f5d961be000 rw-p 0002d000 08:09 927613                     /usr/lib/x86_64-linux-gnu/libk5crypto.so.3.1
7f5d961be000-7f5d961bf000 rw-p 00000000 00:00 0 
7f5d961bf000-7f5d9627b000 r-xp 00000000 08:09 927621                     /usr/lib/x86_64-linux-gnu/libkrb5.so.3.3
7f5d9627b000-7f5d9647b000 ---p 000bc000 08:09 927621                     /usr/lib/x86_64-linux-gnu/libkrb5.so.3.3
7f5d9647b000-7f5d96488000 r--p 000bc000 08:09 927621                     /usr/lib/x86_64-linux-gnu/libkrb5.so.3.3
7f5d96488000-7f5d9648a000 rw-p 000c9000 08:09 927621                     /usr/lib/x86_64-linux-gnu/libkrb5.so.3.3
7f5d9648a000-7f5d9648f000 r-xp 00000000 08:09 926916                     /usr/lib/x86_64-linux-gnu/libXdmcp.so.6.0.0
7f5d9648f000-7f5d9668e000 ---p 00005000 08:09 926916                     /usr/lib/x86_64-linux-gnu/libXdmcp.so.6.0.0
7f5d9668e000-7f5d9668f000 r--p 00004000 08:09 926916                     /usr/lib/x86_64-linux-gnu/libXdmcp.so.6.0.0
7f5d9668f000-7f5d96690000 rw-p 00005000 08:09 926916                     /usr/lib/x86_64-linux-gnu/libXdmcp.so.6.0.0
7f5d96690000-7f5d96692000 r-xp 00000000 08:09 926905                     /usr/lib/x86_64-linux-gnu/libXau.so.6.0.0
7f5d96692000-7f5d96892000 ---p 00002000 08:09 926905                     /usr/lib/x86_64-linux-gnu/libXau.so.6.0.0
7f5d96892000-7f5d96893000 r--p 00002000 08:09 926905                     /usr/lib/x86_64-linux-gnu/libXau.so.6.0.0
7f5d96893000-7f5d96894000 rw-p 00003000 08:09 926905                     /usr/lib/x86_64-linux-gnu/libXau.so.6.0.0
7f5d96894000-7f5d9689b000 r-xp 00000000 08:09 927226                     /usr/lib/x86_64-linux-gnu/libffi.so.6.0.1
7f5d9689b000-7f5d96a9a000 ---p 00007000 08:09 927226                     /usr/lib/x86_64-linux-gnu/libffi.so.6.0.1
7f5d96a9a000-7f5d96a9b000 r--p 00006000 08:09 927226                     /usr/lib/x86_64-linux-gnu/libffi.so.6.0.1
7f5d96a9b000-7f5d96a9c000 rw-p 00007000 08:09 927226                     /usr/lib/x86_64-linux-gnu/libffi.so.6.0.1
7f5d96a9c000-7f5d96ab3000 r-xp 00000000 08:09 3019146                    /lib/x86_64-linux-gnu/libresolv-2.19.so
7f5d96ab3000-7f5d96cb3000 ---p 00017000 08:09 3019146                    /lib/x86_64-linux-gnu/libresolv-2.19.so
7f5d96cb3000-7f5d96cb4000 r--p 00017000 08:09 3019146                    /lib/x86_64-linux-gnu/libresolv-2.19.so
7f5d96cb4000-7f5d96cb5000 rw-p 00018000 08:09 3019146                    /lib/x86_64-linux-gnu/libresolv-2.19.so
7f5d96cb5000-7f5d96cb7000 rw-p 00000000 00:00 0 
7f5d96cb7000-7f5d96cd7000 r-xp 00000000 08:09 3019150                    /lib/x86_64-linux-gnu/libselinux.so.1
7f5d96cd7000-7f5d96ed6000 ---p 00020000 08:09 3019150                    /lib/x86_64-linux-gnu/libselinux.so.1
7f5d96ed6000-7f5d96ed7000 r--p 0001f000 08:09 3019150                    /lib/x86_64-linux-gnu/libselinux.so.1
7f5d96ed7000-7f5d96ed8000 rw-p 00020000 08:09 3019150                    /lib/x86_64-linux-gnu/libselinux.so.1
7f5d96ed8000-7f5d96eda000 rw-p 00000000 00:00 0 
7f5d96eda000-7f5d96fe0000 r-xp 00000000 08:09 3019050                    /lib/x86_64-linux-gnu/libglib-2.0.so.0.4002.0
7f5d96fe0000-7f5d971df000 ---p 00106000 08:09 3019050                    /lib/x86_64-linux-gnu/libglib-2.0.so.0.4002.0
7f5d971df000-7f5d971e0000 r--p 00105000 08:09 3019050                    /lib/x86_64-linux-gnu/libglib-2.0.so.0.4002.0
7f5d971e0000-7f5d971e1000 rw-p 00106000 08:09 3019050                    /lib/x86_64-linux-gnu/libglib-2.0.so.0.4002.0
7f5d971e1000-7f5d971e2000 rw-p 00000000 00:00 0 
7f5d971e2000-7f5d971e5000 r-xp 00000000 08:09 927369                     /usr/lib/x86_64-linux-gnu/libgmodule-2.0.so.0.4002.0
7f5d971e5000-7f5d973e4000 ---p 00003000 08:09 927369                     /usr/lib/x86_64-linux-gnu/libgmodule-2.0.so.0.4002.0
7f5d973e4000-7f5d973e5000 r--p 00002000 08:09 927369                     /usr/lib/x86_64-linux-gnu/libgmodule-2.0.so.0.4002.0
7f5d973e5000-7f5d973e6000 rw-p 00003000 08:09 927369                     /usr/lib/x86_64-linux-gnu/libgmodule-2.0.so.0.4002.0
7f5d973e6000-7f5d9740d000 r-xp 00000000 08:09 3034955                    /lib/x86_64-linux-gnu/libexpat.so.1.6.0
7f5d9740d000-7f5d9760d000 ---p 00027000 08:09 3034955                    /lib/x86_64-linux-gnu/libexpat.so.1.6.0
7f5d9760d000-7f5d9760f000 r--p 00027000 08:09 3034955                    /lib/x86_64-linux-gnu/libexpat.so.1.6.0
7f5d9760f000-7f5d97610000 rw-p 00029000 08:09 3034955                    /lib/x86_64-linux-gnu/libexpat.so.1.6.0
7f5d97610000-7f5d976ad000 r-xp 00000000 08:09 941625                     /usr/lib/x86_64-linux-gnu/libfreetype.so.6.11.1
7f5d976ad000-7f5d978ac000 ---p 0009d000 08:09 941625                     /usr/lib/x86_64-linux-gnu/libfreetype.so.6.11.1
7f5d978ac000-7f5d978b2000 r--p 0009c000 08:09 941625                     /usr/lib/x86_64-linux-gnu/libfreetype.so.6.11.1
7f5d978b2000-7f5d978b3000 rw-p 000a2000 08:09 941625                     /usr/lib/x86_64-linux-gnu/libfreetype.so.6.11.1
7f5d978b3000-7f5d978c2000 r-xp 00000000 08:09 927015                     /usr/lib/x86_64-linux-gnu/libavahi-client.so.3.2.9
7f5d978c2000-7f5d97ac2000 ---p 0000f000 08:09 927015                     /usr/lib/x86_64-linux-gnu/libavahi-client.so.3.2.9
7f5d97ac2000-7f5d97ac3000 r--p 0000f000 08:09 927015                     /usr/lib/x86_64-linux-gnu/libavahi-client.so.3.2.9
7f5d97ac3000-7f5d97ac4000 rw-p 00010000 08:09 927015                     /usr/lib/x86_64-linux-gnu/libavahi-client.so.3.2.9
7f5d97ac4000-7f5d97acf000 r-xp 00000000 08:09 927017                     /usr/lib/x86_64-linux-gnu/libavahi-common.so.3.5.3
7f5d97acf000-7f5d97cce000 ---p 0000b000 08:09 927017                     /usr/lib/x86_64-linux-gnu/libavahi-common.so.3.5.3
7f5d97cce000-7f5d97ccf000 r--p 0000a000 08:09 927017                     /usr/lib/x86_64-linux-gnu/libavahi-common.so.3.5.3
7f5d97ccf000-7f5d97cd0000 rw-p 0000b000 08:09 927017                     /usr/lib/x86_64-linux-gnu/libavahi-common.so.3.5.3
7f5d97cd0000-7f5d9c000000 rw-p 00000000 00:00 0 
7f5d9c000000-7f5d9c021000 rw-p 00000000 00:00 0 
7f5d9c021000-7f5da0000000 ---p 00000000 00:00 0 
7f5da0080000-7f5da00b1000 rw-p 00000000 00:00 0 
7f5da00b1000-7f5da0167000 r-xp 00000000 08:09 927387                     /usr/lib/x86_64-linux-gnu/libgnutls.so.26.22.6
7f5da0167000-7f5da0367000 ---p 000b6000 08:09 927387                     /usr/lib/x86_64-linux-gnu/libgnutls.so.26.22.6
7f5da0367000-7f5da036d000 r--p 000b6000 08:09 927387                     /usr/lib/x86_64-linux-gnu/libgnutls.so.26.22.6
7f5da036d000-7f5da036e000 rw-p 000bc000 08:09 927387                     /usr/lib/x86_64-linux-gnu/libgnutls.so.26.22.6
7f5da036e000-7f5da036f000 rw-p 00000000 00:00 0 
7f5da036f000-7f5da03b2000 r-xp 00000000 08:09 927421                     /usr/lib/x86_64-linux-gnu/libgssapi_krb5.so.2.2
7f5da03b2000-7f5da05b2000 ---p 00043000 08:09 927421                     /usr/lib/x86_64-linux-gnu/libgssapi_krb5.so.2.2
7f5da05b2000-7f5da05b3000 r--p 00043000 08:09 927421                     /usr/lib/x86_64-linux-gnu/libgssapi_krb5.so.2.2
7f5da05b3000-7f5da05b5000 rw-p 00044000 08:09 927421                     /usr/lib/x86_64-linux-gnu/libgssapi_krb5.so.2.2
7f5da05b5000-7f5da05d2000 r-xp 00000000 08:09 928118                     /usr/lib/x86_64-linux-gnu/libxcb.so.1.1.0
7f5da05d2000-7f5da07d2000 ---p 0001d000 08:09 928118                     /usr/lib/x86_64-linux-gnu/libxcb.so.1.1.0
7f5da07d2000-7f5da07d3000 r--p 0001d000 08:09 928118                     /usr/lib/x86_64-linux-gnu/libxcb.so.1.1.0
7f5da07d3000-7f5da07d4000 rw-p 0001e000 08:09 928118                     /usr/lib/x86_64-linux-gnu/libxcb.so.1.1.0
7f5da07d4000-7f5da0823000 r-xp 00000000 08:09 927393                     /usr/lib/x86_64-linux-gnu/libgobject-2.0.so.0.4002.0
7f5da0823000-7f5da0a23000 ---p 0004f000 08:09 927393                     /usr/lib/x86_64-linux-gnu/libgobject-2.0.so.0.4002.0
7f5da0a23000-7f5da0a24000 r--p 0004f000 08:09 927393                     /usr/lib/x86_64-linux-gnu/libgobject-2.0.so.0.4002.0
7f5da0a24000-7f5da0a25000 rw-p 00050000 08:09 927393                     /usr/lib/x86_64-linux-gnu/libgobject-2.0.so.0.4002.0
7f5da0a25000-7f5da0b91000 r-xp 00000000 08:09 927353                     /usr/lib/x86_64-linux-gnu/libgio-2.0.so.0.4002.0
7f5da0b91000-7f5da0d90000 ---p 0016c000 08:09 927353                     /usr/lib/x86_64-linux-gnu/libgio-2.0.so.0.4002.0
7f5da0d90000-7f5da0d94000 r--p 0016b000 08:09 927353                     /usr/lib/x86_64-linux-gnu/libgio-2.0.so.0.4002.0
7f5da0d94000-7f5da0d96000 rw-p 0016f000 08:09 927353                     /usr/lib/x86_64-linux-gnu/libgio-2.0.so.0.4002.0
7f5da0d96000-7f5da0d98000 rw-p 00000000 00:00 0 
7f5da0d98000-7f5da0dd2000 r-xp 00000000 08:09 927263                     /usr/lib/x86_64-linux-gnu/libfontconfig.so.1.8.0
7f5da0dd2000-7f5da0fd1000 ---p 0003a000 08:09 927263                     /usr/lib/x86_64-linux-gnu/libfontconfig.so.1.8.0
7f5da0fd1000-7f5da0fd3000 r--p 00039000 08:09 927263                     /usr/lib/x86_64-linux-gnu/libfontconfig.so.1.8.0
7f5da0fd3000-7f5da0fd4000 rw-p 0003b000 08:09 927263                     /usr/lib/x86_64-linux-gnu/libfontconfig.so.1.8.0
7f5da0fd4000-7f5da1040000 r-xp 00000000 08:09 921512                     /usr/lib/x86_64-linux-gnu/libcups.so.2
7f5da1040000-7f5da1240000 ---p 0006c000 08:09 921512                     /usr/lib/x86_64-linux-gnu/libcups.so.2
7f5da1240000-7f5da1247000 r--p 0006c000 08:09 921512                     /usr/lib/x86_64-linux-gnu/libcups.so.2
7f5da1247000-7f5da1248000 rw-p 00073000 08:09 921512                     /usr/lib/x86_64-linux-gnu/libcups.so.2
7f5da1248000-7f5da1257000 r-xp 00000000 08:09 926926                     /usr/lib/x86_64-linux-gnu/libXi.so.6.1.0
7f5da1257000-7f5da1456000 ---p 0000f000 08:09 926926                     /usr/lib/x86_64-linux-gnu/libXi.so.6.1.0
7f5da1456000-7f5da1457000 r--p 0000e000 08:09 926926                     /usr/lib/x86_64-linux-gnu/libXi.so.6.1.0
7f5da1457000-7f5da1458000 rw-p 0000f000 08:09 926926                     /usr/lib/x86_64-linux-gnu/libXi.so.6.1.0
7f5da1458000-7f5da145d000 r-xp 00000000 08:09 926946                     /usr/lib/x86_64-linux-gnu/libXtst.so.6.1.0
7f5da145d000-7f5da165c000 ---p 00005000 08:09 926946                     /usr/lib/x86_64-linux-gnu/libXtst.so.6.1.0
7f5da165c000-7f5da165d000 r--p 00004000 08:09 926946                     /usr/lib/x86_64-linux-gnu/libXtst.so.6.1.0
7f5da165d000-7f5da165e000 rw-p 00005000 08:09 926946                     /usr/lib/x86_64-linux-gnu/libXtst.so.6.1.0
7f5da165e000-7f5da1667000 r-xp 00000000 08:09 926940                     /usr/lib/x86_64-linux-gnu/libXrender.so.1.3.0
7f5da1667000-7f5da1866000 ---p 00009000 08:09 926940                     /usr/lib/x86_64-linux-gnu/libXrender.so.1.3.0
7f5da1866000-7f5da1867000 r--p 00008000 08:09 926940                     /usr/lib/x86_64-linux-gnu/libXrender.so.1.3.0
7f5da1867000-7f5da1868000 rw-p 00009000 08:09 926940                     /usr/lib/x86_64-linux-gnu/libXrender.so.1.3.0
7f5da1868000-7f5da1998000 r-xp 00000000 08:09 926901                     /usr/lib/x86_64-linux-gnu/libX11.so.6.3.0
7f5da1998000-7f5da1b98000 ---p 00130000 08:09 926901                     /usr/lib/x86_64-linux-gnu/libX11.so.6.3.0
7f5da1b98000-7f5da1b99000 r--p 00130000 08:09 926901                     /usr/lib/x86_64-linux-gnu/libX11.so.6.3.0
7f5da1b99000-7f5da1b9d000 rw-p 00131000 08:09 926901                     /usr/lib/x86_64-linux-gnu/libX11.so.6.3.0
7f5da1b9d000-7f5da1bae000 r-xp 00000000 08:09 926918                     /usr/lib/x86_64-linux-gnu/libXext.so.6.4.0
7f5da1bae000-7f5da1dad000 ---p 00011000 08:09 926918                     /usr/lib/x86_64-linux-gnu/libXext.so.6.4.0
7f5da1dad000-7f5da1dae000 r--p 00010000 08:09 926918                     /usr/lib/x86_64-linux-gnu/libXext.so.6.4.0
7f5da1dae000-7f5da1daf000 rw-p 00011000 08:09 926918                     /usr/lib/x86_64-linux-gnu/libXext.so.6.4.0
7f5da1dd7000-7f5da1e1f000 r-xp 00000000 08:09 1064950                    /usr/lib/jvm/java-7-openjdk-amd64/jre/lib/amd64/xawt/libmawt.so
7f5da1e1f000-7f5da201e000 ---p 00048000 08:09 1064950                    /usr/lib/jvm/java-7-openjdk-amd64/jre/lib/amd64/xawt/libmawt.so
7f5da201e000-7f5da201f000 r--p 00047000 08:09 1064950                    /usr/lib/jvm/java-7-openjdk-amd64/jre/lib/amd64/xawt/libmawt.so
7f5da201f000-7f5da2022000 rw-p 00048000 08:09 1064950                    /usr/lib/jvm/java-7-openjdk-amd64/jre/lib/amd64/xawt/libmawt.so
7f5da2022000-7f5da2023000 rw-p 00000000 00:00 0 
7f5da2023000-7f5da20c3000 r-xp 00000000 08:09 1067021                    /usr/lib/jvm/java-7-openjdk-amd64/jre/lib/amd64/libawt.so
7f5da20c3000-7f5da22c3000 ---p 000a0000 08:09 1067021                    /usr/lib/jvm/java-7-openjdk-amd64/jre/lib/amd64/libawt.so
7f5da22c3000-7f5da22c4000 r--p 000a0000 08:09 1067021                    /usr/lib/jvm/java-7-openjdk-amd64/jre/lib/amd64/libawt.so
7f5da22c4000-7f5da22cf000 rw-p 000a1000 08:09 1067021                    /usr/lib/jvm/java-7-openjdk-amd64/jre/lib/amd64/libawt.so
7f5da22cf000-7f5da22f4000 rw-p 00000000 00:00 0 
7f5da22f4000-7f5da22f5000 ---p 00000000 00:00 0 
7f5da22f5000-7f5da23f5000 rw-p 00000000 00:00 0                          [stack:21538]
7f5da23f5000-7f5da23f8000 ---p 00000000 00:00 0 
7f5da23f8000-7f5da24f6000 rw-p 00000000 00:00 0                          [stack:21537]
7f5da24f6000-7f5da24f9000 ---p 00000000 00:00 0 
7f5da24f9000-7f5da25f7000 rw-p 00000000 00:00 0                          [stack:21536]
7f5da25f7000-7f5da25fa000 ---p 00000000 00:00 0 
7f5da25fa000-7f5da26f8000 rw-p 00000000 00:00 0                          [stack:21535]
7f5da26f8000-7f5da26fb000 ---p 00000000 00:00 0 
7f5da26fb000-7f5da27f9000 rw-p 00000000 00:00 0                          [stack:21534]
7f5da27f9000-7f5da2ac3000 r--p 00000000 08:09 925055                     /usr/lib/locale/locale-archive
7f5da2ac3000-7f5da2ac6000 ---p 00000000 00:00 0 
7f5da2ac6000-7f5da2bc4000 rw-p 00000000 00:00 0                          [stack:21533]
7f5da2bc4000-7f5da2bc7000 ---p 00000000 00:00 0 
7f5da2bc7000-7f5da2cc5000 rw-p 00000000 00:00 0                          [stack:21532]
7f5da2cc5000-7f5da2cc6000 ---p 00000000 00:00 0 
7f5da2cc6000-7f5da4000000 rw-p 00000000 00:00 0                          [stack:21531]
7f5da4000000-7f5da4021000 rw-p 00000000 00:00 0 
7f5da4021000-7f5da8000000 ---p 00000000 00:00 0 
7f5da8000000-7f5da8021000 rw-p 00000000 00:00 0 
7f5da8021000-7f5dac000000 ---p 00000000 00:00 0 
7f5dac000000-7f5dac021000 rw-p 00000000 00:00 0 
7f5dac021000-7f5db0000000 ---p 00000000 00:00 0 
7f5db0000000-7f5db0021000 rw-p 00000000 00:00 0 
7f5db0021000-7f5db4000000 ---p 00000000 00:00 0 
7f5db4000000-7f5db4021000 rw-p 00000000 00:00 0 
7f5db4021000-7f5db8000000 ---p 00000000 00:00 0 
7f5db8000000-7f5db8021000 rw-p 00000000 00:00 0 
7f5db8021000-7f5dbc000000 ---p 00000000 00:00 0 
7f5dbc000000-7f5dbc021000 rw-p 00000000 00:00 0 
7f5dbc021000-7f5dc0000000 ---p 00000000 00:00 0 
7f5dc0012000-7f5dc0a1c000 rw-p 00000000 00:00 0 
7f5dc0a1c000-7f5dc0bcd000 r--s 01d29000 08:09 1049698                    /usr/lib/jvm/java-7-openjdk-amd64/jre/lib/rt.jar
7f5dc0bcd000-7f5dc1000000 rw-p 00000000 00:00 0 
7f5dc1000000-7f5dc1270000 rwxp 00000000 00:00 0 
7f5dc1270000-7f5dc43b8000 rw-p 00000000 00:00 0 
7f5dc43b8000-7f5dc8000000 ---p 00000000 00:00 0 
7f5dc8008000-7f5dc801e000 r--s 00151000 08:09 804525                     /home/qqwy/Programming/Rug/AOOP/Assignments/assignment4/4-asteroids/lib/objectdb.jar
7f5dc801e000-7f5dc818a000 rw-p 00000000 00:00 0 
7f5dc818a000-7f5dc818b000 ---p 00000000 00:00 0 
7f5dc818b000-7f5dc828b000 rw-p 00000000 00:00 0                          [stack:21530]
7f5dc828b000-7f5dc828c000 ---p 00000000 00:00 0 
7f5dc828c000-7f5dc838c000 rw-p 00000000 00:00 0                          [stack:21529]
7f5dc838c000-7f5dc838d000 ---p 00000000 00:00 0 
7f5dc838d000-7f5dc848d000 rw-p 00000000 00:00 0                          [stack:21528]
7f5dc848d000-7f5dc848e000 ---p 00000000 00:00 0 
7f5dc848e000-7f5dc858e000 rw-p 00000000 00:00 0                          [stack:21527]
7f5dc858e000-7f5dc858f000 ---p 00000000 00:00 0 
7f5dc858f000-7f5dc868f000 rw-p 00000000 00:00 0                          [stack:21526]
7f5dc868f000-7f5dc8690000 ---p 00000000 00:00 0 
7f5dc8690000-7f5dc8790000 rw-p 00000000 00:00 0                          [stack:21525]
7f5dc8790000-7f5dc8791000 ---p 00000000 00:00 0 
7f5dc8791000-7f5dc8891000 rw-p 00000000 00:00 0                          [stack:21524]
7f5dc8891000-7f5dc8892000 ---p 00000000 00:00 0 
7f5dc8892000-7f5dc899d000 rw-p 00000000 00:00 0                          [stack:21523]
7f5dc899d000-7f5dc89e5000 rw-p 00000000 00:00 0 
7f5dc89e5000-7f5dc8a0f000 rw-p 00000000 00:00 0 
7f5dc8a0f000-7f5dc8c7b000 rw-p 00000000 00:00 0 
7f5dc8c7b000-7f5dc8c86000 rw-p 00000000 00:00 0 
7f5dc8c86000-7f5dc8cce000 rw-p 00000000 00:00 0 
7f5dc8cce000-7f5dc8cf8000 rw-p 00000000 00:00 0 
7f5dc8cf8000-7f5dc8f63000 rw-p 00000000 00:00 0 
7f5dc8f63000-7f5dc8fb3000 rw-p 00000000 00:00 0 
7f5dc8fb3000-7f5dc8fb5000 ---p 00000000 00:00 0 
7f5dc8fb5000-7f5dc90ae000 rw-p 00000000 00:00 0 
7f5dc90ae000-7f5dc90af000 rw-p 00000000 00:00 0 
7f5dc90af000-7f5dc90b7000 r-xp 00000000 08:09 1067008                    /usr/lib/jvm/java-7-openjdk-amd64/jre/lib/amd64/libzip.so
7f5dc90b7000-7f5dc92b6000 ---p 00008000 08:09 1067008                    /usr/lib/jvm/java-7-openjdk-amd64/jre/lib/amd64/libzip.so
7f5dc92b6000-7f5dc92b7000 r--p 00007000 08:09 1067008                    /usr/lib/jvm/java-7-openjdk-amd64/jre/lib/amd64/libzip.so
7f5dc92b7000-7f5dc92b8000 rw-p 00008000 08:09 1067008                    /usr/lib/jvm/java-7-openjdk-amd64/jre/lib/amd64/libzip.so
7f5dc92b8000-7f5dc92c3000 r-xp 00000000 08:09 3019095                    /lib/x86_64-linux-gnu/libnss_files-2.19.so
7f5dc92c3000-7f5dc94c2000 ---p 0000b000 08:09 3019095                    /lib/x86_64-linux-gnu/libnss_files-2.19.so
7f5dc94c2000-7f5dc94c3000 r--p 0000a000 08:09 3019095                    /lib/x86_64-linux-gnu/libnss_files-2.19.so
7f5dc94c3000-7f5dc94c4000 rw-p 0000b000 08:09 3019095                    /lib/x86_64-linux-gnu/libnss_files-2.19.so
7f5dc94c4000-7f5dc94cf000 r-xp 00000000 08:09 3019105                    /lib/x86_64-linux-gnu/libnss_nis-2.19.so
7f5dc94cf000-7f5dc96ce000 ---p 0000b000 08:09 3019105                    /lib/x86_64-linux-gnu/libnss_nis-2.19.so
7f5dc96ce000-7f5dc96cf000 r--p 0000a000 08:09 3019105                    /lib/x86_64-linux-gnu/libnss_nis-2.19.so
7f5dc96cf000-7f5dc96d0000 rw-p 0000b000 08:09 3019105                    /lib/x86_64-linux-gnu/libnss_nis-2.19.so
7f5dc96d0000-7f5dc96e7000 r-xp 00000000 08:09 3019089                    /lib/x86_64-linux-gnu/libnsl-2.19.so
7f5dc96e7000-7f5dc98e6000 ---p 00017000 08:09 3019089                    /lib/x86_64-linux-gnu/libnsl-2.19.so
7f5dc98e6000-7f5dc98e7000 r--p 00016000 08:09 3019089                    /lib/x86_64-linux-gnu/libnsl-2.19.so
7f5dc98e7000-7f5dc98e8000 rw-p 00017000 08:09 3019089                    /lib/x86_64-linux-gnu/libnsl-2.19.so
7f5dc98e8000-7f5dc98ea000 rw-p 00000000 00:00 0 
7f5dc98ea000-7f5dc98f3000 r-xp 00000000 08:09 3019091                    /lib/x86_64-linux-gnu/libnss_compat-2.19.so
7f5dc98f3000-7f5dc9af2000 ---p 00009000 08:09 3019091                    /lib/x86_64-linux-gnu/libnss_compat-2.19.so
7f5dc9af2000-7f5dc9af3000 r--p 00008000 08:09 3019091                    /lib/x86_64-linux-gnu/libnss_compat-2.19.so
7f5dc9af3000-7f5dc9af4000 rw-p 00009000 08:09 3019091                    /lib/x86_64-linux-gnu/libnss_compat-2.19.so
7f5dc9af4000-7f5dc9b1f000 r-xp 00000000 08:09 1067042                    /usr/lib/jvm/java-7-openjdk-amd64/jre/lib/amd64/libjava.so
7f5dc9b1f000-7f5dc9d1e000 ---p 0002b000 08:09 1067042                    /usr/lib/jvm/java-7-openjdk-amd64/jre/lib/amd64/libjava.so
7f5dc9d1e000-7f5dc9d1f000 r--p 0002a000 08:09 1067042                    /usr/lib/jvm/java-7-openjdk-amd64/jre/lib/amd64/libjava.so
7f5dc9d1f000-7f5dc9d21000 rw-p 0002b000 08:09 1067042                    /usr/lib/jvm/java-7-openjdk-amd64/jre/lib/amd64/libjava.so
7f5dc9d21000-7f5dc9d31000 r-xp 00000000 08:09 1067024                    /usr/lib/jvm/java-7-openjdk-amd64/jre/lib/amd64/libverify.so
7f5dc9d31000-7f5dc9f30000 ---p 00010000 08:09 1067024                    /usr/lib/jvm/java-7-openjdk-amd64/jre/lib/amd64/libverify.so
7f5dc9f30000-7f5dc9f32000 r--p 0000f000 08:09 1067024                    /usr/lib/jvm/java-7-openjdk-amd64/jre/lib/amd64/libverify.so
7f5dc9f32000-7f5dc9f33000 rw-p 00011000 08:09 1067024                    /usr/lib/jvm/java-7-openjdk-amd64/jre/lib/amd64/libverify.so
7f5dc9f33000-7f5dc9f3a000 r-xp 00000000 08:09 3019148                    /lib/x86_64-linux-gnu/librt-2.19.so
7f5dc9f3a000-7f5dca139000 ---p 00007000 08:09 3019148                    /lib/x86_64-linux-gnu/librt-2.19.so
7f5dca139000-7f5dca13a000 r--p 00006000 08:09 3019148                    /lib/x86_64-linux-gnu/librt-2.19.so
7f5dca13a000-7f5dca13b000 rw-p 00007000 08:09 3019148                    /lib/x86_64-linux-gnu/librt-2.19.so
7f5dca13b000-7f5dca151000 r-xp 00000000 08:09 3019046                    /lib/x86_64-linux-gnu/libgcc_s.so.1
7f5dca151000-7f5dca350000 ---p 00016000 08:09 3019046                    /lib/x86_64-linux-gnu/libgcc_s.so.1
7f5dca350000-7f5dca351000 rw-p 00015000 08:09 3019046                    /lib/x86_64-linux-gnu/libgcc_s.so.1
7f5dca351000-7f5dca456000 r-xp 00000000 08:09 3019070                    /lib/x86_64-linux-gnu/libm-2.19.so
7f5dca456000-7f5dca655000 ---p 00105000 08:09 3019070                    /lib/x86_64-linux-gnu/libm-2.19.so
7f5dca655000-7f5dca656000 r--p 00104000 08:09 3019070                    /lib/x86_64-linux-gnu/libm-2.19.so
7f5dca656000-7f5dca657000 rw-p 00105000 08:09 3019070                    /lib/x86_64-linux-gnu/libm-2.19.so
7f5dca657000-7f5dca73d000 r-xp 00000000 08:09 923069                     /usr/lib/x86_64-linux-gnu/libstdc++.so.6.0.19
7f5dca73d000-7f5dca93c000 ---p 000e6000 08:09 923069                     /usr/lib/x86_64-linux-gnu/libstdc++.so.6.0.19
7f5dca93c000-7f5dca944000 r--p 000e5000 08:09 923069                     /usr/lib/x86_64-linux-gnu/libstdc++.so.6.0.19
7f5dca944000-7f5dca946000 rw-p 000ed000 08:09 923069                     /usr/lib/x86_64-linux-gnu/libstdc++.so.6.0.19
7f5dca946000-7f5dca95b000 rw-p 00000000 00:00 0 
7f5dca95b000-7f5dcb474000 r-xp 00000000 08:09 1067012                    /usr/lib/jvm/java-7-openjdk-amd64/jre/lib/amd64/server/libjvm.so
7f5dcb474000-7f5dcb674000 ---p 00b19000 08:09 1067012                    /usr/lib/jvm/java-7-openjdk-amd64/jre/lib/amd64/server/libjvm.so
7f5dcb674000-7f5dcb70e000 r--p 00b19000 08:09 1067012                    /usr/lib/jvm/java-7-openjdk-amd64/jre/lib/amd64/server/libjvm.so
7f5dcb70e000-7f5dcb731000 rw-p 00bb3000 08:09 1067012                    /usr/lib/jvm/java-7-openjdk-amd64/jre/lib/amd64/server/libjvm.so
7f5dcb731000-7f5dcb75f000 rw-p 00000000 00:00 0 
7f5dcb75f000-7f5dcb777000 r-xp 00000000 08:09 3019183                    /lib/x86_64-linux-gnu/libz.so.1.2.8
7f5dcb777000-7f5dcb976000 ---p 00018000 08:09 3019183                    /lib/x86_64-linux-gnu/libz.so.1.2.8
7f5dcb976000-7f5dcb977000 r--p 00017000 08:09 3019183                    /lib/x86_64-linux-gnu/libz.so.1.2.8
7f5dcb977000-7f5dcb978000 rw-p 00018000 08:09 3019183                    /lib/x86_64-linux-gnu/libz.so.1.2.8
7f5dcb978000-7f5dcb991000 r-xp 00000000 08:09 3019140                    /lib/x86_64-linux-gnu/libpthread-2.19.so
7f5dcb991000-7f5dcbb90000 ---p 00019000 08:09 3019140                    /lib/x86_64-linux-gnu/libpthread-2.19.so
7f5dcbb90000-7f5dcbb91000 r--p 00018000 08:09 3019140                    /lib/x86_64-linux-gnu/libpthread-2.19.so
7f5dcbb91000-7f5dcbb92000 rw-p 00019000 08:09 3019140                    /lib/x86_64-linux-gnu/libpthread-2.19.so
7f5dcbb92000-7f5dcbb96000 rw-p 00000000 00:00 0 
7f5dcbb96000-7f5dcbb99000 r-xp 00000000 08:09 3019036                    /lib/x86_64-linux-gnu/libdl-2.19.so
7f5dcbb99000-7f5dcbd98000 ---p 00003000 08:09 3019036                    /lib/x86_64-linux-gnu/libdl-2.19.so
7f5dcbd98000-7f5dcbd99000 r--p 00002000 08:09 3019036                    /lib/x86_64-linux-gnu/libdl-2.19.so
7f5dcbd99000-7f5dcbd9a000 rw-p 00003000 08:09 3019036                    /lib/x86_64-linux-gnu/libdl-2.19.so
7f5dcbd9a000-7f5dcbf55000 r-xp 00000000 08:09 3019019                    /lib/x86_64-linux-gnu/libc-2.19.so
7f5dcbf55000-7f5dcc154000 ---p 001bb000 08:09 3019019                    /lib/x86_64-linux-gnu/libc-2.19.so
7f5dcc154000-7f5dcc158000 r--p 001ba000 08:09 3019019                    /lib/x86_64-linux-gnu/libc-2.19.so
7f5dcc158000-7f5dcc15a000 rw-p 001be000 08:09 3019019                    /lib/x86_64-linux-gnu/libc-2.19.so
7f5dcc15a000-7f5dcc15f000 rw-p 00000000 00:00 0 
7f5dcc15f000-7f5dcc16c000 r-xp 00000000 08:09 1067010                    /usr/lib/jvm/java-7-openjdk-amd64/jre/lib/amd64/jli/libjli.so
7f5dcc16c000-7f5dcc36b000 ---p 0000d000 08:09 1067010                    /usr/lib/jvm/java-7-openjdk-amd64/jre/lib/amd64/jli/libjli.so
7f5dcc36b000-7f5dcc36c000 r--p 0000c000 08:09 1067010                    /usr/lib/jvm/java-7-openjdk-amd64/jre/lib/amd64/jli/libjli.so
7f5dcc36c000-7f5dcc36d000 rw-p 0000d000 08:09 1067010                    /usr/lib/jvm/java-7-openjdk-amd64/jre/lib/amd64/jli/libjli.so
7f5dcc36d000-7f5dcc390000 r-xp 00000000 08:09 3018993                    /lib/x86_64-linux-gnu/ld-2.19.so
7f5dcc392000-7f5dcc393000 rw-p 00000000 00:00 0 
7f5dcc393000-7f5dcc39a000 r--s 00000000 08:09 1314010                    /usr/lib/x86_64-linux-gnu/gconv/gconv-modules.cache
7f5dcc39a000-7f5dcc39f000 r--s 0004d000 08:09 1049734                    /usr/lib/jvm/java-7-openjdk-amd64/jre/lib/jsse.jar
7f5dcc39f000-7f5dcc3a9000 rw-p 00000000 00:00 0 
7f5dcc3a9000-7f5dcc45f000 rw-p 00000000 00:00 0 
7f5dcc45f000-7f5dcc462000 ---p 00000000 00:00 0 
7f5dcc462000-7f5dcc565000 rw-p 00000000 00:00 0                          [stack:21522]
7f5dcc565000-7f5dcc56f000 r--s 000ae000 08:09 1049719                    /usr/lib/jvm/java-7-openjdk-amd64/jre/lib/resources.jar
7f5dcc56f000-7f5dcc571000 r--s 00006000 08:09 1320702                    /usr/share/java/java-atk-wrapper.jar
7f5dcc571000-7f5dcc575000 r--s 0003c000 08:09 1066998                    /usr/lib/jvm/java-7-openjdk-amd64/jre/lib/ext/sunpkcs11.jar
7f5dcc575000-7f5dcc578000 r--s 0000f000 08:09 1066999                    /usr/lib/jvm/java-7-openjdk-amd64/jre/lib/ext/icedtea-sound.jar
7f5dcc578000-7f5dcc57c000 r--s 00034000 08:09 1066997                    /usr/lib/jvm/java-7-openjdk-amd64/jre/lib/ext/sunjce_provider.jar
7f5dcc57c000-7f5dcc580000 r--s 00085000 08:09 1066994                    /usr/lib/jvm/java-7-openjdk-amd64/jre/lib/ext/localedata.jar
7f5dcc580000-7f5dcc581000 r--s 00002000 08:09 1066996                    /usr/lib/jvm/java-7-openjdk-amd64/jre/lib/ext/dnsns.jar
7f5dcc581000-7f5dcc583000 r--s 00012000 08:09 1067000                    /usr/lib/jvm/java-7-openjdk-amd64/jre/lib/ext/zipfs.jar
7f5dcc583000-7f5dcc58b000 rw-s 00000000 08:09 1723574                    /tmp/hsperfdata_qqwy/21516
7f5dcc58b000-7f5dcc58c000 rw-p 00000000 00:00 0 
7f5dcc58c000-7f5dcc58d000 ---p 00000000 00:00 0 
7f5dcc58d000-7f5dcc58f000 rw-p 00000000 00:00 0 
7f5dcc58f000-7f5dcc590000 r--p 00022000 08:09 3018993                    /lib/x86_64-linux-gnu/ld-2.19.so
7f5dcc590000-7f5dcc591000 rw-p 00023000 08:09 3018993                    /lib/x86_64-linux-gnu/ld-2.19.so
7f5dcc591000-7f5dcc592000 rw-p 00000000 00:00 0 
7fff92d74000-7fff92d95000 rw-p 00000000 00:00 0                          [stack]
7fff92db9000-7fff92dbb000 r-xp 00000000 00:00 0                          [vdso]
7fff92dbb000-7fff92dbd000 r--p 00000000 00:00 0                          [vvar]
ffffffffff600000-ffffffffff601000 r-xp 00000000 00:00 0                  [vsyscall]

VM Arguments:
jvm_args: -Dfile.encoding=UTF-8 
java_command: aoop.asteroids.Asteroids
Launcher Type: SUN_STANDARD

Environment Variables:
PATH=/usr/local/sbin:/usr/local/bin:/usr/sbin:/usr/bin:/sbin:/bin:/usr/games:/usr/local/games:/home/qqwy/.rvm/bin
USERNAME=qqwy
SHELL=/bin/bash
DISPLAY=:0

Signal Handlers:
SIGSEGV: [libjvm.so+0x94bab0], sa_mask[0]=0x7ffbfeff, sa_flags=0x10000004
SIGBUS: [libjvm.so+0x94bab0], sa_mask[0]=0x7ffbfeff, sa_flags=0x10000004
SIGFPE: [libjvm.so+0x7c38b0], sa_mask[0]=0x7ffbfeff, sa_flags=0x10000004
SIGPIPE: [libjvm.so+0x7c38b0], sa_mask[0]=0x7ffbfeff, sa_flags=0x10000004
SIGXFSZ: [libjvm.so+0x7c38b0], sa_mask[0]=0x7ffbfeff, sa_flags=0x10000004
SIGILL: [libjvm.so+0x7c38b0], sa_mask[0]=0x7ffbfeff, sa_flags=0x10000004
SIGUSR1: SIG_DFL, sa_mask[0]=0x00000000, sa_flags=0x00000000
SIGUSR2: [libjvm.so+0x7c3750], sa_mask[0]=0x00000004, sa_flags=0x10000004
SIGHUP: [libjvm.so+0x7c3930], sa_mask[0]=0x7ffbfeff, sa_flags=0x10000004
SIGINT: [libjvm.so+0x7c3930], sa_mask[0]=0x7ffbfeff, sa_flags=0x10000004
SIGTERM: [libjvm.so+0x7c3930], sa_mask[0]=0x7ffbfeff, sa_flags=0x10000004
SIGQUIT: [libjvm.so+0x7c3930], sa_mask[0]=0x7ffbfeff, sa_flags=0x10000004
SIGTRAP: SIG_DFL, sa_mask[0]=0x00000000, sa_flags=0x00000000


---------------  S Y S T E M  ---------------

OS:LinuxMint 17.2 (rafaela)
uname:Linux 3.16.0-38-generic #52~14.04.1-Ubuntu SMP Fri May 8 09:43:57 UTC 2015 x86_64
libc:glibc 2.19 NPTL 2.19 
rlimit: STACK 8192k, CORE 0k, NPROC 31298, NOFILE 4096, AS infinity
load average:1,98 0,82 0,60

/proc/meminfo:
MemTotal:        8122532 kB
MemFree:          132728 kB
MemAvailable:     105740 kB
Buffers:             816 kB
Cached:           541444 kB
SwapCached:            0 kB
Active:          7090628 kB
Inactive:         520660 kB
Active(anon):    7070924 kB
Inactive(anon):   477592 kB
Active(file):      19704 kB
Inactive(file):    43068 kB
Unevictable:          16 kB
Mlocked:              16 kB
SwapTotal:             0 kB
SwapFree:              0 kB
Dirty:               420 kB
Writeback:             0 kB
AnonPages:       7069224 kB
Mapped:           571228 kB
Shmem:            479308 kB
Slab:             125076 kB
SReclaimable:      52180 kB
SUnreclaim:        72896 kB
KernelStack:       16240 kB
PageTables:        96216 kB
NFS_Unstable:          0 kB
Bounce:                0 kB
WritebackTmp:          0 kB
CommitLimit:     4061264 kB
Committed_AS:   20231372 kB
VmallocTotal:   34359738367 kB
VmallocUsed:      130316 kB
VmallocChunk:   34359597052 kB
HardwareCorrupted:     0 kB
AnonHugePages:   2426880 kB
HugePages_Total:       0
HugePages_Free:        0
HugePages_Rsvd:        0
HugePages_Surp:        0
Hugepagesize:       2048 kB
DirectMap4k:      319232 kB
DirectMap2M:     8015872 kB


CPU:total 8 (4 cores per cpu, 2 threads per core) family 6 model 58 stepping 9, cmov, cx8, fxsr, mmx, sse, sse2, sse3, ssse3, sse4.1, sse4.2, popcnt, avx, aes, erms, ht, tsc, tscinvbit, tscinv

/proc/cpuinfo:
processor	: 0
vendor_id	: GenuineIntel
cpu family	: 6
model		: 58
model name	: Intel(R) Core(TM) i7-3630QM CPU @ 2.40GHz
stepping	: 9
microcode	: 0x15
cpu MHz		: 1200.093
cache size	: 6144 KB
physical id	: 0
siblings	: 8
core id		: 0
cpu cores	: 4
apicid		: 0
initial apicid	: 0
fpu		: yes
fpu_exception	: yes
cpuid level	: 13
wp		: yes
flags		: fpu vme de pse tsc msr pae mce cx8 apic sep mtrr pge mca cmov pat pse36 clflush dts acpi mmx fxsr sse sse2 ss ht tm pbe syscall nx rdtscp lm constant_tsc arch_perfmon pebs bts rep_good nopl xtopology nonstop_tsc aperfmperf eagerfpu pni pclmulqdq dtes64 monitor ds_cpl vmx est tm2 ssse3 cx16 xtpr pdcm pcid sse4_1 sse4_2 x2apic popcnt tsc_deadline_timer aes xsave avx f16c rdrand lahf_lm ida arat epb xsaveopt pln pts dtherm tpr_shadow vnmi flexpriority ept vpid fsgsbase smep erms
bogomips	: 4789.56
clflush size	: 64
cache_alignment	: 64
address sizes	: 36 bits physical, 48 bits virtual
power management:

processor	: 1
vendor_id	: GenuineIntel
cpu family	: 6
model		: 58
model name	: Intel(R) Core(TM) i7-3630QM CPU @ 2.40GHz
stepping	: 9
microcode	: 0x15
cpu MHz		: 1230.093
cache size	: 6144 KB
physical id	: 0
siblings	: 8
core id		: 0
cpu cores	: 4
apicid		: 1
initial apicid	: 1
fpu		: yes
fpu_exception	: yes
cpuid level	: 13
wp		: yes
flags		: fpu vme de pse tsc msr pae mce cx8 apic sep mtrr pge mca cmov pat pse36 clflush dts acpi mmx fxsr sse sse2 ss ht tm pbe syscall nx rdtscp lm constant_tsc arch_perfmon pebs bts rep_good nopl xtopology nonstop_tsc aperfmperf eagerfpu pni pclmulqdq dtes64 monitor ds_cpl vmx est tm2 ssse3 cx16 xtpr pdcm pcid sse4_1 sse4_2 x2apic popcnt tsc_deadline_timer aes xsave avx f16c rdrand lahf_lm ida arat epb xsaveopt pln pts dtherm tpr_shadow vnmi flexpriority ept vpid fsgsbase smep erms
bogomips	: 4789.56
clflush size	: 64
cache_alignment	: 64
address sizes	: 36 bits physical, 48 bits virtual
power management:

processor	: 2
vendor_id	: GenuineIntel
cpu family	: 6
model		: 58
model name	: Intel(R) Core(TM) i7-3630QM CPU @ 2.40GHz
stepping	: 9
microcode	: 0x15
cpu MHz		: 1270.875
cache size	: 6144 KB
physical id	: 0
siblings	: 8
core id		: 1
cpu cores	: 4
apicid		: 2
initial apicid	: 2
fpu		: yes
fpu_exception	: yes
cpuid level	: 13
wp		: yes
flags		: fpu vme de pse tsc msr pae mce cx8 apic sep mtrr pge mca cmov pat pse36 clflush dts acpi mmx fxsr sse sse2 ss ht tm pbe syscall nx rdtscp lm constant_tsc arch_perfmon pebs bts rep_good nopl xtopology nonstop_tsc aperfmperf eagerfpu pni pclmulqdq dtes64 monitor ds_cpl vmx est tm2 ssse3 cx16 xtpr pdcm pcid sse4_1 sse4_2 x2apic popcnt tsc_deadline_timer aes xsave avx f16c rdrand lahf_lm ida arat epb xsaveopt pln pts dtherm tpr_shadow vnmi flexpriority ept vpid fsgsbase smep erms
bogomips	: 4789.56
clflush size	: 64
cache_alignment	: 64
address sizes	: 36 bits physical, 48 bits virtual
power management:

processor	: 3
vendor_id	: GenuineIntel
cpu family	: 6
model		: 58
model name	: Intel(R) Core(TM) i7-3630QM CPU @ 2.40GHz
stepping	: 9
microcode	: 0x15
cpu MHz		: 1201.218
cache size	: 6144 KB
physical id	: 0
siblings	: 8
core id		: 1
cpu cores	: 4
apicid		: 3
initial apicid	: 3
fpu		: yes
fpu_exception	: yes
cpuid level	: 13
wp		: yes
flags		: fpu vme de pse tsc msr pae mce cx8 apic sep mtrr pge mca cmov pat pse36 clflush dts acpi mmx fxsr sse sse2 ss ht tm pbe syscall nx rdtscp lm constant_tsc arch_perfmon pebs bts rep_good nopl xtopology nonstop_tsc aperfmperf eagerfpu pni pclmulqdq dtes64 monitor ds_cpl vmx est tm2 ssse3 cx16 xtpr pdcm pcid sse4_1 sse4_2 x2apic popcnt tsc_deadline_timer aes xsave avx f16c rdrand lahf_lm ida arat epb xsaveopt pln pts dtherm tpr_shadow vnmi flexpriority ept vpid fsgsbase smep erms
bogomips	: 4789.56
clflush size	: 64
cache_alignment	: 64
address sizes	: 36 bits physical, 48 bits virtual
power management:

processor	: 4
vendor_id	: GenuineIntel
cpu family	: 6
model		: 58
model name	: Intel(R) Core(TM) i7-3630QM CPU @ 2.40GHz
stepping	: 9
microcode	: 0x15
cpu MHz		: 1201.031
cache size	: 6144 KB
physical id	: 0
siblings	: 8
core id		: 2
cpu cores	: 4
apicid		: 4
initial apicid	: 4
fpu		: yes
fpu_exception	: yes
cpuid level	: 13
wp		: yes
flags		: fpu vme de pse tsc msr pae mce cx8 apic sep mtrr pge mca cmov pat pse36 clflush dts acpi mmx fxsr sse sse2 ss ht tm pbe syscall nx rdtscp lm constant_tsc arch_perfmon pebs bts rep_good nopl xtopology nonstop_tsc aperfmperf eagerfpu pni pclmulqdq dtes64 monitor ds_cpl vmx est tm2 ssse3 cx16 xtpr pdcm pcid sse4_1 sse4_2 x2apic popcnt tsc_deadline_timer aes xsave avx f16c rdrand lahf_lm ida arat epb xsaveopt pln pts dtherm tpr_shadow vnmi flexpriority ept vpid fsgsbase smep erms
bogomips	: 4789.56
clflush size	: 64
cache_alignment	: 64
address sizes	: 36 bits physical, 48 bits virtual
power management:

processor	: 5
vendor_id	: GenuineIntel
cpu family	: 6
model		: 58
model name	: Intel(R) Core(TM) i7-3630QM CPU @ 2.40GHz
stepping	: 9
microcode	: 0x15
cpu MHz		: 1219.312
cache size	: 6144 KB
physical id	: 0
siblings	: 8
core id		: 2
cpu cores	: 4
apicid		: 5
initial apicid	: 5
fpu		: yes
fpu_exception	: yes
cpuid level	: 13
wp		: yes
flags		: fpu vme de pse tsc msr pae mce cx8 apic sep mtrr pge mca cmov pat pse36 clflush dts acpi mmx fxsr sse sse2 ss ht tm pbe syscall nx rdtscp lm constant_tsc arch_perfmon pebs bts rep_good nopl xtopology nonstop_tsc aperfmperf eagerfpu pni pclmulqdq dtes64 monitor ds_cpl vmx est tm2 ssse3 cx16 xtpr pdcm pcid sse4_1 sse4_2 x2apic popcnt tsc_deadline_timer aes xsave avx f16c rdrand lahf_lm ida arat epb xsaveopt pln pts dtherm tpr_shadow vnmi flexpriority ept vpid fsgsbase smep erms
bogomips	: 4789.56
clflush size	: 64
cache_alignment	: 64
address sizes	: 36 bits physical, 48 bits virtual
power management:

processor	: 6
vendor_id	: GenuineIntel
cpu family	: 6
model		: 58
model name	: Intel(R) Core(TM) i7-3630QM CPU @ 2.40GHz
stepping	: 9
microcode	: 0x15
cpu MHz		: 1207.687
cache size	: 6144 KB
physical id	: 0
siblings	: 8
core id		: 3
cpu cores	: 4
apicid		: 6
initial apicid	: 6
fpu		: yes
fpu_exception	: yes
cpuid level	: 13
wp		: yes
flags		: fpu vme de pse tsc msr pae mce cx8 apic sep mtrr pge mca cmov pat pse36 clflush dts acpi mmx fxsr sse sse2 ss ht tm pbe syscall nx rdtscp lm constant_tsc arch_perfmon pebs bts rep_good nopl xtopology nonstop_tsc aperfmperf eagerfpu pni pclmulqdq dtes64 monitor ds_cpl vmx est tm2 ssse3 cx16 xtpr pdcm pcid sse4_1 sse4_2 x2apic popcnt tsc_deadline_timer aes xsave avx f16c rdrand lahf_lm ida arat epb xsaveopt pln pts dtherm tpr_shadow vnmi flexpriority ept vpid fsgsbase smep erms
bogomips	: 4789.56
clflush size	: 64
cache_alignment	: 64
address sizes	: 36 bits physical, 48 bits virtual
power management:

processor	: 7
vendor_id	: GenuineIntel
cpu family	: 6
model		: 58
model name	: Intel(R) Core(TM) i7-3630QM CPU @ 2.40GHz
stepping	: 9
microcode	: 0x15
cpu MHz		: 1272.656
cache size	: 6144 KB
physical id	: 0
siblings	: 8
core id		: 3
cpu cores	: 4
apicid		: 7
initial apicid	: 7
fpu		: yes
fpu_exception	: yes
cpuid level	: 13
wp		: yes
flags		: fpu vme de pse tsc msr pae mce cx8 apic sep mtrr pge mca cmov pat pse36 clflush dts acpi mmx fxsr sse sse2 ss ht tm pbe syscall nx rdtscp lm constant_tsc arch_perfmon pebs bts rep_good nopl xtopology nonstop_tsc aperfmperf eagerfpu pni pclmulqdq dtes64 monitor ds_cpl vmx est tm2 ssse3 cx16 xtpr pdcm pcid sse4_1 sse4_2 x2apic popcnt tsc_deadline_timer aes xsave avx f16c rdrand lahf_lm ida arat epb xsaveopt pln pts dtherm tpr_shadow vnmi flexpriority ept vpid fsgsbase smep erms
bogomips	: 4789.56
clflush size	: 64
cache_alignment	: 64
address sizes	: 36 bits physical, 48 bits virtual
power management:



Memory: 4k page, physical 8122532k(132728k free), swap 0k(0k free)

vm_info: OpenJDK 64-Bit Server VM (24.79-b02) for linux-amd64 JRE (1.7.0_79-b14), built on Jul 24 2015 08:15:54 by "buildd" with gcc 4.8.2

time: Tue Oct 20 13:46:38 2015
elapsed time: 17 seconds

