#
# There is insufficient memory for the Java Runtime Environment to continue.
# Native memory allocation (malloc) failed to allocate 220725248 bytes for committing reserved memory.
# Possible reasons:
#   The system is out of physical RAM or swap space
#   In 32 bit mode, the process size limit was hit
# Possible solutions:
#   Reduce memory load on the system
#   Increase physical memory or swap space
#   Check if swap backing store is full
#   Use 64 bit Java on a 64 bit OS
#   Decrease Java heap size (-Xmx/-Xms)
#   Decrease number of Java threads
#   Decrease Java thread stack sizes (-Xss)
#   Set larger code cache with -XX:ReservedCodeCacheSize=
# This output file may be truncated or incomplete.
#
#  Out of Memory Error (os_linux.cpp:2809), pid=20828, tid=139707143182080
#
# JRE version: OpenJDK Runtime Environment (7.0_79-b14) (build 1.7.0_79-b14)
# Java VM: OpenJDK 64-Bit Server VM (24.79-b02 mixed mode linux-amd64 compressed oops)
# Derivative: IcedTea 2.5.6
# Distribution: Ubuntu 14.04 LTS, package 7u79-2.5.6-0ubuntu1.14.04.1
# Failed to write core dump. Core dumps have been disabled. To enable core dumping, try "ulimit -c unlimited" before starting Java again
#

---------------  T H R E A D  ---------------

Current thread (0x00007f102c07e000):  VMThread [stack: 0x00007f101a945000,0x00007f101aa46000] [id=20843]

Stack: [0x00007f101a945000,0x00007f101aa46000],  sp=0x00007f101aa44490,  free space=1021k
Native frames: (J=compiled Java code, j=interpreted, Vv=VM code, C=native code)
V  [libjvm.so+0x94afd5]  VMError::report_and_die()+0x175
V  [libjvm.so+0x48b9f4]  report_vm_out_of_memory(char const*, int, unsigned long, char const*)+0x74
V  [libjvm.so+0x7c809b]  os::pd_commit_memory(char*, unsigned long, unsigned long, bool)+0xeb
V  [libjvm.so+0x7c2b3f]  os::commit_memory(char*, unsigned long, unsigned long, bool)+0x1f
V  [libjvm.so+0x83503b]  PSVirtualSpace::expand_by(unsigned long)+0x5b
V  [libjvm.so+0x835e90]  PSYoungGen::resize_generation(unsigned long, unsigned long)+0xb0
V  [libjvm.so+0x83657b]  PSYoungGen::resize(unsigned long, unsigned long)+0x1b
V  [libjvm.so+0x832860]  PSScavenge::invoke_no_policy()+0xde0
V  [libjvm.so+0x833038]  PSScavenge::invoke()+0x38
V  [libjvm.so+0x7e9723]  ParallelScavengeHeap::failed_mem_allocate(unsigned long)+0x63
V  [libjvm.so+0x94c9d4]  VM_ParallelGCFailedAllocation::doit()+0x84
V  [libjvm.so+0x950ed7]  VM_Operation::evaluate()+0x47
V  [libjvm.so+0x94f848]  VMThread::evaluate_operation(VM_Operation*)+0x318
V  [libjvm.so+0x94fca9]  VMThread::loop()+0x219
V  [libjvm.so+0x9500f2]  VMThread::run()+0x72
V  [libjvm.so+0x7c4f62]  java_start(Thread*)+0xf2

VM_Operation (0x00007f100b034790): ParallelGCFailedAllocation, mode: safepoint, requested by thread 0x00007f0fc40ce000


---------------  P R O C E S S  ---------------

Java Threads: ( => current thread )
  0x00007f0fa8076800 JavaThread "Thread-7" [_thread_blocked, id=20870, stack(0x00007f100a32e000,0x00007f100a42f000)]
  0x00007f0fa806f000 JavaThread "PulseAudio Eventloop Thread" daemon [_thread_blocked, id=20869, stack(0x00007f100a42f000,0x00007f100a530000)]
  0x00007f0fbc002800 JavaThread "Thread-5" [_thread_blocked, id=20863, stack(0x00007f100ac32000,0x00007f100ad33000)]
  0x00007f0fc40d4800 JavaThread "Thread-4" [_thread_blocked, id=20862, stack(0x00007f100ad33000,0x00007f100ae34000)]
  0x00007f0fc40d0000 JavaThread "asteroids.udp.ServerThread" [_thread_in_native, id=20861, stack(0x00007f100ae34000,0x00007f100af35000)]
  0x00007f0fc40ce000 JavaThread "asteroids.udp.ClientThread" [_thread_blocked, id=20860, stack(0x00007f100af35000,0x00007f100b036000)]
  0x00007f0fc40cc800 JavaThread "Thread-3" [_thread_blocked, id=20859, stack(0x00007f100b036000,0x00007f100b137000)]
  0x00007f102c00a000 JavaThread "DestroyJavaVM" [_thread_blocked, id=20834, stack(0x00007f10340cc000,0x00007f10341cd000)]
  0x00007f102c38a000 JavaThread "AWT-EventQueue-0" [_thread_blocked, id=20858, stack(0x00007f100b7cb000,0x00007f100b8cc000)]
  0x00007f102c316800 JavaThread "AWT-Shutdown" [_thread_blocked, id=20857, stack(0x00007f100bad5000,0x00007f100bbd6000)]
  0x00007f102c2c4800 JavaThread "TimerQueue" daemon [_thread_blocked, id=20854, stack(0x00007f1010098000,0x00007f1010199000)]
  0x00007f102c210800 JavaThread "AWT-XAWT" daemon [_thread_blocked, id=20853, stack(0x00007f101041f000,0x00007f1010520000)]
  0x00007f102c1eb000 JavaThread "Java2D Disposer" daemon [_thread_blocked, id=20852, stack(0x00007f1010930000,0x00007f1010a31000)]
  0x00007f102c0b8000 JavaThread "Service Thread" daemon [_thread_blocked, id=20849, stack(0x00007f101a075000,0x00007f101a176000)]
  0x00007f102c0b6000 JavaThread "C2 CompilerThread1" daemon [_thread_blocked, id=20848, stack(0x00007f101a176000,0x00007f101a277000)]
  0x00007f102c0b3000 JavaThread "C2 CompilerThread0" daemon [_thread_blocked, id=20847, stack(0x00007f101a277000,0x00007f101a378000)]
  0x00007f102c0b1000 JavaThread "Signal Dispatcher" daemon [_thread_blocked, id=20846, stack(0x00007f101a378000,0x00007f101a479000)]
  0x00007f102c084800 JavaThread "Finalizer" daemon [_thread_blocked, id=20845, stack(0x00007f101a743000,0x00007f101a844000)]
  0x00007f102c082800 JavaThread "Reference Handler" daemon [_thread_blocked, id=20844, stack(0x00007f101a844000,0x00007f101a945000)]

Other Threads:
=>0x00007f102c07e000 VMThread [stack: 0x00007f101a945000,0x00007f101aa46000] [id=20843]
  0x00007f102c0c3000 WatcherThread [stack: 0x00007f1019f74000,0x00007f101a075000] [id=20850]

VM state:at safepoint (normal execution)

VM Mutex/Monitor currently owned by a thread:  ([mutex/lock_event])
[0x00007f102c006480] Threads_lock - owner thread: 0x00007f102c07e000
[0x00007f102c006980] Heap_lock - owner thread: 0x00007f0fc40ce000

Heap
 PSYoungGen      total 435200K, used 2361K [0x00000007d6a80000, 0x00000007f2d00000, 0x0000000800000000)
  eden space 409088K, 0% used [0x00000007d6a80000,0x00000007d6a80000,0x00000007efa00000)
  from space 26112K, 9% used [0x00000007efa00000,0x00000007efc4e4e8,0x00000007f1380000)
  to   space 25600K, 0% used [0x00000007f1400000,0x00000007f1400000,0x00000007f2d00000)
 ParOldGen       total 84480K, used 52019K [0x0000000784000000, 0x0000000789280000, 0x00000007d6a80000)
  object space 84480K, 61% used [0x0000000784000000,0x00000007872ccce8,0x0000000789280000)
 PSPermGen       total 21504K, used 19182K [0x0000000779a00000, 0x000000077af00000, 0x0000000784000000)
  object space 21504K, 89% used [0x0000000779a00000,0x000000077acbb948,0x000000077af00000)

Card table byte_map: [0x00007f10308e8000,0x00007f1030d1c000] byte_map_base: 0x00007f102cd1b000

Polling page: 0x00007f10341f9000

Code Cache  [0x00007f1029000000, 0x00007f1029270000, 0x00007f102c000000)
 total_blobs=625 nmethods=87 adapters=491 free_code_cache=48331Kb largest_free_block=49463168

Compilation events (10 events):
Event: 8,982 Thread 0x00007f102c0b6000   84             java.lang.Long::parseLong (272 bytes)
Event: 8,982 Thread 0x00007f102c0b3000 nmethod 82 0x00007f10290ca990 code [0x00007f10290cb0a0, 0x00007f10290ce5d0]
Event: 8,993 Thread 0x00007f102c0b6000 nmethod 84 0x00007f10290c99d0 code [0x00007f10290c9ba0, 0x00007f10290ca2f0]
Event: 8,994 Thread 0x00007f102c0b3000   85   !         sun.misc.FloatingDecimal::readJavaFormatString (856 bytes)
Event: 9,018 Thread 0x00007f102c0b3000 nmethod 85 0x00007f10290bb010 code [0x00007f10290bb340, 0x00007f10290bc778]
Event: 9,261 Thread 0x00007f102c0b6000   86             java.util.Arrays::copyOf (19 bytes)
Event: 9,263 Thread 0x00007f102c0b6000 nmethod 86 0x00007f10290ad4d0 code [0x00007f10290ad620, 0x00007f10290ad818]
Event: 9,541 Thread 0x00007f102c0b3000   87             java.lang.Long::getChars (221 bytes)
Event: 9,567 Thread 0x00007f102c0b3000 nmethod 87 0x00007f10290d3250 code [0x00007f10290d33c0, 0x00007f10290d3cd8]
Event: 9,708 Thread 0x00007f102c0b6000   88             java.util.ArrayList::access$200 (5 bytes)

GC Heap History (10 events):
Event: 5,030 GC heap after
Heap after GC invocations=6 (full 0):
 PSYoungGen      total 145920K, used 2651K [0x00000007d6a80000, 0x00000007e0a80000, 0x0000000800000000)
  eden space 129024K, 0% used [0x00000007d6a80000,0x00000007d6a80000,0x00000007de880000)
  from space 16896K, 15% used [0x00000007dfa00000,0x00000007dfc96e10,0x00000007e0a80000)
  to   space 17408K, 0% used [0x00000007de880000,0x00000007de880000,0x00000007df980000)
 ParOldGen       total 84480K, used 16383K [0x0000000784000000, 0x0000000789280000, 0x00000007d6a80000)
  object space 84480K, 19% used [0x0000000784000000,0x0000000784ffff88,0x0000000789280000)
 PSPermGen       total 21504K, used 18598K [0x0000000779a00000, 0x000000077af00000, 0x0000000784000000)
  object space 21504K, 86% used [0x0000000779a00000,0x000000077ac29800,0x000000077af00000)
}
Event: 5,769 GC heap before
{Heap before GC invocations=7 (full 0):
 PSYoungGen      total 145920K, used 123297K [0x00000007d6a80000, 0x00000007e0a80000, 0x0000000800000000)
  eden space 129024K, 93% used [0x00000007d6a80000,0x00000007de0516c0,0x00000007de880000)
  from space 16896K, 15% used [0x00000007dfa00000,0x00000007dfc96e10,0x00000007e0a80000)
  to   space 17408K, 0% used [0x00000007de880000,0x00000007de880000,0x00000007df980000)
 ParOldGen       total 84480K, used 16383K [0x0000000784000000, 0x0000000789280000, 0x00000007d6a80000)
  object space 84480K, 19% used [0x0000000784000000,0x0000000784ffff88,0x0000000789280000)
 PSPermGen       total 21504K, used 19135K [0x0000000779a00000, 0x000000077af00000, 0x0000000784000000)
  object space 21504K, 88% used [0x0000000779a00000,0x000000077acafc18,0x000000077af00000)
Event: 5,791 GC heap after
Heap after GC invocations=7 (full 0):
 PSYoungGen      total 146432K, used 17376K [0x00000007d6a80000, 0x00000007e9180000, 0x0000000800000000)
  eden space 129024K, 0% used [0x00000007d6a80000,0x00000007d6a80000,0x00000007de880000)
  from space 17408K, 99% used [0x00000007de880000,0x00000007df978170,0x00000007df980000)
  to   space 22016K, 0% used [0x00000007e7c00000,0x00000007e7c00000,0x00000007e9180000)
 ParOldGen       total 84480K, used 17754K [0x0000000784000000, 0x0000000789280000, 0x00000007d6a80000)
  object space 84480K, 21% used [0x0000000784000000,0x00000007851569e8,0x0000000789280000)
 PSPermGen       total 21504K, used 19135K [0x0000000779a00000, 0x000000077af00000, 0x0000000784000000)
  object space 21504K, 88% used [0x0000000779a00000,0x000000077acafc18,0x000000077af00000)
}
Event: 6,193 GC heap before
{Heap before GC invocations=8 (full 0):
 PSYoungGen      total 146432K, used 146400K [0x00000007d6a80000, 0x00000007e9180000, 0x0000000800000000)
  eden space 129024K, 100% used [0x00000007d6a80000,0x00000007de880000,0x00000007de880000)
  from space 17408K, 99% used [0x00000007de880000,0x00000007df978170,0x00000007df980000)
  to   space 22016K, 0% used [0x00000007e7c00000,0x00000007e7c00000,0x00000007e9180000)
 ParOldGen       total 84480K, used 17754K [0x0000000784000000, 0x0000000789280000, 0x00000007d6a80000)
  object space 84480K, 21% used [0x0000000784000000,0x00000007851569e8,0x0000000789280000)
 PSPermGen       total 21504K, used 19155K [0x0000000779a00000, 0x000000077af00000, 0x0000000784000000)
  object space 21504K, 89% used [0x0000000779a00000,0x000000077acb4ed0,0x000000077af00000)
Event: 6,211 GC heap after
Heap after GC invocations=8 (full 0):
 PSYoungGen      total 277504K, used 17408K [0x00000007d6a80000, 0x00000007e9680000, 0x0000000800000000)
  eden space 255488K, 0% used [0x00000007d6a80000,0x00000007d6a80000,0x00000007e6400000)
  from space 22016K, 79% used [0x00000007e7c00000,0x00000007e8d00178,0x00000007e9180000)
  to   space 24576K, 0% used [0x00000007e6400000,0x00000007e6400000,0x00000007e7c00000)
 ParOldGen       total 84480K, used 34818K [0x0000000784000000, 0x0000000789280000, 0x00000007d6a80000)
  object space 84480K, 41% used [0x0000000784000000,0x0000000786200b68,0x0000000789280000)
 PSPermGen       total 21504K, used 19155K [0x0000000779a00000, 0x000000077af00000, 0x0000000784000000)
  object space 21504K, 89% used [0x0000000779a00000,0x000000077acb4ed0,0x000000077af00000)
}
Event: 7,182 GC heap before
{Heap before GC invocations=9 (full 0):
 PSYoungGen      total 277504K, used 272896K [0x00000007d6a80000, 0x00000007e9680000, 0x0000000800000000)
  eden space 255488K, 100% used [0x00000007d6a80000,0x00000007e6400000,0x00000007e6400000)
  from space 22016K, 79% used [0x00000007e7c00000,0x00000007e8d00178,0x00000007e9180000)
  to   space 24576K, 0% used [0x00000007e6400000,0x00000007e6400000,0x00000007e7c00000)
 ParOldGen       total 84480K, used 34818K [0x0000000784000000, 0x0000000789280000, 0x00000007d6a80000)
  object space 84480K, 41% used [0x0000000784000000,0x0000000786200b68,0x0000000789280000)
 PSPermGen       total 21504K, used 19176K [0x0000000779a00000, 0x000000077af00000, 0x0000000784000000)
  object space 21504K, 89% used [0x0000000779a00000,0x000000077acba3c0,0x000000077af00000)
Event: 7,201 GC heap after
Heap after GC invocations=9 (full 0):
 PSYoungGen      total 280064K, used 17824K [0x00000007d6a80000, 0x00000007f2e00000, 0x0000000800000000)
  eden space 255488K, 0% used [0x00000007d6a80000,0x00000007d6a80000,0x00000007e6400000)
  from space 24576K, 72% used [0x00000007e6400000,0x00000007e7568148,0x00000007e7c00000)
  to   space 26624K, 0% used [0x00000007f1400000,0x00000007f1400000,0x00000007f2e00000)
 ParOldGen       total 84480K, used 34850K [0x0000000784000000, 0x0000000789280000, 0x00000007d6a80000)
  object space 84480K, 41% used [0x0000000784000000,0x0000000786208b68,0x0000000789280000)
 PSPermGen       total 21504K, used 19176K [0x0000000779a00000, 0x000000077af00000, 0x0000000784000000)
  object space 21504K, 89% used [0x0000000779a00000,0x000000077acba3c0,0x000000077af00000)
}
Event: 8,141 GC heap before
{Heap before GC invocations=10 (full 0):
 PSYoungGen      total 280064K, used 273312K [0x00000007d6a80000, 0x00000007f2e00000, 0x0000000800000000)
  eden space 255488K, 100% used [0x00000007d6a80000,0x00000007e6400000,0x00000007e6400000)
  from space 24576K, 72% used [0x00000007e6400000,0x00000007e7568148,0x00000007e7c00000)
  to   space 26624K, 0% used [0x00000007f1400000,0x00000007f1400000,0x00000007f2e00000)
 ParOldGen       total 84480K, used 34850K [0x0000000784000000, 0x0000000789280000, 0x00000007d6a80000)
  object space 84480K, 41% used [0x0000000784000000,0x0000000786208b68,0x0000000789280000)
 PSPermGen       total 21504K, used 19178K [0x0000000779a00000, 0x000000077af00000, 0x0000000784000000)
  object space 21504K, 89% used [0x0000000779a00000,0x000000077acbabc8,0x000000077af00000)
Event: 8,202 GC heap after
Heap after GC invocations=10 (full 0):
 PSYoungGen      total 434688K, used 3125K [0x00000007d6a80000, 0x00000007f2d00000, 0x0000000800000000)
  eden space 409088K, 0% used [0x00000007d6a80000,0x00000007d6a80000,0x00000007efa00000)
  from space 25600K, 12% used [0x00000007f1400000,0x00000007f170d768,0x00000007f2d00000)
  to   space 26112K, 0% used [0x00000007efa00000,0x00000007efa00000,0x00000007f1380000)
 ParOldGen       total 84480K, used 52003K [0x0000000784000000, 0x0000000789280000, 0x00000007d6a80000)
  object space 84480K, 61% used [0x0000000784000000,0x00000007872c8ce8,0x0000000789280000)
 PSPermGen       total 21504K, used 19178K [0x0000000779a00000, 0x000000077af00000, 0x0000000784000000)
  object space 21504K, 89% used [0x0000000779a00000,0x000000077acbabc8,0x000000077af00000)
}
Event: 10,002 GC heap before
{Heap before GC invocations=11 (full 0):
 PSYoungGen      total 434688K, used 412213K [0x00000007d6a80000, 0x00000007f2d00000, 0x0000000800000000)
  eden space 409088K, 100% used [0x00000007d6a80000,0x00000007efa00000,0x00000007efa00000)
  from space 25600K, 12% used [0x00000007f1400000,0x00000007f170d768,0x00000007f2d00000)
  to   space 26112K, 0% used [0x00000007efa00000,0x00000007efa00000,0x00000007f1380000)
 ParOldGen       total 84480K, used 52003K [0x0000000784000000, 0x0000000789280000, 0x00000007d6a80000)
  object space 84480K, 61% used [0x0000000784000000,0x00000007872c8ce8,0x0000000789280000)
 PSPermGen       total 21504K, used 19182K [0x0000000779a00000, 0x000000077af00000, 0x0000000784000000)
  object space 21504K, 89% used [0x0000000779a00000,0x000000077acbb948,0x000000077af00000)

Deoptimization events (8 events):
Event: 0,567 Thread 0x00007f102c00a000 Uncommon trap: reason=class_check action=maybe_recompile pc=0x00007f102907f544 method=java.util.Properties$LineReader.readLine()I @ 62
Event: 0,568 Thread 0x00007f102c00a000 Uncommon trap: reason=class_check action=maybe_recompile pc=0x00007f102907f544 method=java.util.Properties$LineReader.readLine()I @ 62
Event: 0,569 Thread 0x00007f102c00a000 Uncommon trap: reason=class_check action=maybe_recompile pc=0x00007f102907f544 method=java.util.Properties$LineReader.readLine()I @ 62
Event: 0,569 Thread 0x00007f102c00a000 Uncommon trap: reason=class_check action=maybe_recompile pc=0x00007f102907f544 method=java.util.Properties$LineReader.readLine()I @ 62
Event: 0,690 Thread 0x00007f102c00a000 Uncommon trap: reason=bimorphic action=maybe_recompile pc=0x00007f1029082968 method=java.util.Properties$LineReader.readLine()I @ 62
Event: 0,690 Thread 0x00007f102c00a000 Uncommon trap: reason=class_check action=maybe_recompile pc=0x00007f102908298c method=java.util.Properties$LineReader.readLine()I @ 402
Event: 0,690 Thread 0x00007f102c00a000 Uncommon trap: reason=bimorphic action=maybe_recompile pc=0x00007f1029082968 method=java.util.Properties$LineReader.readLine()I @ 62
Event: 0,984 Thread 0x00007f102c00a000 Uncommon trap: reason=uninitialized action=reinterpret pc=0x00007f102908c6b0 method=com.objectdb.o.PGC.<init>(Lcom/objectdb/o/CFG;Lcom/objectdb/o/LFL;I)V @ 246

Internal exceptions (10 events):
Event: 2,561 Thread 0x00007f0fc40d4800 Threw 0x00000007d7275200 at /build/openjdk-7-FO0dNI/openjdk-7-7u79-2.5.6/build/openjdk/hotspot/src/share/vm/prims/jvm.cpp:1284
Event: 2,563 Thread 0x00007f0fc40d4800 Threw 0x00000007d727b9b0 at /build/openjdk-7-FO0dNI/openjdk-7-7u79-2.5.6/build/openjdk/hotspot/src/share/vm/prims/jvm.cpp:1284
Event: 2,641 Thread 0x00007f0fc40d0000 Threw 0x00000007d7689d28 at /build/openjdk-7-FO0dNI/openjdk-7-7u79-2.5.6/build/openjdk/hotspot/src/share/vm/prims/jvm.cpp:1284
Event: 2,642 Thread 0x00007f0fc40d0000 Threw 0x00000007d76914c8 at /build/openjdk-7-FO0dNI/openjdk-7-7u79-2.5.6/build/openjdk/hotspot/src/share/vm/prims/jvm.cpp:1284
Event: 2,644 Thread 0x00007f0fc40d0000 Threw 0x00000007d7694540 at /build/openjdk-7-FO0dNI/openjdk-7-7u79-2.5.6/build/openjdk/hotspot/src/share/vm/prims/jvm.cpp:1284
Event: 2,647 Thread 0x00007f0fc40d0000 Threw 0x00000007d76bdbb0 at /build/openjdk-7-FO0dNI/openjdk-7-7u79-2.5.6/build/openjdk/hotspot/src/share/vm/prims/jvm.cpp:1284
Event: 2,648 Thread 0x00007f0fc40d0000 Threw 0x00000007d76c9248 at /build/openjdk-7-FO0dNI/openjdk-7-7u79-2.5.6/build/openjdk/hotspot/src/share/vm/prims/jvm.cpp:1284
Event: 5,620 Thread 0x00007f0fc40ce000 Threw 0x00000007da75d270 at /build/openjdk-7-FO0dNI/openjdk-7-7u79-2.5.6/build/openjdk/hotspot/src/share/vm/prims/jvm.cpp:1284
Event: 5,637 Thread 0x00007f0fbc002800 Threw 0x00000007da7cc718 at /build/openjdk-7-FO0dNI/openjdk-7-7u79-2.5.6/build/openjdk/hotspot/src/share/vm/prims/jvm.cpp:1284
Event: 8,837 Thread 0x00007f0fc40ce000 Threw 0x00000007e166bd98 at /build/openjdk-7-FO0dNI/openjdk-7-7u79-2.5.6/build/openjdk/hotspot/src/share/vm/prims/jvm.cpp:1284

Events (10 events):
Event: 6,216 Executing VM operation: RevokeBias done
Event: 7,182 Executing VM operation: ParallelGCFailedAllocation
Event: 7,201 Executing VM operation: ParallelGCFailedAllocation done
Event: 8,141 Executing VM operation: ParallelGCFailedAllocation
Event: 8,202 Executing VM operation: ParallelGCFailedAllocation done
Event: 8,203 Executing VM operation: RevokeBias
Event: 8,203 Executing VM operation: RevokeBias done
Event: 8,837 loading class 0x00007f0fb00037e0
Event: 8,837 loading class 0x00007f0fb00037e0 done
Event: 9,712 Executing VM operation: ParallelGCFailedAllocation


Dynamic libraries:
00400000-00401000 r-xp 00000000 08:09 1067077                            /usr/lib/jvm/java-7-openjdk-amd64/jre/bin/java
00600000-00601000 r--p 00000000 08:09 1067077                            /usr/lib/jvm/java-7-openjdk-amd64/jre/bin/java
00601000-00602000 rw-p 00001000 08:09 1067077                            /usr/lib/jvm/java-7-openjdk-amd64/jre/bin/java
00f9c000-00fbd000 rw-p 00000000 00:00 0                                  [heap]
779a00000-77af00000 rw-p 00000000 00:00 0 
77af00000-784000000 rw-p 00000000 00:00 0 
784000000-789280000 rw-p 00000000 00:00 0 
789280000-7d6a80000 rw-p 00000000 00:00 0 
7d6a80000-7f2d00000 rw-p 00000000 00:00 0 
7fff80000-800000000 rw-p 00000000 00:00 0 
7f0f9c000000-7f0f9d0aa000 rw-p 00000000 00:00 0 
7f0f9d0aa000-7f0fa0000000 ---p 00000000 00:00 0 
7f0fa3fff000-7f0fa8000000 rw-s 00000000 00:15 217881                     /run/shm/pulse-shm-1060397591
7f0fa8000000-7f0fa8082000 rw-p 00000000 00:00 0 
7f0fa8082000-7f0fac000000 ---p 00000000 00:00 0 
7f0fac000000-7f0fac021000 rw-p 00000000 00:00 0 
7f0fac021000-7f0fb0000000 ---p 00000000 00:00 0 
7f0fb0000000-7f0fb0021000 rw-p 00000000 00:00 0 
7f0fb0021000-7f0fb4000000 ---p 00000000 00:00 0 
7f0fb4000000-7f0fb4021000 rw-p 00000000 00:00 0 
7f0fb4021000-7f0fb8000000 ---p 00000000 00:00 0 
7f0fb8000000-7f0fb8021000 rw-p 00000000 00:00 0 
7f0fb8021000-7f0fbc000000 ---p 00000000 00:00 0 
7f0fbc000000-7f0fbc021000 rw-p 00000000 00:00 0 
7f0fbc021000-7f0fc0000000 ---p 00000000 00:00 0 
7f0fc0000000-7f0fc0021000 rw-p 00000000 00:00 0 
7f0fc0021000-7f0fc4000000 ---p 00000000 00:00 0 
7f0fc4000000-7f0fc41a4000 rw-p 00000000 00:00 0 
7f0fc41a4000-7f0fc8000000 ---p 00000000 00:00 0 
7f0fc8000000-7f0fc8021000 rw-p 00000000 00:00 0 
7f0fc8021000-7f0fcc000000 ---p 00000000 00:00 0 
7f0fcc000000-7f0fcc021000 rw-p 00000000 00:00 0 
7f0fcc021000-7f0fd0000000 ---p 00000000 00:00 0 
7f0fd0000000-7f0fd0021000 rw-p 00000000 00:00 0 
7f0fd0021000-7f0fd4000000 ---p 00000000 00:00 0 
7f0fd4000000-7f0fd4021000 rw-p 00000000 00:00 0 
7f0fd4021000-7f0fd8000000 ---p 00000000 00:00 0 
7f0fd8000000-7f0fd8514000 rw-p 00000000 00:00 0 
7f0fd8514000-7f0fdc000000 ---p 00000000 00:00 0 
7f0fdc000000-7f0fdc021000 rw-p 00000000 00:00 0 
7f0fdc021000-7f0fe0000000 ---p 00000000 00:00 0 
7f0fe0000000-7f0fe0021000 rw-p 00000000 00:00 0 
7f0fe0021000-7f0fe4000000 ---p 00000000 00:00 0 
7f0fe4000000-7f0fe4660000 rw-p 00000000 00:00 0 
7f0fe4660000-7f0fe8000000 ---p 00000000 00:00 0 
7f0fe8000000-7f0fe8021000 rw-p 00000000 00:00 0 
7f0fe8021000-7f0fec000000 ---p 00000000 00:00 0 
7f0fec000000-7f0fec021000 rw-p 00000000 00:00 0 
7f0fec021000-7f0ff0000000 ---p 00000000 00:00 0 
7f0ff0000000-7f0ff0240000 rw-p 00000000 00:00 0 
7f0ff0240000-7f0ff4000000 ---p 00000000 00:00 0 
7f0ff7ac3000-7f0ff7acf000 r-xp 00000000 08:09 1067038                    /usr/lib/jvm/java-7-openjdk-amd64/jre/lib/amd64/libicedtea-sound.so
7f0ff7acf000-7f0ff7cce000 ---p 0000c000 08:09 1067038                    /usr/lib/jvm/java-7-openjdk-amd64/jre/lib/amd64/libicedtea-sound.so
7f0ff7cce000-7f0ff7ccf000 r--p 0000b000 08:09 1067038                    /usr/lib/jvm/java-7-openjdk-amd64/jre/lib/amd64/libicedtea-sound.so
7f0ff7ccf000-7f0ff7cd0000 rw-p 0000c000 08:09 1067038                    /usr/lib/jvm/java-7-openjdk-amd64/jre/lib/amd64/libicedtea-sound.so
7f0ff7cd0000-7f0ffc000000 rw-p 00000000 00:00 0 
7f0ffc000000-7f0ffc021000 rw-p 00000000 00:00 0 
7f0ffc021000-7f1000000000 ---p 00000000 00:00 0 
7f1000000000-7f1000021000 rw-p 00000000 00:00 0 
7f1000021000-7f1004000000 ---p 00000000 00:00 0 
7f1004000000-7f1004021000 rw-p 00000000 00:00 0 
7f1004021000-7f1008000000 ---p 00000000 00:00 0 
7f10080bd000-7f10080be000 ---p 00000000 00:00 0 
7f10080be000-7f10088be000 rw-p 00000000 00:00 0 
7f10088be000-7f10088c4000 r-xp 00000000 08:09 1187362                    /usr/lib/x86_64-linux-gnu/alsa-lib/libasound_module_pcm_pulse.so
7f10088c4000-7f1008ac3000 ---p 00006000 08:09 1187362                    /usr/lib/x86_64-linux-gnu/alsa-lib/libasound_module_pcm_pulse.so
7f1008ac3000-7f1008ac4000 r--p 00005000 08:09 1187362                    /usr/lib/x86_64-linux-gnu/alsa-lib/libasound_module_pcm_pulse.so
7f1008ac4000-7f1008ac5000 rw-p 00006000 08:09 1187362                    /usr/lib/x86_64-linux-gnu/alsa-lib/libasound_module_pcm_pulse.so
7f1008ac5000-7f1008acc000 r-xp 00000000 08:09 927745                     /usr/lib/x86_64-linux-gnu/libogg.so.0.8.1
7f1008acc000-7f1008ccc000 ---p 00007000 08:09 927745                     /usr/lib/x86_64-linux-gnu/libogg.so.0.8.1
7f1008ccc000-7f1008ccd000 r--p 00007000 08:09 927745                     /usr/lib/x86_64-linux-gnu/libogg.so.0.8.1
7f1008ccd000-7f1008cce000 rw-p 00008000 08:09 927745                     /usr/lib/x86_64-linux-gnu/libogg.so.0.8.1
7f1008cce000-7f1008cfa000 r-xp 00000000 08:09 928038                     /usr/lib/x86_64-linux-gnu/libvorbis.so.0.4.5
7f1008cfa000-7f1008ef9000 ---p 0002c000 08:09 928038                     /usr/lib/x86_64-linux-gnu/libvorbis.so.0.4.5
7f1008ef9000-7f1008efa000 r--p 0002b000 08:09 928038                     /usr/lib/x86_64-linux-gnu/libvorbis.so.0.4.5
7f1008efa000-7f1008efb000 rw-p 0002c000 08:09 928038                     /usr/lib/x86_64-linux-gnu/libvorbis.so.0.4.5
7f1008efb000-7f10091ae000 r-xp 00000000 08:09 928040                     /usr/lib/x86_64-linux-gnu/libvorbisenc.so.2.0.8
7f10091ae000-7f10093ad000 ---p 002b3000 08:09 928040                     /usr/lib/x86_64-linux-gnu/libvorbisenc.so.2.0.8
7f10093ad000-7f10093c9000 r--p 002b2000 08:09 928040                     /usr/lib/x86_64-linux-gnu/libvorbisenc.so.2.0.8
7f10093c9000-7f10093ca000 rw-p 002ce000 08:09 928040                     /usr/lib/x86_64-linux-gnu/libvorbisenc.so.2.0.8
7f10093ca000-7f10093fa000 r-xp 00000000 08:09 926751                     /usr/lib/x86_64-linux-gnu/libFLAC.so.8.3.0
7f10093fa000-7f10095f9000 ---p 00030000 08:09 926751                     /usr/lib/x86_64-linux-gnu/libFLAC.so.8.3.0
7f10095f9000-7f10095fa000 r--p 0002f000 08:09 926751                     /usr/lib/x86_64-linux-gnu/libFLAC.so.8.3.0
7f10095fa000-7f10095fb000 rw-p 00030000 08:09 926751                     /usr/lib/x86_64-linux-gnu/libFLAC.so.8.3.0
7f10095fb000-7f1009600000 r-xp 00000000 08:09 927001                     /usr/lib/x86_64-linux-gnu/libasyncns.so.0.3.1
7f1009600000-7f10097ff000 ---p 00005000 08:09 927001                     /usr/lib/x86_64-linux-gnu/libasyncns.so.0.3.1
7f10097ff000-7f1009800000 r--p 00004000 08:09 927001                     /usr/lib/x86_64-linux-gnu/libasyncns.so.0.3.1
7f1009800000-7f1009801000 rw-p 00005000 08:09 927001                     /usr/lib/x86_64-linux-gnu/libasyncns.so.0.3.1
7f1009801000-7f1009862000 r-xp 00000000 08:09 927926                     /usr/lib/x86_64-linux-gnu/libsndfile.so.1.0.25
7f1009862000-7f1009a62000 ---p 00061000 08:09 927926                     /usr/lib/x86_64-linux-gnu/libsndfile.so.1.0.25
7f1009a62000-7f1009a64000 r--p 00061000 08:09 927926                     /usr/lib/x86_64-linux-gnu/libsndfile.so.1.0.25
7f1009a64000-7f1009a65000 rw-p 00063000 08:09 927926                     /usr/lib/x86_64-linux-gnu/libsndfile.so.1.0.25
7f1009a65000-7f1009a69000 rw-p 00000000 00:00 0 
7f1009a69000-7f1009a71000 r-xp 00000000 08:09 3019180                    /lib/x86_64-linux-gnu/libwrap.so.0.7.6
7f1009a71000-7f1009c70000 ---p 00008000 08:09 3019180                    /lib/x86_64-linux-gnu/libwrap.so.0.7.6
7f1009c70000-7f1009c71000 r--p 00007000 08:09 3019180                    /lib/x86_64-linux-gnu/libwrap.so.0.7.6
7f1009c71000-7f1009c72000 rw-p 00008000 08:09 3019180                    /lib/x86_64-linux-gnu/libwrap.so.0.7.6
7f1009c72000-7f1009c73000 rw-p 00000000 00:00 0 
7f1009c73000-7f1009cd9000 r-xp 00000000 08:09 1315004                    /usr/lib/x86_64-linux-gnu/pulseaudio/libpulsecommon-4.0.so
7f1009cd9000-7f1009ed8000 ---p 00066000 08:09 1315004                    /usr/lib/x86_64-linux-gnu/pulseaudio/libpulsecommon-4.0.so
7f1009ed8000-7f1009ed9000 r--p 00065000 08:09 1315004                    /usr/lib/x86_64-linux-gnu/pulseaudio/libpulsecommon-4.0.so
7f1009ed9000-7f1009eda000 rw-p 00066000 08:09 1315004                    /usr/lib/x86_64-linux-gnu/pulseaudio/libpulsecommon-4.0.so
7f1009eda000-7f1009ee4000 r-xp 00000000 08:09 3019059                    /lib/x86_64-linux-gnu/libjson-c.so.2.0.0
7f1009ee4000-7f100a0e3000 ---p 0000a000 08:09 3019059                    /lib/x86_64-linux-gnu/libjson-c.so.2.0.0
7f100a0e3000-7f100a0e4000 r--p 00009000 08:09 3019059                    /lib/x86_64-linux-gnu/libjson-c.so.2.0.0
7f100a0e4000-7f100a0e5000 rw-p 0000a000 08:09 3019059                    /lib/x86_64-linux-gnu/libjson-c.so.2.0.0
7f100a0e5000-7f100a12c000 r-xp 00000000 08:09 927845                     /usr/lib/x86_64-linux-gnu/libpulse.so.0.16.2
7f100a12c000-7f100a32c000 ---p 00047000 08:09 927845                     /usr/lib/x86_64-linux-gnu/libpulse.so.0.16.2
7f100a32c000-7f100a32d000 r--p 00047000 08:09 927845                     /usr/lib/x86_64-linux-gnu/libpulse.so.0.16.2
7f100a32d000-7f100a32e000 rw-p 00048000 08:09 927845                     /usr/lib/x86_64-linux-gnu/libpulse.so.0.16.2
7f100a32e000-7f100a331000 ---p 00000000 00:00 0 
7f100a331000-7f100a42f000 rw-p 00000000 00:00 0                          [stack:20870]
7f100a42f000-7f100a432000 ---p 00000000 00:00 0 
7f100a432000-7f100a530000 rw-p 00000000 00:00 0                          [stack:20869]
7f100a530000-7f100a619000 r-xp 00000000 08:09 926991                     /usr/lib/x86_64-linux-gnu/libasound.so.2.0.0
7f100a619000-7f100a818000 ---p 000e9000 08:09 926991                     /usr/lib/x86_64-linux-gnu/libasound.so.2.0.0
7f100a818000-7f100a81f000 r--p 000e8000 08:09 926991                     /usr/lib/x86_64-linux-gnu/libasound.so.2.0.0
7f100a81f000-7f100a820000 rw-p 000ef000 08:09 926991                     /usr/lib/x86_64-linux-gnu/libasound.so.2.0.0
7f100a820000-7f100a82f000 r-xp 00000000 08:09 1064951                    /usr/lib/jvm/java-7-openjdk-amd64/jre/lib/amd64/libjsoundalsa.so
7f100a82f000-7f100aa2e000 ---p 0000f000 08:09 1064951                    /usr/lib/jvm/java-7-openjdk-amd64/jre/lib/amd64/libjsoundalsa.so
7f100aa2e000-7f100aa2f000 r--p 0000e000 08:09 1064951                    /usr/lib/jvm/java-7-openjdk-amd64/jre/lib/amd64/libjsoundalsa.so
7f100aa2f000-7f100aa30000 rw-p 0000f000 08:09 1064951                    /usr/lib/jvm/java-7-openjdk-amd64/jre/lib/amd64/libjsoundalsa.so
7f100aa30000-7f100aa31000 r-xp 00000000 08:09 1067028                    /usr/lib/jvm/java-7-openjdk-amd64/jre/lib/amd64/libjsound.so
7f100aa31000-7f100ac30000 ---p 00001000 08:09 1067028                    /usr/lib/jvm/java-7-openjdk-amd64/jre/lib/amd64/libjsound.so
7f100ac30000-7f100ac31000 r--p 00000000 08:09 1067028                    /usr/lib/jvm/java-7-openjdk-amd64/jre/lib/amd64/libjsound.so
7f100ac31000-7f100ac32000 rw-p 00001000 08:09 1067028                    /usr/lib/jvm/java-7-openjdk-amd64/jre/lib/amd64/libjsound.so
7f100ac32000-7f100ac35000 ---p 00000000 00:00 0 
7f100ac35000-7f100ad33000 rw-p 00000000 00:00 0                          [stack:20863]
7f100ad33000-7f100ad36000 ---p 00000000 00:00 0 
7f100ad36000-7f100ae34000 rw-p 00000000 00:00 0                          [stack:20862]
7f100ae34000-7f100ae37000 ---p 00000000 00:00 0 
7f100ae37000-7f100af35000 rw-p 00000000 00:00 0                          [stack:20861]
7f100af35000-7f100af38000 ---p 00000000 00:00 0 
7f100af38000-7f100b036000 rw-p 00000000 00:00 0                          [stack:20860]
7f100b036000-7f100b039000 ---p 00000000 00:00 0 
7f100b039000-7f100b137000 rw-p 00000000 00:00 0                          [stack:20859]
7f100b137000-7f100b17a000 r-xp 00000000 08:09 927609                     /usr/lib/x86_64-linux-gnu/libjpeg.so.8.0.2
7f100b17a000-7f100b37a000 ---p 00043000 08:09 927609                     /usr/lib/x86_64-linux-gnu/libjpeg.so.8.0.2
7f100b37a000-7f100b37b000 r--p 00043000 08:09 927609                     /usr/lib/x86_64-linux-gnu/libjpeg.so.8.0.2
7f100b37b000-7f100b37c000 rw-p 00044000 08:09 927609                     /usr/lib/x86_64-linux-gnu/libjpeg.so.8.0.2
7f100b37c000-7f100b38c000 rw-p 00000000 00:00 0 
7f100b38c000-7f100b396000 r-xp 00000000 08:09 1067017                    /usr/lib/jvm/java-7-openjdk-amd64/jre/lib/amd64/libjavajpeg.so
7f100b396000-7f100b595000 ---p 0000a000 08:09 1067017                    /usr/lib/jvm/java-7-openjdk-amd64/jre/lib/amd64/libjavajpeg.so
7f100b595000-7f100b596000 r--p 00009000 08:09 1067017                    /usr/lib/jvm/java-7-openjdk-amd64/jre/lib/amd64/libjavajpeg.so
7f100b596000-7f100b597000 rw-p 0000a000 08:09 1067017                    /usr/lib/jvm/java-7-openjdk-amd64/jre/lib/amd64/libjavajpeg.so
7f100b597000-7f100b7cb000 rw-s 00000000 00:04 7340060                    /SYSV00000000 (deleted)
7f100b7cb000-7f100b7ce000 ---p 00000000 00:00 0 
7f100b7ce000-7f100b8cc000 rw-p 00000000 00:00 0                          [stack:20858]
7f100b8cc000-7f100b8d4000 r-xp 00000000 08:09 1067029                    /usr/lib/jvm/java-7-openjdk-amd64/jre/lib/amd64/libmanagement.so
7f100b8d4000-7f100bad3000 ---p 00008000 08:09 1067029                    /usr/lib/jvm/java-7-openjdk-amd64/jre/lib/amd64/libmanagement.so
7f100bad3000-7f100bad4000 r--p 00007000 08:09 1067029                    /usr/lib/jvm/java-7-openjdk-amd64/jre/lib/amd64/libmanagement.so
7f100bad4000-7f100bad5000 rw-p 00008000 08:09 1067029                    /usr/lib/jvm/java-7-openjdk-amd64/jre/lib/amd64/libmanagement.so
7f100bad5000-7f100bad8000 ---p 00000000 00:00 0 
7f100bad8000-7f100bbd6000 rw-p 00000000 00:00 0                          [stack:20857]
7f100bbd6000-7f100bbe6000 r-xp 00000000 08:09 1067039                    /usr/lib/jvm/java-7-openjdk-amd64/jre/lib/amd64/libnio.so
7f100bbe6000-7f100bde6000 ---p 00010000 08:09 1067039                    /usr/lib/jvm/java-7-openjdk-amd64/jre/lib/amd64/libnio.so
7f100bde6000-7f100bde7000 r--p 00010000 08:09 1067039                    /usr/lib/jvm/java-7-openjdk-amd64/jre/lib/amd64/libnio.so
7f100bde7000-7f100bde8000 rw-p 00011000 08:09 1067039                    /usr/lib/jvm/java-7-openjdk-amd64/jre/lib/amd64/libnio.so
7f100bde8000-7f100bdff000 r-xp 00000000 08:09 1067034                    /usr/lib/jvm/java-7-openjdk-amd64/jre/lib/amd64/libnet.so
7f100bdff000-7f100bffe000 ---p 00017000 08:09 1067034                    /usr/lib/jvm/java-7-openjdk-amd64/jre/lib/amd64/libnet.so
7f100bffe000-7f100bfff000 r--p 00016000 08:09 1067034                    /usr/lib/jvm/java-7-openjdk-amd64/jre/lib/amd64/libnet.so
7f100bfff000-7f100c000000 rw-p 00017000 08:09 1067034                    /usr/lib/jvm/java-7-openjdk-amd64/jre/lib/amd64/libnet.so
7f100c000000-7f100c021000 rw-p 00000000 00:00 0 
7f100c021000-7f1010000000 ---p 00000000 00:00 0 
7f1010098000-7f101009b000 ---p 00000000 00:00 0 
7f101009b000-7f10101ca000 rw-p 00000000 00:00 0                          [stack:20854]
7f10101ca000-7f101021c000 r-xp 00000000 08:09 1067019                    /usr/lib/jvm/java-7-openjdk-amd64/jre/lib/amd64/libfontmanager.so
7f101021c000-7f101041b000 ---p 00052000 08:09 1067019                    /usr/lib/jvm/java-7-openjdk-amd64/jre/lib/amd64/libfontmanager.so
7f101041b000-7f101041e000 r--p 00051000 08:09 1067019                    /usr/lib/jvm/java-7-openjdk-amd64/jre/lib/amd64/libfontmanager.so
7f101041e000-7f101041f000 rw-p 00054000 08:09 1067019                    /usr/lib/jvm/java-7-openjdk-amd64/jre/lib/amd64/libfontmanager.so
7f101041f000-7f1010422000 ---p 00000000 00:00 0 
7f1010422000-7f1010520000 rw-p 00000000 00:00 0                          [stack:20853]
7f1010520000-7f1010525000 r-xp 00000000 08:09 926920                     /usr/lib/x86_64-linux-gnu/libXfixes.so.3.1.0
7f1010525000-7f1010724000 ---p 00005000 08:09 926920                     /usr/lib/x86_64-linux-gnu/libXfixes.so.3.1.0
7f1010724000-7f1010725000 r--p 00004000 08:09 926920                     /usr/lib/x86_64-linux-gnu/libXfixes.so.3.1.0
7f1010725000-7f1010726000 rw-p 00005000 08:09 926920                     /usr/lib/x86_64-linux-gnu/libXfixes.so.3.1.0
7f1010726000-7f101072f000 r-xp 00000000 08:09 926912                     /usr/lib/x86_64-linux-gnu/libXcursor.so.1.0.2
7f101072f000-7f101092e000 ---p 00009000 08:09 926912                     /usr/lib/x86_64-linux-gnu/libXcursor.so.1.0.2
7f101092e000-7f101092f000 r--p 00008000 08:09 926912                     /usr/lib/x86_64-linux-gnu/libXcursor.so.1.0.2
7f101092f000-7f1010930000 rw-p 00009000 08:09 926912                     /usr/lib/x86_64-linux-gnu/libXcursor.so.1.0.2
7f1010930000-7f1010933000 ---p 00000000 00:00 0 
7f1010933000-7f1010a31000 rw-p 00000000 00:00 0                          [stack:20852]
7f1010a31000-7f1010a35000 r-xp 00000000 08:09 3019052                    /lib/x86_64-linux-gnu/libgpg-error.so.0.10.0
7f1010a35000-7f1010c34000 ---p 00004000 08:09 3019052                    /lib/x86_64-linux-gnu/libgpg-error.so.0.10.0
7f1010c34000-7f1010c35000 r--p 00003000 08:09 3019052                    /lib/x86_64-linux-gnu/libgpg-error.so.0.10.0
7f1010c35000-7f1010c36000 rw-p 00004000 08:09 3019052                    /lib/x86_64-linux-gnu/libgpg-error.so.0.10.0
7f1010c36000-7f1010c38000 r-xp 00000000 08:09 3019062                    /lib/x86_64-linux-gnu/libkeyutils.so.1.4
7f1010c38000-7f1010e38000 ---p 00002000 08:09 3019062                    /lib/x86_64-linux-gnu/libkeyutils.so.1.4
7f1010e38000-7f1010e39000 r--p 00002000 08:09 3019062                    /lib/x86_64-linux-gnu/libkeyutils.so.1.4
7f1010e39000-7f1010e3a000 rw-p 00003000 08:09 3019062                    /lib/x86_64-linux-gnu/libkeyutils.so.1.4
7f1010e3a000-7f1010e77000 r-xp 00000000 08:09 3032630                    /lib/x86_64-linux-gnu/libpcre.so.3.13.1
7f1010e77000-7f1011076000 ---p 0003d000 08:09 3032630                    /lib/x86_64-linux-gnu/libpcre.so.3.13.1
7f1011076000-7f1011077000 r--p 0003c000 08:09 3032630                    /lib/x86_64-linux-gnu/libpcre.so.3.13.1
7f1011077000-7f1011078000 rw-p 0003d000 08:09 3032630                    /lib/x86_64-linux-gnu/libpcre.so.3.13.1
7f1011078000-7f101109d000 r-xp 00000000 08:09 3019135                    /lib/x86_64-linux-gnu/libpng12.so.0.50.0
7f101109d000-7f101129c000 ---p 00025000 08:09 3019135                    /lib/x86_64-linux-gnu/libpng12.so.0.50.0
7f101129c000-7f101129d000 r--p 00024000 08:09 3019135                    /lib/x86_64-linux-gnu/libpng12.so.0.50.0
7f101129d000-7f101129e000 rw-p 00025000 08:09 3019135                    /lib/x86_64-linux-gnu/libpng12.so.0.50.0
7f101129e000-7f10112e2000 r-xp 00000000 08:09 3019033                    /lib/x86_64-linux-gnu/libdbus-1.so.3.7.6
7f10112e2000-7f10114e1000 ---p 00044000 08:09 3019033                    /lib/x86_64-linux-gnu/libdbus-1.so.3.7.6
7f10114e1000-7f10114e2000 r--p 00043000 08:09 3019033                    /lib/x86_64-linux-gnu/libdbus-1.so.3.7.6
7f10114e2000-7f10114e3000 rw-p 00044000 08:09 3019033                    /lib/x86_64-linux-gnu/libdbus-1.so.3.7.6
7f10114e3000-7f101151e000 r-xp 00000000 08:09 927785                     /usr/lib/x86_64-linux-gnu/libp11-kit.so.0.0.0
7f101151e000-7f101171d000 ---p 0003b000 08:09 927785                     /usr/lib/x86_64-linux-gnu/libp11-kit.so.0.0.0
7f101171d000-7f1011723000 r--p 0003a000 08:09 927785                     /usr/lib/x86_64-linux-gnu/libp11-kit.so.0.0.0
7f1011723000-7f1011725000 rw-p 00040000 08:09 927785                     /usr/lib/x86_64-linux-gnu/libp11-kit.so.0.0.0
7f1011725000-7f1011737000 r-xp 00000000 08:09 927964                     /usr/lib/x86_64-linux-gnu/libtasn1.so.6.2.0
7f1011737000-7f1011937000 ---p 00012000 08:09 927964                     /usr/lib/x86_64-linux-gnu/libtasn1.so.6.2.0
7f1011937000-7f1011938000 r--p 00012000 08:09 927964                     /usr/lib/x86_64-linux-gnu/libtasn1.so.6.2.0
7f1011938000-7f1011939000 rw-p 00013000 08:09 927964                     /usr/lib/x86_64-linux-gnu/libtasn1.so.6.2.0
7f1011939000-7f10119b5000 r-xp 00000000 08:09 3019048                    /lib/x86_64-linux-gnu/libgcrypt.so.11.8.2
7f10119b5000-7f1011bb5000 ---p 0007c000 08:09 3019048                    /lib/x86_64-linux-gnu/libgcrypt.so.11.8.2
7f1011bb5000-7f1011bb6000 r--p 0007c000 08:09 3019048                    /lib/x86_64-linux-gnu/libgcrypt.so.11.8.2
7f1011bb6000-7f1011bb9000 rw-p 0007d000 08:09 3019048                    /lib/x86_64-linux-gnu/libgcrypt.so.11.8.2
7f1011bb9000-7f1011bc3000 r-xp 00000000 08:09 927623                     /usr/lib/x86_64-linux-gnu/libkrb5support.so.0.1
7f1011bc3000-7f1011dc2000 ---p 0000a000 08:09 927623                     /usr/lib/x86_64-linux-gnu/libkrb5support.so.0.1
7f1011dc2000-7f1011dc3000 r--p 00009000 08:09 927623                     /usr/lib/x86_64-linux-gnu/libkrb5support.so.0.1
7f1011dc3000-7f1011dc4000 rw-p 0000a000 08:09 927623                     /usr/lib/x86_64-linux-gnu/libkrb5support.so.0.1
7f1011dc4000-7f1011dc7000 r-xp 00000000 08:09 3019028                    /lib/x86_64-linux-gnu/libcom_err.so.2.1
7f1011dc7000-7f1011fc6000 ---p 00003000 08:09 3019028                    /lib/x86_64-linux-gnu/libcom_err.so.2.1
7f1011fc6000-7f1011fc7000 r--p 00002000 08:09 3019028                    /lib/x86_64-linux-gnu/libcom_err.so.2.1
7f1011fc7000-7f1011fc8000 rw-p 00003000 08:09 3019028                    /lib/x86_64-linux-gnu/libcom_err.so.2.1
7f1011fc8000-7f1011ff4000 r-xp 00000000 08:09 927613                     /usr/lib/x86_64-linux-gnu/libk5crypto.so.3.1
7f1011ff4000-7f10121f3000 ---p 0002c000 08:09 927613                     /usr/lib/x86_64-linux-gnu/libk5crypto.so.3.1
7f10121f3000-7f10121f5000 r--p 0002b000 08:09 927613                     /usr/lib/x86_64-linux-gnu/libk5crypto.so.3.1
7f10121f5000-7f10121f6000 rw-p 0002d000 08:09 927613                     /usr/lib/x86_64-linux-gnu/libk5crypto.so.3.1
7f10121f6000-7f10121f7000 rw-p 00000000 00:00 0 
7f10121f7000-7f10122b3000 r-xp 00000000 08:09 927621                     /usr/lib/x86_64-linux-gnu/libkrb5.so.3.3
7f10122b3000-7f10124b3000 ---p 000bc000 08:09 927621                     /usr/lib/x86_64-linux-gnu/libkrb5.so.3.3
7f10124b3000-7f10124c0000 r--p 000bc000 08:09 927621                     /usr/lib/x86_64-linux-gnu/libkrb5.so.3.3
7f10124c0000-7f10124c2000 rw-p 000c9000 08:09 927621                     /usr/lib/x86_64-linux-gnu/libkrb5.so.3.3
7f10124c2000-7f10124c7000 r-xp 00000000 08:09 926916                     /usr/lib/x86_64-linux-gnu/libXdmcp.so.6.0.0
7f10124c7000-7f10126c6000 ---p 00005000 08:09 926916                     /usr/lib/x86_64-linux-gnu/libXdmcp.so.6.0.0
7f10126c6000-7f10126c7000 r--p 00004000 08:09 926916                     /usr/lib/x86_64-linux-gnu/libXdmcp.so.6.0.0
7f10126c7000-7f10126c8000 rw-p 00005000 08:09 926916                     /usr/lib/x86_64-linux-gnu/libXdmcp.so.6.0.0
7f10126c8000-7f10126ca000 r-xp 00000000 08:09 926905                     /usr/lib/x86_64-linux-gnu/libXau.so.6.0.0
7f10126ca000-7f10128ca000 ---p 00002000 08:09 926905                     /usr/lib/x86_64-linux-gnu/libXau.so.6.0.0
7f10128ca000-7f10128cb000 r--p 00002000 08:09 926905                     /usr/lib/x86_64-linux-gnu/libXau.so.6.0.0
7f10128cb000-7f10128cc000 rw-p 00003000 08:09 926905                     /usr/lib/x86_64-linux-gnu/libXau.so.6.0.0
7f10128cc000-7f10128d3000 r-xp 00000000 08:09 927226                     /usr/lib/x86_64-linux-gnu/libffi.so.6.0.1
7f10128d3000-7f1012ad2000 ---p 00007000 08:09 927226                     /usr/lib/x86_64-linux-gnu/libffi.so.6.0.1
7f1012ad2000-7f1012ad3000 r--p 00006000 08:09 927226                     /usr/lib/x86_64-linux-gnu/libffi.so.6.0.1
7f1012ad3000-7f1012ad4000 rw-p 00007000 08:09 927226                     /usr/lib/x86_64-linux-gnu/libffi.so.6.0.1
7f1012ad4000-7f1012aeb000 r-xp 00000000 08:09 3019146                    /lib/x86_64-linux-gnu/libresolv-2.19.so
7f1012aeb000-7f1012ceb000 ---p 00017000 08:09 3019146                    /lib/x86_64-linux-gnu/libresolv-2.19.so
7f1012ceb000-7f1012cec000 r--p 00017000 08:09 3019146                    /lib/x86_64-linux-gnu/libresolv-2.19.so
7f1012cec000-7f1012ced000 rw-p 00018000 08:09 3019146                    /lib/x86_64-linux-gnu/libresolv-2.19.so
7f1012ced000-7f1012cef000 rw-p 00000000 00:00 0 
7f1012cef000-7f1012d0f000 r-xp 00000000 08:09 3019150                    /lib/x86_64-linux-gnu/libselinux.so.1
7f1012d0f000-7f1012f0e000 ---p 00020000 08:09 3019150                    /lib/x86_64-linux-gnu/libselinux.so.1
7f1012f0e000-7f1012f0f000 r--p 0001f000 08:09 3019150                    /lib/x86_64-linux-gnu/libselinux.so.1
7f1012f0f000-7f1012f10000 rw-p 00020000 08:09 3019150                    /lib/x86_64-linux-gnu/libselinux.so.1
7f1012f10000-7f1012f12000 rw-p 00000000 00:00 0 
7f1012f12000-7f1013018000 r-xp 00000000 08:09 3019050                    /lib/x86_64-linux-gnu/libglib-2.0.so.0.4002.0
7f1013018000-7f1013217000 ---p 00106000 08:09 3019050                    /lib/x86_64-linux-gnu/libglib-2.0.so.0.4002.0
7f1013217000-7f1013218000 r--p 00105000 08:09 3019050                    /lib/x86_64-linux-gnu/libglib-2.0.so.0.4002.0
7f1013218000-7f1013219000 rw-p 00106000 08:09 3019050                    /lib/x86_64-linux-gnu/libglib-2.0.so.0.4002.0
7f1013219000-7f101321a000 rw-p 00000000 00:00 0 
7f101321a000-7f101321d000 r-xp 00000000 08:09 927369                     /usr/lib/x86_64-linux-gnu/libgmodule-2.0.so.0.4002.0
7f101321d000-7f101341c000 ---p 00003000 08:09 927369                     /usr/lib/x86_64-linux-gnu/libgmodule-2.0.so.0.4002.0
7f101341c000-7f101341d000 r--p 00002000 08:09 927369                     /usr/lib/x86_64-linux-gnu/libgmodule-2.0.so.0.4002.0
7f101341d000-7f101341e000 rw-p 00003000 08:09 927369                     /usr/lib/x86_64-linux-gnu/libgmodule-2.0.so.0.4002.0
7f101341e000-7f1013445000 r-xp 00000000 08:09 3034955                    /lib/x86_64-linux-gnu/libexpat.so.1.6.0
7f1013445000-7f1013645000 ---p 00027000 08:09 3034955                    /lib/x86_64-linux-gnu/libexpat.so.1.6.0
7f1013645000-7f1013647000 r--p 00027000 08:09 3034955                    /lib/x86_64-linux-gnu/libexpat.so.1.6.0
7f1013647000-7f1013648000 rw-p 00029000 08:09 3034955                    /lib/x86_64-linux-gnu/libexpat.so.1.6.0
7f1013648000-7f10136e5000 r-xp 00000000 08:09 941625                     /usr/lib/x86_64-linux-gnu/libfreetype.so.6.11.1
7f10136e5000-7f10138e4000 ---p 0009d000 08:09 941625                     /usr/lib/x86_64-linux-gnu/libfreetype.so.6.11.1
7f10138e4000-7f10138ea000 r--p 0009c000 08:09 941625                     /usr/lib/x86_64-linux-gnu/libfreetype.so.6.11.1
7f10138ea000-7f10138eb000 rw-p 000a2000 08:09 941625                     /usr/lib/x86_64-linux-gnu/libfreetype.so.6.11.1
7f10138eb000-7f10138fa000 r-xp 00000000 08:09 927015                     /usr/lib/x86_64-linux-gnu/libavahi-client.so.3.2.9
7f10138fa000-7f1013afa000 ---p 0000f000 08:09 927015                     /usr/lib/x86_64-linux-gnu/libavahi-client.so.3.2.9
7f1013afa000-7f1013afb000 r--p 0000f000 08:09 927015                     /usr/lib/x86_64-linux-gnu/libavahi-client.so.3.2.9
7f1013afb000-7f1013afc000 rw-p 00010000 08:09 927015                     /usr/lib/x86_64-linux-gnu/libavahi-client.so.3.2.9
7f1013afc000-7f1013bb2000 r-xp 00000000 08:09 927387                     /usr/lib/x86_64-linux-gnu/libgnutls.so.26.22.6
7f1013bb2000-7f1013db2000 ---p 000b6000 08:09 927387                     /usr/lib/x86_64-linux-gnu/libgnutls.so.26.22.6
7f1013db2000-7f1013db8000 r--p 000b6000 08:09 927387                     /usr/lib/x86_64-linux-gnu/libgnutls.so.26.22.6
7f1013db8000-7f1013db9000 rw-p 000bc000 08:09 927387                     /usr/lib/x86_64-linux-gnu/libgnutls.so.26.22.6
7f1013db9000-7f1013dba000 rw-p 00000000 00:00 0 
7f1013dba000-7f1013dfd000 r-xp 00000000 08:09 927421                     /usr/lib/x86_64-linux-gnu/libgssapi_krb5.so.2.2
7f1013dfd000-7f1013ffd000 ---p 00043000 08:09 927421                     /usr/lib/x86_64-linux-gnu/libgssapi_krb5.so.2.2
7f1013ffd000-7f1013ffe000 r--p 00043000 08:09 927421                     /usr/lib/x86_64-linux-gnu/libgssapi_krb5.so.2.2
7f1013ffe000-7f1014000000 rw-p 00044000 08:09 927421                     /usr/lib/x86_64-linux-gnu/libgssapi_krb5.so.2.2
7f1014000000-7f1014021000 rw-p 00000000 00:00 0 
7f1014021000-7f1018000000 ---p 00000000 00:00 0 
7f1018029000-7f1018034000 r-xp 00000000 08:09 927017                     /usr/lib/x86_64-linux-gnu/libavahi-common.so.3.5.3
7f1018034000-7f1018233000 ---p 0000b000 08:09 927017                     /usr/lib/x86_64-linux-gnu/libavahi-common.so.3.5.3
7f1018233000-7f1018234000 r--p 0000a000 08:09 927017                     /usr/lib/x86_64-linux-gnu/libavahi-common.so.3.5.3
7f1018234000-7f1018235000 rw-p 0000b000 08:09 927017                     /usr/lib/x86_64-linux-gnu/libavahi-common.so.3.5.3
7f1018235000-7f1018252000 r-xp 00000000 08:09 928118                     /usr/lib/x86_64-linux-gnu/libxcb.so.1.1.0
7f1018252000-7f1018452000 ---p 0001d000 08:09 928118                     /usr/lib/x86_64-linux-gnu/libxcb.so.1.1.0
7f1018452000-7f1018453000 r--p 0001d000 08:09 928118                     /usr/lib/x86_64-linux-gnu/libxcb.so.1.1.0
7f1018453000-7f1018454000 rw-p 0001e000 08:09 928118                     /usr/lib/x86_64-linux-gnu/libxcb.so.1.1.0
7f1018454000-7f10184a3000 r-xp 00000000 08:09 927393                     /usr/lib/x86_64-linux-gnu/libgobject-2.0.so.0.4002.0
7f10184a3000-7f10186a3000 ---p 0004f000 08:09 927393                     /usr/lib/x86_64-linux-gnu/libgobject-2.0.so.0.4002.0
7f10186a3000-7f10186a4000 r--p 0004f000 08:09 927393                     /usr/lib/x86_64-linux-gnu/libgobject-2.0.so.0.4002.0
7f10186a4000-7f10186a5000 rw-p 00050000 08:09 927393                     /usr/lib/x86_64-linux-gnu/libgobject-2.0.so.0.4002.0
7f10186a5000-7f1018811000 r-xp 00000000 08:09 927353                     /usr/lib/x86_64-linux-gnu/libgio-2.0.so.0.4002.0
7f1018811000-7f1018a10000 ---p 0016c000 08:09 927353                     /usr/lib/x86_64-linux-gnu/libgio-2.0.so.0.4002.0
7f1018a10000-7f1018a14000 r--p 0016b000 08:09 927353                     /usr/lib/x86_64-linux-gnu/libgio-2.0.so.0.4002.0
7f1018a14000-7f1018a16000 rw-p 0016f000 08:09 927353                     /usr/lib/x86_64-linux-gnu/libgio-2.0.so.0.4002.0
7f1018a16000-7f1018a18000 rw-p 00000000 00:00 0 
7f1018a18000-7f1018a52000 r-xp 00000000 08:09 927263                     /usr/lib/x86_64-linux-gnu/libfontconfig.so.1.8.0
7f1018a52000-7f1018c51000 ---p 0003a000 08:09 927263                     /usr/lib/x86_64-linux-gnu/libfontconfig.so.1.8.0
7f1018c51000-7f1018c53000 r--p 00039000 08:09 927263                     /usr/lib/x86_64-linux-gnu/libfontconfig.so.1.8.0
7f1018c53000-7f1018c54000 rw-p 0003b000 08:09 927263                     /usr/lib/x86_64-linux-gnu/libfontconfig.so.1.8.0
7f1018c54000-7f1018cc0000 r-xp 00000000 08:09 921512                     /usr/lib/x86_64-linux-gnu/libcups.so.2
7f1018cc0000-7f1018ec0000 ---p 0006c000 08:09 921512                     /usr/lib/x86_64-linux-gnu/libcups.so.2
7f1018ec0000-7f1018ec7000 r--p 0006c000 08:09 921512                     /usr/lib/x86_64-linux-gnu/libcups.so.2
7f1018ec7000-7f1018ec8000 rw-p 00073000 08:09 921512                     /usr/lib/x86_64-linux-gnu/libcups.so.2
7f1018ec8000-7f1018ed7000 r-xp 00000000 08:09 926926                     /usr/lib/x86_64-linux-gnu/libXi.so.6.1.0
7f1018ed7000-7f10190d6000 ---p 0000f000 08:09 926926                     /usr/lib/x86_64-linux-gnu/libXi.so.6.1.0
7f10190d6000-7f10190d7000 r--p 0000e000 08:09 926926                     /usr/lib/x86_64-linux-gnu/libXi.so.6.1.0
7f10190d7000-7f10190d8000 rw-p 0000f000 08:09 926926                     /usr/lib/x86_64-linux-gnu/libXi.so.6.1.0
7f10190d8000-7f10190dd000 r-xp 00000000 08:09 926946                     /usr/lib/x86_64-linux-gnu/libXtst.so.6.1.0
7f10190dd000-7f10192dc000 ---p 00005000 08:09 926946                     /usr/lib/x86_64-linux-gnu/libXtst.so.6.1.0
7f10192dc000-7f10192dd000 r--p 00004000 08:09 926946                     /usr/lib/x86_64-linux-gnu/libXtst.so.6.1.0
7f10192dd000-7f10192de000 rw-p 00005000 08:09 926946                     /usr/lib/x86_64-linux-gnu/libXtst.so.6.1.0
7f10192de000-7f10192e7000 r-xp 00000000 08:09 926940                     /usr/lib/x86_64-linux-gnu/libXrender.so.1.3.0
7f10192e7000-7f10194e6000 ---p 00009000 08:09 926940                     /usr/lib/x86_64-linux-gnu/libXrender.so.1.3.0
7f10194e6000-7f10194e7000 r--p 00008000 08:09 926940                     /usr/lib/x86_64-linux-gnu/libXrender.so.1.3.0
7f10194e7000-7f10194e8000 rw-p 00009000 08:09 926940                     /usr/lib/x86_64-linux-gnu/libXrender.so.1.3.0
7f10194e8000-7f1019618000 r-xp 00000000 08:09 926901                     /usr/lib/x86_64-linux-gnu/libX11.so.6.3.0
7f1019618000-7f1019818000 ---p 00130000 08:09 926901                     /usr/lib/x86_64-linux-gnu/libX11.so.6.3.0
7f1019818000-7f1019819000 r--p 00130000 08:09 926901                     /usr/lib/x86_64-linux-gnu/libX11.so.6.3.0
7f1019819000-7f101981d000 rw-p 00131000 08:09 926901                     /usr/lib/x86_64-linux-gnu/libX11.so.6.3.0
7f101981d000-7f101982e000 r-xp 00000000 08:09 926918                     /usr/lib/x86_64-linux-gnu/libXext.so.6.4.0
7f101982e000-7f1019a2d000 ---p 00011000 08:09 926918                     /usr/lib/x86_64-linux-gnu/libXext.so.6.4.0
7f1019a2d000-7f1019a2e000 r--p 00010000 08:09 926918                     /usr/lib/x86_64-linux-gnu/libXext.so.6.4.0
7f1019a2e000-7f1019a2f000 rw-p 00011000 08:09 926918                     /usr/lib/x86_64-linux-gnu/libXext.so.6.4.0
7f1019a57000-7f1019a9f000 r-xp 00000000 08:09 1064950                    /usr/lib/jvm/java-7-openjdk-amd64/jre/lib/amd64/xawt/libmawt.so
7f1019a9f000-7f1019c9e000 ---p 00048000 08:09 1064950                    /usr/lib/jvm/java-7-openjdk-amd64/jre/lib/amd64/xawt/libmawt.so
7f1019c9e000-7f1019c9f000 r--p 00047000 08:09 1064950                    /usr/lib/jvm/java-7-openjdk-amd64/jre/lib/amd64/xawt/libmawt.so
7f1019c9f000-7f1019ca2000 rw-p 00048000 08:09 1064950                    /usr/lib/jvm/java-7-openjdk-amd64/jre/lib/amd64/xawt/libmawt.so
7f1019ca2000-7f1019ca3000 rw-p 00000000 00:00 0 
7f1019ca3000-7f1019d43000 r-xp 00000000 08:09 1067021                    /usr/lib/jvm/java-7-openjdk-amd64/jre/lib/amd64/libawt.so
7f1019d43000-7f1019f43000 ---p 000a0000 08:09 1067021                    /usr/lib/jvm/java-7-openjdk-amd64/jre/lib/amd64/libawt.so
7f1019f43000-7f1019f44000 r--p 000a0000 08:09 1067021                    /usr/lib/jvm/java-7-openjdk-amd64/jre/lib/amd64/libawt.so
7f1019f44000-7f1019f4f000 rw-p 000a1000 08:09 1067021                    /usr/lib/jvm/java-7-openjdk-amd64/jre/lib/amd64/libawt.so
7f1019f4f000-7f1019f74000 rw-p 00000000 00:00 0 
7f1019f74000-7f1019f75000 ---p 00000000 00:00 0 
7f1019f75000-7f101a075000 rw-p 00000000 00:00 0                          [stack:20850]
7f101a075000-7f101a078000 ---p 00000000 00:00 0 
7f101a078000-7f101a176000 rw-p 00000000 00:00 0                          [stack:20849]
7f101a176000-7f101a179000 ---p 00000000 00:00 0 
7f101a179000-7f101a277000 rw-p 00000000 00:00 0                          [stack:20848]
7f101a277000-7f101a27a000 ---p 00000000 00:00 0 
7f101a27a000-7f101a378000 rw-p 00000000 00:00 0                          [stack:20847]
7f101a378000-7f101a37b000 ---p 00000000 00:00 0 
7f101a37b000-7f101a479000 rw-p 00000000 00:00 0                          [stack:20846]
7f101a479000-7f101a743000 r--p 00000000 08:09 925055                     /usr/lib/locale/locale-archive
7f101a743000-7f101a746000 ---p 00000000 00:00 0 
7f101a746000-7f101a844000 rw-p 00000000 00:00 0                          [stack:20845]
7f101a844000-7f101a847000 ---p 00000000 00:00 0 
7f101a847000-7f101a945000 rw-p 00000000 00:00 0                          [stack:20844]
7f101a945000-7f101a946000 ---p 00000000 00:00 0 
7f101a946000-7f101c000000 rw-p 00000000 00:00 0                          [stack:20843]
7f101c000000-7f101c021000 rw-p 00000000 00:00 0 
7f101c021000-7f1020000000 ---p 00000000 00:00 0 
7f1020000000-7f1020021000 rw-p 00000000 00:00 0 
7f1020021000-7f1024000000 ---p 00000000 00:00 0 
7f1024000000-7f1024021000 rw-p 00000000 00:00 0 
7f1024021000-7f1028000000 ---p 00000000 00:00 0 
7f1028003000-7f1028019000 r--s 00151000 08:09 804525                     /home/qqwy/Programming/Rug/AOOP/Assignments/assignment4/4-asteroids/lib/objectdb.jar
7f1028019000-7f10286a3000 rw-p 00000000 00:00 0 
7f10286a3000-7f1028854000 r--s 01d29000 08:09 1049698                    /usr/lib/jvm/java-7-openjdk-amd64/jre/lib/rt.jar
7f1028854000-7f1028cfd000 rw-p 00000000 00:00 0 
7f1028cfd000-7f1028cfe000 ---p 00000000 00:00 0 
7f1028cfe000-7f1028dfe000 rw-p 00000000 00:00 0                          [stack:20842]
7f1028dfe000-7f1028dff000 ---p 00000000 00:00 0 
7f1028dff000-7f1028eff000 rw-p 00000000 00:00 0                          [stack:20841]
7f1028eff000-7f1028f00000 ---p 00000000 00:00 0 
7f1028f00000-7f1029000000 rw-p 00000000 00:00 0                          [stack:20840]
7f1029000000-7f1029270000 rwxp 00000000 00:00 0 
7f1029270000-7f102c3e0000 rw-p 00000000 00:00 0 
7f102c3e0000-7f1030000000 ---p 00000000 00:00 0 
7f1030004000-7f10300fa000 rw-p 00000000 00:00 0 
7f10300fa000-7f10300fb000 ---p 00000000 00:00 0 
7f10300fb000-7f10301fb000 rw-p 00000000 00:00 0                          [stack:20839]
7f10301fb000-7f10301fc000 ---p 00000000 00:00 0 
7f10301fc000-7f10302fc000 rw-p 00000000 00:00 0                          [stack:20838]
7f10302fc000-7f10302fd000 ---p 00000000 00:00 0 
7f10302fd000-7f10303fd000 rw-p 00000000 00:00 0                          [stack:20837]
7f10303fd000-7f10303fe000 ---p 00000000 00:00 0 
7f10303fe000-7f10304fe000 rw-p 00000000 00:00 0                          [stack:20836]
7f10304fe000-7f10304ff000 ---p 00000000 00:00 0 
7f10304ff000-7f103060a000 rw-p 00000000 00:00 0                          [stack:20835]
7f103060a000-7f1030652000 rw-p 00000000 00:00 0 
7f1030652000-7f103067c000 rw-p 00000000 00:00 0 
7f103067c000-7f10308e8000 rw-p 00000000 00:00 0 
7f10308e8000-7f10308f3000 rw-p 00000000 00:00 0 
7f10308f3000-7f103093b000 rw-p 00000000 00:00 0 
7f103093b000-7f1030965000 rw-p 00000000 00:00 0 
7f1030965000-7f1030bd0000 rw-p 00000000 00:00 0 
7f1030bd0000-7f1030cb2000 rw-p 00000000 00:00 0 
7f1030cb2000-7f1030d1b000 rw-p 00000000 00:00 0 
7f1030d1b000-7f1030d1c000 rw-p 00000000 00:00 0 
7f1030d1c000-7f1030d24000 r-xp 00000000 08:09 1067008                    /usr/lib/jvm/java-7-openjdk-amd64/jre/lib/amd64/libzip.so
7f1030d24000-7f1030f23000 ---p 00008000 08:09 1067008                    /usr/lib/jvm/java-7-openjdk-amd64/jre/lib/amd64/libzip.so
7f1030f23000-7f1030f24000 r--p 00007000 08:09 1067008                    /usr/lib/jvm/java-7-openjdk-amd64/jre/lib/amd64/libzip.so
7f1030f24000-7f1030f25000 rw-p 00008000 08:09 1067008                    /usr/lib/jvm/java-7-openjdk-amd64/jre/lib/amd64/libzip.so
7f1030f25000-7f1030f30000 r-xp 00000000 08:09 3019095                    /lib/x86_64-linux-gnu/libnss_files-2.19.so
7f1030f30000-7f103112f000 ---p 0000b000 08:09 3019095                    /lib/x86_64-linux-gnu/libnss_files-2.19.so
7f103112f000-7f1031130000 r--p 0000a000 08:09 3019095                    /lib/x86_64-linux-gnu/libnss_files-2.19.so
7f1031130000-7f1031131000 rw-p 0000b000 08:09 3019095                    /lib/x86_64-linux-gnu/libnss_files-2.19.so
7f1031131000-7f103113c000 r-xp 00000000 08:09 3019105                    /lib/x86_64-linux-gnu/libnss_nis-2.19.so
7f103113c000-7f103133b000 ---p 0000b000 08:09 3019105                    /lib/x86_64-linux-gnu/libnss_nis-2.19.so
7f103133b000-7f103133c000 r--p 0000a000 08:09 3019105                    /lib/x86_64-linux-gnu/libnss_nis-2.19.so
7f103133c000-7f103133d000 rw-p 0000b000 08:09 3019105                    /lib/x86_64-linux-gnu/libnss_nis-2.19.so
7f103133d000-7f1031354000 r-xp 00000000 08:09 3019089                    /lib/x86_64-linux-gnu/libnsl-2.19.so
7f1031354000-7f1031553000 ---p 00017000 08:09 3019089                    /lib/x86_64-linux-gnu/libnsl-2.19.so
7f1031553000-7f1031554000 r--p 00016000 08:09 3019089                    /lib/x86_64-linux-gnu/libnsl-2.19.so
7f1031554000-7f1031555000 rw-p 00017000 08:09 3019089                    /lib/x86_64-linux-gnu/libnsl-2.19.so
7f1031555000-7f1031557000 rw-p 00000000 00:00 0 
7f1031557000-7f1031560000 r-xp 00000000 08:09 3019091                    /lib/x86_64-linux-gnu/libnss_compat-2.19.so
7f1031560000-7f103175f000 ---p 00009000 08:09 3019091                    /lib/x86_64-linux-gnu/libnss_compat-2.19.so
7f103175f000-7f1031760000 r--p 00008000 08:09 3019091                    /lib/x86_64-linux-gnu/libnss_compat-2.19.so
7f1031760000-7f1031761000 rw-p 00009000 08:09 3019091                    /lib/x86_64-linux-gnu/libnss_compat-2.19.so
7f1031761000-7f103178c000 r-xp 00000000 08:09 1067042                    /usr/lib/jvm/java-7-openjdk-amd64/jre/lib/amd64/libjava.so
7f103178c000-7f103198b000 ---p 0002b000 08:09 1067042                    /usr/lib/jvm/java-7-openjdk-amd64/jre/lib/amd64/libjava.so
7f103198b000-7f103198c000 r--p 0002a000 08:09 1067042                    /usr/lib/jvm/java-7-openjdk-amd64/jre/lib/amd64/libjava.so
7f103198c000-7f103198e000 rw-p 0002b000 08:09 1067042                    /usr/lib/jvm/java-7-openjdk-amd64/jre/lib/amd64/libjava.so
7f103198e000-7f103199e000 r-xp 00000000 08:09 1067024                    /usr/lib/jvm/java-7-openjdk-amd64/jre/lib/amd64/libverify.so
7f103199e000-7f1031b9d000 ---p 00010000 08:09 1067024                    /usr/lib/jvm/java-7-openjdk-amd64/jre/lib/amd64/libverify.so
7f1031b9d000-7f1031b9f000 r--p 0000f000 08:09 1067024                    /usr/lib/jvm/java-7-openjdk-amd64/jre/lib/amd64/libverify.so
7f1031b9f000-7f1031ba0000 rw-p 00011000 08:09 1067024                    /usr/lib/jvm/java-7-openjdk-amd64/jre/lib/amd64/libverify.so
7f1031ba0000-7f1031ba7000 r-xp 00000000 08:09 3019148                    /lib/x86_64-linux-gnu/librt-2.19.so
7f1031ba7000-7f1031da6000 ---p 00007000 08:09 3019148                    /lib/x86_64-linux-gnu/librt-2.19.so
7f1031da6000-7f1031da7000 r--p 00006000 08:09 3019148                    /lib/x86_64-linux-gnu/librt-2.19.so
7f1031da7000-7f1031da8000 rw-p 00007000 08:09 3019148                    /lib/x86_64-linux-gnu/librt-2.19.so
7f1031da8000-7f1031dbe000 r-xp 00000000 08:09 3019046                    /lib/x86_64-linux-gnu/libgcc_s.so.1
7f1031dbe000-7f1031fbd000 ---p 00016000 08:09 3019046                    /lib/x86_64-linux-gnu/libgcc_s.so.1
7f1031fbd000-7f1031fbe000 rw-p 00015000 08:09 3019046                    /lib/x86_64-linux-gnu/libgcc_s.so.1
7f1031fbe000-7f10320c3000 r-xp 00000000 08:09 3019070                    /lib/x86_64-linux-gnu/libm-2.19.so
7f10320c3000-7f10322c2000 ---p 00105000 08:09 3019070                    /lib/x86_64-linux-gnu/libm-2.19.so
7f10322c2000-7f10322c3000 r--p 00104000 08:09 3019070                    /lib/x86_64-linux-gnu/libm-2.19.so
7f10322c3000-7f10322c4000 rw-p 00105000 08:09 3019070                    /lib/x86_64-linux-gnu/libm-2.19.so
7f10322c4000-7f10323aa000 r-xp 00000000 08:09 923069                     /usr/lib/x86_64-linux-gnu/libstdc++.so.6.0.19
7f10323aa000-7f10325a9000 ---p 000e6000 08:09 923069                     /usr/lib/x86_64-linux-gnu/libstdc++.so.6.0.19
7f10325a9000-7f10325b1000 r--p 000e5000 08:09 923069                     /usr/lib/x86_64-linux-gnu/libstdc++.so.6.0.19
7f10325b1000-7f10325b3000 rw-p 000ed000 08:09 923069                     /usr/lib/x86_64-linux-gnu/libstdc++.so.6.0.19
7f10325b3000-7f10325c8000 rw-p 00000000 00:00 0 
7f10325c8000-7f10330e1000 r-xp 00000000 08:09 1067012                    /usr/lib/jvm/java-7-openjdk-amd64/jre/lib/amd64/server/libjvm.so
7f10330e1000-7f10332e1000 ---p 00b19000 08:09 1067012                    /usr/lib/jvm/java-7-openjdk-amd64/jre/lib/amd64/server/libjvm.so
7f10332e1000-7f103337b000 r--p 00b19000 08:09 1067012                    /usr/lib/jvm/java-7-openjdk-amd64/jre/lib/amd64/server/libjvm.so
7f103337b000-7f103339e000 rw-p 00bb3000 08:09 1067012                    /usr/lib/jvm/java-7-openjdk-amd64/jre/lib/amd64/server/libjvm.so
7f103339e000-7f10333cc000 rw-p 00000000 00:00 0 
7f10333cc000-7f10333e4000 r-xp 00000000 08:09 3019183                    /lib/x86_64-linux-gnu/libz.so.1.2.8
7f10333e4000-7f10335e3000 ---p 00018000 08:09 3019183                    /lib/x86_64-linux-gnu/libz.so.1.2.8
7f10335e3000-7f10335e4000 r--p 00017000 08:09 3019183                    /lib/x86_64-linux-gnu/libz.so.1.2.8
7f10335e4000-7f10335e5000 rw-p 00018000 08:09 3019183                    /lib/x86_64-linux-gnu/libz.so.1.2.8
7f10335e5000-7f10335fe000 r-xp 00000000 08:09 3019140                    /lib/x86_64-linux-gnu/libpthread-2.19.so
7f10335fe000-7f10337fd000 ---p 00019000 08:09 3019140                    /lib/x86_64-linux-gnu/libpthread-2.19.so
7f10337fd000-7f10337fe000 r--p 00018000 08:09 3019140                    /lib/x86_64-linux-gnu/libpthread-2.19.so
7f10337fe000-7f10337ff000 rw-p 00019000 08:09 3019140                    /lib/x86_64-linux-gnu/libpthread-2.19.so
7f10337ff000-7f1033803000 rw-p 00000000 00:00 0 
7f1033803000-7f1033806000 r-xp 00000000 08:09 3019036                    /lib/x86_64-linux-gnu/libdl-2.19.so
7f1033806000-7f1033a05000 ---p 00003000 08:09 3019036                    /lib/x86_64-linux-gnu/libdl-2.19.so
7f1033a05000-7f1033a06000 r--p 00002000 08:09 3019036                    /lib/x86_64-linux-gnu/libdl-2.19.so
7f1033a06000-7f1033a07000 rw-p 00003000 08:09 3019036                    /lib/x86_64-linux-gnu/libdl-2.19.so
7f1033a07000-7f1033bc2000 r-xp 00000000 08:09 3019019                    /lib/x86_64-linux-gnu/libc-2.19.so
7f1033bc2000-7f1033dc1000 ---p 001bb000 08:09 3019019                    /lib/x86_64-linux-gnu/libc-2.19.so
7f1033dc1000-7f1033dc5000 r--p 001ba000 08:09 3019019                    /lib/x86_64-linux-gnu/libc-2.19.so
7f1033dc5000-7f1033dc7000 rw-p 001be000 08:09 3019019                    /lib/x86_64-linux-gnu/libc-2.19.so
7f1033dc7000-7f1033dcc000 rw-p 00000000 00:00 0 
7f1033dcc000-7f1033dd9000 r-xp 00000000 08:09 1067010                    /usr/lib/jvm/java-7-openjdk-amd64/jre/lib/amd64/jli/libjli.so
7f1033dd9000-7f1033fd8000 ---p 0000d000 08:09 1067010                    /usr/lib/jvm/java-7-openjdk-amd64/jre/lib/amd64/jli/libjli.so
7f1033fd8000-7f1033fd9000 r--p 0000c000 08:09 1067010                    /usr/lib/jvm/java-7-openjdk-amd64/jre/lib/amd64/jli/libjli.so
7f1033fd9000-7f1033fda000 rw-p 0000d000 08:09 1067010                    /usr/lib/jvm/java-7-openjdk-amd64/jre/lib/amd64/jli/libjli.so
7f1033fda000-7f1033ffd000 r-xp 00000000 08:09 3018993                    /lib/x86_64-linux-gnu/ld-2.19.so
7f1033fff000-7f1034000000 rw-p 00000000 00:00 0 
7f1034000000-7f1034007000 r--s 00000000 08:09 1314010                    /usr/lib/x86_64-linux-gnu/gconv/gconv-modules.cache
7f1034007000-7f103400c000 r--s 0004d000 08:09 1049734                    /usr/lib/jvm/java-7-openjdk-amd64/jre/lib/jsse.jar
7f103400c000-7f1034016000 rw-p 00000000 00:00 0 
7f1034016000-7f10340cc000 rw-p 00000000 00:00 0 
7f10340cc000-7f10340cf000 ---p 00000000 00:00 0 
7f10340cf000-7f10341d2000 rw-p 00000000 00:00 0                          [stack:20834]
7f10341d2000-7f10341dc000 r--s 000ae000 08:09 1049719                    /usr/lib/jvm/java-7-openjdk-amd64/jre/lib/resources.jar
7f10341dc000-7f10341de000 r--s 00006000 08:09 1320702                    /usr/share/java/java-atk-wrapper.jar
7f10341de000-7f10341e2000 r--s 0003c000 08:09 1066998                    /usr/lib/jvm/java-7-openjdk-amd64/jre/lib/ext/sunpkcs11.jar
7f10341e2000-7f10341e5000 r--s 0000f000 08:09 1066999                    /usr/lib/jvm/java-7-openjdk-amd64/jre/lib/ext/icedtea-sound.jar
7f10341e5000-7f10341e9000 r--s 00034000 08:09 1066997                    /usr/lib/jvm/java-7-openjdk-amd64/jre/lib/ext/sunjce_provider.jar
7f10341e9000-7f10341ed000 r--s 00085000 08:09 1066994                    /usr/lib/jvm/java-7-openjdk-amd64/jre/lib/ext/localedata.jar
7f10341ed000-7f10341ee000 r--s 00002000 08:09 1066996                    /usr/lib/jvm/java-7-openjdk-amd64/jre/lib/ext/dnsns.jar
7f10341ee000-7f10341f0000 r--s 00012000 08:09 1067000                    /usr/lib/jvm/java-7-openjdk-amd64/jre/lib/ext/zipfs.jar
7f10341f0000-7f10341f8000 rw-s 00000000 08:09 1723575                    /tmp/hsperfdata_qqwy/20828
7f10341f8000-7f10341f9000 rw-p 00000000 00:00 0 
7f10341f9000-7f10341fa000 ---p 00000000 00:00 0 
7f10341fa000-7f10341fc000 rw-p 00000000 00:00 0 
7f10341fc000-7f10341fd000 r--p 00022000 08:09 3018993                    /lib/x86_64-linux-gnu/ld-2.19.so
7f10341fd000-7f10341fe000 rw-p 00023000 08:09 3018993                    /lib/x86_64-linux-gnu/ld-2.19.so
7f10341fe000-7f10341ff000 rw-p 00000000 00:00 0 
7ffe88605000-7ffe88626000 rw-p 00000000 00:00 0                          [stack]
7ffe886a9000-7ffe886ab000 r-xp 00000000 00:00 0                          [vdso]
7ffe886ab000-7ffe886ad000 r--p 00000000 00:00 0                          [vvar]
ffffffffff600000-ffffffffff601000 r-xp 00000000 00:00 0                  [vsyscall]

VM Arguments:
jvm_args: -Dfile.encoding=UTF-8 
java_command: aoop.asteroids.Asteroids
Launcher Type: SUN_STANDARD

Environment Variables:
PATH=/usr/local/sbin:/usr/local/bin:/usr/sbin:/usr/bin:/sbin:/bin:/usr/games:/usr/local/games:/home/qqwy/.rvm/bin
USERNAME=qqwy
SHELL=/bin/bash
DISPLAY=:0

Signal Handlers:
SIGSEGV: [libjvm.so+0x94bab0], sa_mask[0]=0x7ffbfeff, sa_flags=0x10000004
SIGBUS: [libjvm.so+0x94bab0], sa_mask[0]=0x7ffbfeff, sa_flags=0x10000004
SIGFPE: [libjvm.so+0x7c38b0], sa_mask[0]=0x7ffbfeff, sa_flags=0x10000004
SIGPIPE: [libjvm.so+0x7c38b0], sa_mask[0]=0x7ffbfeff, sa_flags=0x10000004
SIGXFSZ: [libjvm.so+0x7c38b0], sa_mask[0]=0x7ffbfeff, sa_flags=0x10000004
SIGILL: [libjvm.so+0x7c38b0], sa_mask[0]=0x7ffbfeff, sa_flags=0x10000004
SIGUSR1: SIG_DFL, sa_mask[0]=0x00000000, sa_flags=0x00000000
SIGUSR2: [libjvm.so+0x7c3750], sa_mask[0]=0x00000004, sa_flags=0x10000004
SIGHUP: [libjvm.so+0x7c3930], sa_mask[0]=0x7ffbfeff, sa_flags=0x10000004
SIGINT: [libjvm.so+0x7c3930], sa_mask[0]=0x7ffbfeff, sa_flags=0x10000004
SIGTERM: [libjvm.so+0x7c3930], sa_mask[0]=0x7ffbfeff, sa_flags=0x10000004
SIGQUIT: [libjvm.so+0x7c3930], sa_mask[0]=0x7ffbfeff, sa_flags=0x10000004
SIGTRAP: SIG_DFL, sa_mask[0]=0x00000000, sa_flags=0x00000000


---------------  S Y S T E M  ---------------

OS:LinuxMint 17.2 (rafaela)
uname:Linux 3.16.0-38-generic #52~14.04.1-Ubuntu SMP Fri May 8 09:43:57 UTC 2015 x86_64
libc:glibc 2.19 NPTL 2.19 
rlimit: STACK 8192k, CORE 0k, NPROC 31298, NOFILE 4096, AS infinity
load average:2,52 0,95 0,66

/proc/meminfo:
MemTotal:        8122532 kB
MemFree:          171768 kB
MemAvailable:     152384 kB
Buffers:            1176 kB
Cached:           525492 kB
SwapCached:            0 kB
Active:          7092760 kB
Inactive:         482084 kB
Active(anon):    7050752 kB
Inactive(anon):   448748 kB
Active(file):      42008 kB
Inactive(file):    33336 kB
Unevictable:          16 kB
Mlocked:              16 kB
SwapTotal:             0 kB
SwapFree:              0 kB
Dirty:                84 kB
Writeback:             0 kB
AnonPages:       7049124 kB
Mapped:           563004 kB
Shmem:            450392 kB
Slab:             125716 kB
SReclaimable:      54820 kB
SUnreclaim:        70896 kB
KernelStack:       15824 kB
PageTables:        90564 kB
NFS_Unstable:          0 kB
Bounce:                0 kB
WritebackTmp:          0 kB
CommitLimit:     4061264 kB
Committed_AS:   19792396 kB
VmallocTotal:   34359738367 kB
VmallocUsed:      130316 kB
VmallocChunk:   34359597052 kB
HardwareCorrupted:     0 kB
AnonHugePages:   2197504 kB
HugePages_Total:       0
HugePages_Free:        0
HugePages_Rsvd:        0
HugePages_Surp:        0
Hugepagesize:       2048 kB
DirectMap4k:      313088 kB
DirectMap2M:     8022016 kB


CPU:total 8 (4 cores per cpu, 2 threads per core) family 6 model 58 stepping 9, cmov, cx8, fxsr, mmx, sse, sse2, sse3, ssse3, sse4.1, sse4.2, popcnt, avx, aes, erms, ht, tsc, tscinvbit, tscinv

/proc/cpuinfo:
processor	: 0
vendor_id	: GenuineIntel
cpu family	: 6
model		: 58
model name	: Intel(R) Core(TM) i7-3630QM CPU @ 2.40GHz
stepping	: 9
microcode	: 0x15
cpu MHz		: 1200.000
cache size	: 6144 KB
physical id	: 0
siblings	: 8
core id		: 0
cpu cores	: 4
apicid		: 0
initial apicid	: 0
fpu		: yes
fpu_exception	: yes
cpuid level	: 13
wp		: yes
flags		: fpu vme de pse tsc msr pae mce cx8 apic sep mtrr pge mca cmov pat pse36 clflush dts acpi mmx fxsr sse sse2 ss ht tm pbe syscall nx rdtscp lm constant_tsc arch_perfmon pebs bts rep_good nopl xtopology nonstop_tsc aperfmperf eagerfpu pni pclmulqdq dtes64 monitor ds_cpl vmx est tm2 ssse3 cx16 xtpr pdcm pcid sse4_1 sse4_2 x2apic popcnt tsc_deadline_timer aes xsave avx f16c rdrand lahf_lm ida arat epb xsaveopt pln pts dtherm tpr_shadow vnmi flexpriority ept vpid fsgsbase smep erms
bogomips	: 4789.56
clflush size	: 64
cache_alignment	: 64
address sizes	: 36 bits physical, 48 bits virtual
power management:

processor	: 1
vendor_id	: GenuineIntel
cpu family	: 6
model		: 58
model name	: Intel(R) Core(TM) i7-3630QM CPU @ 2.40GHz
stepping	: 9
microcode	: 0x15
cpu MHz		: 1207.968
cache size	: 6144 KB
physical id	: 0
siblings	: 8
core id		: 0
cpu cores	: 4
apicid		: 1
initial apicid	: 1
fpu		: yes
fpu_exception	: yes
cpuid level	: 13
wp		: yes
flags		: fpu vme de pse tsc msr pae mce cx8 apic sep mtrr pge mca cmov pat pse36 clflush dts acpi mmx fxsr sse sse2 ss ht tm pbe syscall nx rdtscp lm constant_tsc arch_perfmon pebs bts rep_good nopl xtopology nonstop_tsc aperfmperf eagerfpu pni pclmulqdq dtes64 monitor ds_cpl vmx est tm2 ssse3 cx16 xtpr pdcm pcid sse4_1 sse4_2 x2apic popcnt tsc_deadline_timer aes xsave avx f16c rdrand lahf_lm ida arat epb xsaveopt pln pts dtherm tpr_shadow vnmi flexpriority ept vpid fsgsbase smep erms
bogomips	: 4789.56
clflush size	: 64
cache_alignment	: 64
address sizes	: 36 bits physical, 48 bits virtual
power management:

processor	: 2
vendor_id	: GenuineIntel
cpu family	: 6
model		: 58
model name	: Intel(R) Core(TM) i7-3630QM CPU @ 2.40GHz
stepping	: 9
microcode	: 0x15
cpu MHz		: 1205.812
cache size	: 6144 KB
physical id	: 0
siblings	: 8
core id		: 1
cpu cores	: 4
apicid		: 2
initial apicid	: 2
fpu		: yes
fpu_exception	: yes
cpuid level	: 13
wp		: yes
flags		: fpu vme de pse tsc msr pae mce cx8 apic sep mtrr pge mca cmov pat pse36 clflush dts acpi mmx fxsr sse sse2 ss ht tm pbe syscall nx rdtscp lm constant_tsc arch_perfmon pebs bts rep_good nopl xtopology nonstop_tsc aperfmperf eagerfpu pni pclmulqdq dtes64 monitor ds_cpl vmx est tm2 ssse3 cx16 xtpr pdcm pcid sse4_1 sse4_2 x2apic popcnt tsc_deadline_timer aes xsave avx f16c rdrand lahf_lm ida arat epb xsaveopt pln pts dtherm tpr_shadow vnmi flexpriority ept vpid fsgsbase smep erms
bogomips	: 4789.56
clflush size	: 64
cache_alignment	: 64
address sizes	: 36 bits physical, 48 bits virtual
power management:

processor	: 3
vendor_id	: GenuineIntel
cpu family	: 6
model		: 58
model name	: Intel(R) Core(TM) i7-3630QM CPU @ 2.40GHz
stepping	: 9
microcode	: 0x15
cpu MHz		: 1230.281
cache size	: 6144 KB
physical id	: 0
siblings	: 8
core id		: 1
cpu cores	: 4
apicid		: 3
initial apicid	: 3
fpu		: yes
fpu_exception	: yes
cpuid level	: 13
wp		: yes
flags		: fpu vme de pse tsc msr pae mce cx8 apic sep mtrr pge mca cmov pat pse36 clflush dts acpi mmx fxsr sse sse2 ss ht tm pbe syscall nx rdtscp lm constant_tsc arch_perfmon pebs bts rep_good nopl xtopology nonstop_tsc aperfmperf eagerfpu pni pclmulqdq dtes64 monitor ds_cpl vmx est tm2 ssse3 cx16 xtpr pdcm pcid sse4_1 sse4_2 x2apic popcnt tsc_deadline_timer aes xsave avx f16c rdrand lahf_lm ida arat epb xsaveopt pln pts dtherm tpr_shadow vnmi flexpriority ept vpid fsgsbase smep erms
bogomips	: 4789.56
clflush size	: 64
cache_alignment	: 64
address sizes	: 36 bits physical, 48 bits virtual
power management:

processor	: 4
vendor_id	: GenuineIntel
cpu family	: 6
model		: 58
model name	: Intel(R) Core(TM) i7-3630QM CPU @ 2.40GHz
stepping	: 9
microcode	: 0x15
cpu MHz		: 1211.062
cache size	: 6144 KB
physical id	: 0
siblings	: 8
core id		: 2
cpu cores	: 4
apicid		: 4
initial apicid	: 4
fpu		: yes
fpu_exception	: yes
cpuid level	: 13
wp		: yes
flags		: fpu vme de pse tsc msr pae mce cx8 apic sep mtrr pge mca cmov pat pse36 clflush dts acpi mmx fxsr sse sse2 ss ht tm pbe syscall nx rdtscp lm constant_tsc arch_perfmon pebs bts rep_good nopl xtopology nonstop_tsc aperfmperf eagerfpu pni pclmulqdq dtes64 monitor ds_cpl vmx est tm2 ssse3 cx16 xtpr pdcm pcid sse4_1 sse4_2 x2apic popcnt tsc_deadline_timer aes xsave avx f16c rdrand lahf_lm ida arat epb xsaveopt pln pts dtherm tpr_shadow vnmi flexpriority ept vpid fsgsbase smep erms
bogomips	: 4789.56
clflush size	: 64
cache_alignment	: 64
address sizes	: 36 bits physical, 48 bits virtual
power management:

processor	: 5
vendor_id	: GenuineIntel
cpu family	: 6
model		: 58
model name	: Intel(R) Core(TM) i7-3630QM CPU @ 2.40GHz
stepping	: 9
microcode	: 0x15
cpu MHz		: 1318.500
cache size	: 6144 KB
physical id	: 0
siblings	: 8
core id		: 2
cpu cores	: 4
apicid		: 5
initial apicid	: 5
fpu		: yes
fpu_exception	: yes
cpuid level	: 13
wp		: yes
flags		: fpu vme de pse tsc msr pae mce cx8 apic sep mtrr pge mca cmov pat pse36 clflush dts acpi mmx fxsr sse sse2 ss ht tm pbe syscall nx rdtscp lm constant_tsc arch_perfmon pebs bts rep_good nopl xtopology nonstop_tsc aperfmperf eagerfpu pni pclmulqdq dtes64 monitor ds_cpl vmx est tm2 ssse3 cx16 xtpr pdcm pcid sse4_1 sse4_2 x2apic popcnt tsc_deadline_timer aes xsave avx f16c rdrand lahf_lm ida arat epb xsaveopt pln pts dtherm tpr_shadow vnmi flexpriority ept vpid fsgsbase smep erms
bogomips	: 4789.56
clflush size	: 64
cache_alignment	: 64
address sizes	: 36 bits physical, 48 bits virtual
power management:

processor	: 6
vendor_id	: GenuineIntel
cpu family	: 6
model		: 58
model name	: Intel(R) Core(TM) i7-3630QM CPU @ 2.40GHz
stepping	: 9
microcode	: 0x15
cpu MHz		: 1217.250
cache size	: 6144 KB
physical id	: 0
siblings	: 8
core id		: 3
cpu cores	: 4
apicid		: 6
initial apicid	: 6
fpu		: yes
fpu_exception	: yes
cpuid level	: 13
wp		: yes
flags		: fpu vme de pse tsc msr pae mce cx8 apic sep mtrr pge mca cmov pat pse36 clflush dts acpi mmx fxsr sse sse2 ss ht tm pbe syscall nx rdtscp lm constant_tsc arch_perfmon pebs bts rep_good nopl xtopology nonstop_tsc aperfmperf eagerfpu pni pclmulqdq dtes64 monitor ds_cpl vmx est tm2 ssse3 cx16 xtpr pdcm pcid sse4_1 sse4_2 x2apic popcnt tsc_deadline_timer aes xsave avx f16c rdrand lahf_lm ida arat epb xsaveopt pln pts dtherm tpr_shadow vnmi flexpriority ept vpid fsgsbase smep erms
bogomips	: 4789.56
clflush size	: 64
cache_alignment	: 64
address sizes	: 36 bits physical, 48 bits virtual
power management:

processor	: 7
vendor_id	: GenuineIntel
cpu family	: 6
model		: 58
model name	: Intel(R) Core(TM) i7-3630QM CPU @ 2.40GHz
stepping	: 9
microcode	: 0x15
cpu MHz		: 1209.000
cache size	: 6144 KB
physical id	: 0
siblings	: 8
core id		: 3
cpu cores	: 4
apicid		: 7
initial apicid	: 7
fpu		: yes
fpu_exception	: yes
cpuid level	: 13
wp		: yes
flags		: fpu vme de pse tsc msr pae mce cx8 apic sep mtrr pge mca cmov pat pse36 clflush dts acpi mmx fxsr sse sse2 ss ht tm pbe syscall nx rdtscp lm constant_tsc arch_perfmon pebs bts rep_good nopl xtopology nonstop_tsc aperfmperf eagerfpu pni pclmulqdq dtes64 monitor ds_cpl vmx est tm2 ssse3 cx16 xtpr pdcm pcid sse4_1 sse4_2 x2apic popcnt tsc_deadline_timer aes xsave avx f16c rdrand lahf_lm ida arat epb xsaveopt pln pts dtherm tpr_shadow vnmi flexpriority ept vpid fsgsbase smep erms
bogomips	: 4789.56
clflush size	: 64
cache_alignment	: 64
address sizes	: 36 bits physical, 48 bits virtual
power management:



Memory: 4k page, physical 8122532k(171768k free), swap 0k(0k free)

vm_info: OpenJDK 64-Bit Server VM (24.79-b02) for linux-amd64 JRE (1.7.0_79-b14), built on Jul 24 2015 08:15:54 by "buildd" with gcc 4.8.2

time: Tue Oct 20 13:17:17 2015
elapsed time: 15 seconds

